<?xml version="1.0" encoding="UTF-8"?>
<coverage generated="1729387226665" clover="3.2.0">
  <project timestamp="1729387226665" name="All files">
    <metrics statements="38" coveredstatements="37" conditionals="29" coveredconditionals="25" methods="2" coveredmethods="2" elements="69" coveredelements="64" complexity="0" loc="38" ncloc="38" packages="2" files="4" classes="4"/>
    <package name="controllers">
      <metrics statements="30" coveredstatements="29" conditionals="29" coveredconditionals="25" methods="2" coveredmethods="2"/>
      <file name="eventController.js" path="C:\Users\syeda\Desktop\Volunteer-Backend\src\controllers\eventController.js">
        <metrics statements="16" coveredstatements="15" conditionals="18" coveredconditionals="15" methods="1" coveredmethods="1"/>
        <line num="1" count="1" type="stmt"/>
        <line num="3" count="1" type="stmt"/>
        <line num="4" count="3" type="stmt"/>
        <line num="5" count="3" type="stmt"/>
        <line num="18" count="3" type="stmt"/>
        <line num="21" count="3" type="cond" truecount="10" falsecount="0"/>
        <line num="22" count="1" type="stmt"/>
        <line num="26" count="2" type="stmt"/>
        <line num="42" count="2" type="stmt"/>
        <line num="43" count="1" type="stmt"/>
        <line num="44" count="1" type="stmt"/>
        <line num="46" count="1" type="stmt"/>
        <line num="47" count="1" type="cond" truecount="1" falsecount="1"/>
        <line num="48" count="0" type="stmt"/>
        <line num="50" count="1" type="stmt"/>
        <line num="54" count="1" type="stmt"/>
      </file>
      <file name="userController.js" path="C:\Users\syeda\Desktop\Volunteer-Backend\src\controllers\userController.js">
        <metrics statements="14" coveredstatements="14" conditionals="11" coveredconditionals="10" methods="1" coveredmethods="1"/>
        <line num="43" count="2" type="stmt"/>
        <line num="45" count="2" type="stmt"/>
        <line num="46" count="7" type="stmt"/>
        <line num="47" count="7" type="stmt"/>
        <line num="48" count="7" type="stmt"/>
        <line num="50" count="7" type="cond" truecount="7" falsecount="0"/>
        <line num="51" count="1" type="stmt"/>
        <line num="54" count="6" type="stmt"/>
        <line num="60" count="4" type="cond" truecount="2" falsecount="0"/>
        <line num="61" count="2" type="stmt"/>
        <line num="64" count="2" type="stmt"/>
        <line num="69" count="2" type="stmt"/>
        <line num="70" count="2" type="stmt"/>
        <line num="77" count="2" type="stmt"/>
      </file>
    </package>
    <package name="models">
      <metrics statements="8" coveredstatements="8" conditionals="0" coveredconditionals="0" methods="0" coveredmethods="0"/>
      <file name="eventModel.js" path="C:\Users\syeda\Desktop\Volunteer-Backend\src\models\eventModel.js">
        <metrics statements="4" coveredstatements="4" conditionals="0" coveredconditionals="0" methods="0" coveredmethods="0"/>
        <line num="1" count="1" type="stmt"/>
        <line num="3" count="1" type="stmt"/>
        <line num="18" count="1" type="stmt"/>
        <line num="20" count="1" type="stmt"/>
      </file>
      <file name="userModel.js" path="C:\Users\syeda\Desktop\Volunteer-Backend\src\models\userModel.js">
        <metrics statements="4" coveredstatements="4" conditionals="0" coveredconditionals="0" methods="0" coveredmethods="0"/>
        <line num="1" count="2" type="stmt"/>
        <line num="3" count="2" type="stmt"/>
        <line num="9" count="2" type="stmt"/>
        <line num="11" count="2" type="stmt"/>
      </file>
    </package>
  </project>
</coverage>
