{"C:\\Users\\syeda\\Desktop\\Volunteer-Backend\\server.js": {"path":"C:\\Users\\syeda\\Desktop\\Volunteer-Backend\\server.js","statementMap":{"0":{"start":{"line":2,"column":16},"end":{"line":2,"column":34}},"1":{"start":{"line":3,"column":17},"end":{"line":3,"column":36}},"2":{"start":{"line":4,"column":15},"end":{"line":4,"column":32}},"3":{"start":{"line":5,"column":13},"end":{"line":5,"column":28}},"4":{"start":{"line":6,"column":0},"end":{"line":6,"column":27}},"5":{"start":{"line":7,"column":13},"end":{"line":7,"column":33}},"6":{"start":{"line":9,"column":0},"end":{"line":9,"column":16}},"7":{"start":{"line":12,"column":14},"end":{"line":12,"column":48}},"8":{"start":{"line":13,"column":25},"end":{"line":13,"column":70}},"9":{"start":{"line":15,"column":12},"end":{"line":15,"column":21}},"10":{"start":{"line":16,"column":0},"end":{"line":16,"column":16}},"11":{"start":{"line":17,"column":0},"end":{"line":17,"column":24}},"12":{"start":{"line":20,"column":19},"end":{"line":20,"column":53}},"13":{"start":{"line":21,"column":20},"end":{"line":21,"column":55}},"14":{"start":{"line":22,"column":24},"end":{"line":22,"column":63}},"15":{"start":{"line":23,"column":21},"end":{"line":23,"column":57}},"16":{"start":{"line":24,"column":21},"end":{"line":24,"column":56}},"17":{"start":{"line":25,"column":23},"end":{"line":25,"column":61}},"18":{"start":{"line":26,"column":27},"end":{"line":26,"column":69}},"19":{"start":{"line":27,"column":21},"end":{"line":27,"column":57}},"20":{"start":{"line":30,"column":0},"end":{"line":30,"column":33}},"21":{"start":{"line":31,"column":0},"end":{"line":31,"column":36}},"22":{"start":{"line":32,"column":0},"end":{"line":32,"column":44}},"23":{"start":{"line":33,"column":0},"end":{"line":33,"column":37}},"24":{"start":{"line":34,"column":0},"end":{"line":34,"column":37}},"25":{"start":{"line":35,"column":0},"end":{"line":35,"column":41}},"26":{"start":{"line":36,"column":0},"end":{"line":36,"column":50}},"27":{"start":{"line":37,"column":0},"end":{"line":37,"column":38}},"28":{"start":{"line":41,"column":0},"end":{"line":43,"column":34}},"29":{"start":{"line":42,"column":14},"end":{"line":42,"column":46}},"30":{"start":{"line":43,"column":16},"end":{"line":43,"column":32}},"31":{"start":{"line":47,"column":0},"end":{"line":68,"column":3}},"32":{"start":{"line":48,"column":2},"end":{"line":67,"column":3}},"33":{"start":{"line":49,"column":18},"end":{"line":49,"column":28}},"34":{"start":{"line":52,"column":23},"end":{"line":52,"column":65}},"35":{"start":{"line":54,"column":4},"end":{"line":63,"column":5}},"36":{"start":{"line":56,"column":6},"end":{"line":62,"column":8}},"37":{"start":{"line":64,"column":4},"end":{"line":64,"column":64}},"38":{"start":{"line":66,"column":4},"end":{"line":66,"column":64}},"39":{"start":{"line":73,"column":13},"end":{"line":73,"column":37}},"40":{"start":{"line":77,"column":0},"end":{"line":77,"column":21}}},"fnMap":{"0":{"name":"(anonymous_0)","decl":{"start":{"line":42,"column":8},"end":{"line":42,"column":9}},"loc":{"start":{"line":42,"column":14},"end":{"line":42,"column":46}},"line":42},"1":{"name":"(anonymous_1)","decl":{"start":{"line":43,"column":9},"end":{"line":43,"column":10}},"loc":{"start":{"line":43,"column":16},"end":{"line":43,"column":32}},"line":43},"2":{"name":"(anonymous_2)","decl":{"start":{"line":47,"column":27},"end":{"line":47,"column":28}},"loc":{"start":{"line":47,"column":39},"end":{"line":68,"column":1}},"line":47}},"branchMap":{"0":{"loc":{"start":{"line":73,"column":13},"end":{"line":73,"column":37}},"type":"binary-expr","locations":[{"start":{"line":73,"column":13},"end":{"line":73,"column":29}},{"start":{"line":73,"column":33},"end":{"line":73,"column":37}}],"line":73}},"s":{"0":2,"1":2,"2":2,"3":2,"4":2,"5":2,"6":2,"7":2,"8":2,"9":2,"10":2,"11":2,"12":2,"13":2,"14":2,"15":2,"16":2,"17":2,"18":2,"19":2,"20":2,"21":2,"22":2,"23":2,"24":2,"25":2,"26":2,"27":2,"28":2,"29":1,"30":0,"31":2,"32":0,"33":0,"34":0,"35":0,"36":0,"37":0,"38":0,"39":2,"40":2},"f":{"0":1,"1":0,"2":0},"b":{"0":[2,0]},"_coverageSchema":"1a1c01bbd47fc00a2c39e90264f33305004495a9","hash":"943b44386d3242f6d4aeae8ed80abcded766bbed"}
,"C:\\Users\\syeda\\Desktop\\Volunteer-Backend\\src\\controllers\\authController.js": {"path":"C:\\Users\\syeda\\Desktop\\Volunteer-Backend\\src\\controllers\\authController.js","statementMap":{"0":{"start":{"line":2,"column":15},"end":{"line":2,"column":34}},"1":{"start":{"line":3,"column":12},"end":{"line":3,"column":35}},"2":{"start":{"line":4,"column":13},"end":{"line":4,"column":43}},"3":{"start":{"line":5,"column":25},"end":{"line":5,"column":67}},"4":{"start":{"line":6,"column":17},"end":{"line":6,"column":36}},"5":{"start":{"line":9,"column":32},"end":{"line":9,"column":45}},"6":{"start":{"line":12,"column":17},"end":{"line":64,"column":1}},"7":{"start":{"line":13,"column":36},"end":{"line":13,"column":44}},"8":{"start":{"line":14,"column":2},"end":{"line":63,"column":3}},"9":{"start":{"line":16,"column":25},"end":{"line":16,"column":54}},"10":{"start":{"line":17,"column":4},"end":{"line":17,"column":83}},"11":{"start":{"line":17,"column":22},"end":{"line":17,"column":83}},"12":{"start":{"line":20,"column":4},"end":{"line":24,"column":5}},"13":{"start":{"line":22,"column":31},"end":{"line":22,"column":111}},"14":{"start":{"line":23,"column":6},"end":{"line":23,"column":115}},"15":{"start":{"line":23,"column":29},"end":{"line":23,"column":115}},"16":{"start":{"line":27,"column":27},"end":{"line":27,"column":58}},"17":{"start":{"line":30,"column":17},"end":{"line":30,"column":68}},"18":{"start":{"line":31,"column":4},"end":{"line":31,"column":22}},"19":{"start":{"line":34,"column":4},"end":{"line":53,"column":5}},"20":{"start":{"line":35,"column":31},"end":{"line":51,"column":8}},"21":{"start":{"line":52,"column":6},"end":{"line":52,"column":36}},"22":{"start":{"line":56,"column":18},"end":{"line":56,"column":110}},"23":{"start":{"line":60,"column":4},"end":{"line":60,"column":42}},"24":{"start":{"line":62,"column":4},"end":{"line":62,"column":52}},"25":{"start":{"line":67,"column":14},"end":{"line":91,"column":1}},"26":{"start":{"line":68,"column":30},"end":{"line":68,"column":38}},"27":{"start":{"line":69,"column":2},"end":{"line":90,"column":3}},"28":{"start":{"line":71,"column":17},"end":{"line":71,"column":46}},"29":{"start":{"line":72,"column":4},"end":{"line":74,"column":5}},"30":{"start":{"line":73,"column":6},"end":{"line":73,"column":71}},"31":{"start":{"line":77,"column":20},"end":{"line":77,"column":65}},"32":{"start":{"line":78,"column":4},"end":{"line":80,"column":5}},"33":{"start":{"line":79,"column":6},"end":{"line":79,"column":65}},"34":{"start":{"line":83,"column":18},"end":{"line":83,"column":110}},"35":{"start":{"line":87,"column":4},"end":{"line":87,"column":41}},"36":{"start":{"line":89,"column":4},"end":{"line":89,"column":50}},"37":{"start":{"line":93,"column":16},"end":{"line":109,"column":1}},"38":{"start":{"line":94,"column":2},"end":{"line":108,"column":3}},"39":{"start":{"line":96,"column":4},"end":{"line":98,"column":5}},"40":{"start":{"line":97,"column":6},"end":{"line":97,"column":80}},"41":{"start":{"line":100,"column":17},"end":{"line":100,"column":53}},"42":{"start":{"line":101,"column":4},"end":{"line":103,"column":5}},"43":{"start":{"line":102,"column":6},"end":{"line":102,"column":61}},"44":{"start":{"line":104,"column":4},"end":{"line":104,"column":46}},"45":{"start":{"line":106,"column":4},"end":{"line":106,"column":49}},"46":{"start":{"line":107,"column":4},"end":{"line":107,"column":50}},"47":{"start":{"line":111,"column":0},"end":{"line":111,"column":46}}},"fnMap":{"0":{"name":"(anonymous_0)","decl":{"start":{"line":12,"column":17},"end":{"line":12,"column":18}},"loc":{"start":{"line":12,"column":37},"end":{"line":64,"column":1}},"line":12},"1":{"name":"(anonymous_1)","decl":{"start":{"line":67,"column":14},"end":{"line":67,"column":15}},"loc":{"start":{"line":67,"column":34},"end":{"line":91,"column":1}},"line":67},"2":{"name":"(anonymous_2)","decl":{"start":{"line":93,"column":16},"end":{"line":93,"column":17}},"loc":{"start":{"line":93,"column":36},"end":{"line":109,"column":1}},"line":93}},"branchMap":{"0":{"loc":{"start":{"line":17,"column":4},"end":{"line":17,"column":83}},"type":"if","locations":[{"start":{"line":17,"column":4},"end":{"line":17,"column":83}},{"start":{},"end":{}}],"line":17},"1":{"loc":{"start":{"line":20,"column":4},"end":{"line":24,"column":5}},"type":"if","locations":[{"start":{"line":20,"column":4},"end":{"line":24,"column":5}},{"start":{},"end":{}}],"line":20},"2":{"loc":{"start":{"line":23,"column":6},"end":{"line":23,"column":115}},"type":"if","locations":[{"start":{"line":23,"column":6},"end":{"line":23,"column":115}},{"start":{},"end":{}}],"line":23},"3":{"loc":{"start":{"line":34,"column":4},"end":{"line":53,"column":5}},"type":"if","locations":[{"start":{"line":34,"column":4},"end":{"line":53,"column":5}},{"start":{},"end":{}}],"line":34},"4":{"loc":{"start":{"line":72,"column":4},"end":{"line":74,"column":5}},"type":"if","locations":[{"start":{"line":72,"column":4},"end":{"line":74,"column":5}},{"start":{},"end":{}}],"line":72},"5":{"loc":{"start":{"line":78,"column":4},"end":{"line":80,"column":5}},"type":"if","locations":[{"start":{"line":78,"column":4},"end":{"line":80,"column":5}},{"start":{},"end":{}}],"line":78},"6":{"loc":{"start":{"line":96,"column":4},"end":{"line":98,"column":5}},"type":"if","locations":[{"start":{"line":96,"column":4},"end":{"line":98,"column":5}},{"start":{},"end":{}}],"line":96},"7":{"loc":{"start":{"line":96,"column":8},"end":{"line":96,"column":37}},"type":"binary-expr","locations":[{"start":{"line":96,"column":8},"end":{"line":96,"column":17}},{"start":{"line":96,"column":21},"end":{"line":96,"column":37}}],"line":96},"8":{"loc":{"start":{"line":101,"column":4},"end":{"line":103,"column":5}},"type":"if","locations":[{"start":{"line":101,"column":4},"end":{"line":103,"column":5}},{"start":{},"end":{}}],"line":101}},"s":{"0":3,"1":3,"2":3,"3":3,"4":3,"5":3,"6":3,"7":5,"8":5,"9":5,"10":2,"11":1,"12":1,"13":0,"14":0,"15":0,"16":1,"17":1,"18":1,"19":1,"20":1,"21":1,"22":1,"23":1,"24":3,"25":3,"26":4,"27":4,"28":4,"29":3,"30":1,"31":2,"32":2,"33":0,"34":2,"35":2,"36":1,"37":3,"38":4,"39":4,"40":0,"41":4,"42":2,"43":1,"44":1,"45":2,"46":2,"47":3},"f":{"0":5,"1":4,"2":4},"b":{"0":[1,1],"1":[0,1],"2":[0,0],"3":[1,0],"4":[1,2],"5":[0,2],"6":[0,4],"7":[4,4],"8":[1,1]},"_coverageSchema":"1a1c01bbd47fc00a2c39e90264f33305004495a9","hash":"33f46daf6b6c2ce35b6da7a68c692c173119363f"}
,"C:\\Users\\syeda\\Desktop\\Volunteer-Backend\\src\\controllers\\eventController.js": {"path":"C:\\Users\\syeda\\Desktop\\Volunteer-Backend\\src\\controllers\\eventController.js","statementMap":{"0":{"start":{"line":8,"column":14},"end":{"line":8,"column":45}},"1":{"start":{"line":9,"column":25},"end":{"line":9,"column":67}},"2":{"start":{"line":10,"column":21},"end":{"line":10,"column":59}},"3":{"start":{"line":11,"column":17},"end":{"line":11,"column":36}},"4":{"start":{"line":12,"column":17},"end":{"line":12,"column":40}},"5":{"start":{"line":14,"column":20},"end":{"line":70,"column":1}},"6":{"start":{"line":15,"column":2},"end":{"line":69,"column":3}},"7":{"start":{"line":16,"column":4},"end":{"line":16,"column":43}},"8":{"start":{"line":17,"column":140},"end":{"line":17,"column":148}},"9":{"start":{"line":20,"column":4},"end":{"line":23,"column":5}},"10":{"start":{"line":21,"column":6},"end":{"line":21,"column":45}},"11":{"start":{"line":22,"column":6},"end":{"line":22,"column":78}},"12":{"start":{"line":26,"column":4},"end":{"line":29,"column":5}},"13":{"start":{"line":27,"column":6},"end":{"line":27,"column":48}},"14":{"start":{"line":28,"column":6},"end":{"line":28,"column":66}},"15":{"start":{"line":31,"column":18},"end":{"line":47,"column":6}},"16":{"start":{"line":49,"column":4},"end":{"line":49,"column":23}},"17":{"start":{"line":50,"column":4},"end":{"line":50,"column":44}},"18":{"start":{"line":54,"column":25},"end":{"line":59,"column":6}},"19":{"start":{"line":60,"column":4},"end":{"line":60,"column":30}},"20":{"start":{"line":65,"column":4},"end":{"line":65,"column":91}},"21":{"start":{"line":67,"column":4},"end":{"line":67,"column":56}},"22":{"start":{"line":68,"column":4},"end":{"line":68,"column":67}},"23":{"start":{"line":72,"column":20},"end":{"line":109,"column":1}},"24":{"start":{"line":73,"column":18},"end":{"line":73,"column":31}},"25":{"start":{"line":74,"column":138},"end":{"line":74,"column":146}},"26":{"start":{"line":76,"column":2},"end":{"line":108,"column":3}},"27":{"start":{"line":78,"column":25},"end":{"line":98,"column":5}},"28":{"start":{"line":100,"column":4},"end":{"line":102,"column":5}},"29":{"start":{"line":101,"column":6},"end":{"line":101,"column":62}},"30":{"start":{"line":104,"column":4},"end":{"line":104,"column":85}},"31":{"start":{"line":106,"column":4},"end":{"line":106,"column":50}},"32":{"start":{"line":107,"column":4},"end":{"line":107,"column":60}},"33":{"start":{"line":111,"column":17},"end":{"line":126,"column":1}},"34":{"start":{"line":112,"column":18},"end":{"line":112,"column":31}},"35":{"start":{"line":114,"column":2},"end":{"line":125,"column":3}},"36":{"start":{"line":115,"column":18},"end":{"line":115,"column":47}},"37":{"start":{"line":117,"column":4},"end":{"line":119,"column":5}},"38":{"start":{"line":118,"column":6},"end":{"line":118,"column":62}},"39":{"start":{"line":121,"column":4},"end":{"line":121,"column":32}},"40":{"start":{"line":123,"column":4},"end":{"line":123,"column":50}},"41":{"start":{"line":124,"column":4},"end":{"line":124,"column":59}},"42":{"start":{"line":128,"column":41},"end":{"line":165,"column":1}},"43":{"start":{"line":129,"column":2},"end":{"line":131,"column":3}},"44":{"start":{"line":130,"column":4},"end":{"line":130,"column":17}},"45":{"start":{"line":133,"column":20},"end":{"line":133,"column":68}},"46":{"start":{"line":134,"column":25},"end":{"line":134,"column":40}},"47":{"start":{"line":135,"column":23},"end":{"line":135,"column":36}},"48":{"start":{"line":138,"column":20},"end":{"line":144,"column":4}},"49":{"start":{"line":139,"column":28},"end":{"line":139,"column":82}},"50":{"start":{"line":140,"column":4},"end":{"line":143,"column":6}},"51":{"start":{"line":145,"column":2},"end":{"line":145,"column":30}},"52":{"start":{"line":145,"column":17},"end":{"line":145,"column":30}},"53":{"start":{"line":148,"column":30},"end":{"line":154,"column":4}},"54":{"start":{"line":149,"column":29},"end":{"line":149,"column":84}},"55":{"start":{"line":150,"column":4},"end":{"line":153,"column":6}},"56":{"start":{"line":155,"column":2},"end":{"line":155,"column":39}},"57":{"start":{"line":155,"column":27},"end":{"line":155,"column":39}},"58":{"start":{"line":158,"column":25},"end":{"line":158,"column":90}},"59":{"start":{"line":159,"column":30},"end":{"line":159,"column":76}},"60":{"start":{"line":160,"column":2},"end":{"line":162,"column":3}},"61":{"start":{"line":161,"column":4},"end":{"line":161,"column":98}},"62":{"start":{"line":164,"column":2},"end":{"line":164,"column":15}},"63":{"start":{"line":167,"column":31},"end":{"line":247,"column":1}},"64":{"start":{"line":168,"column":22},"end":{"line":168,"column":32}},"65":{"start":{"line":170,"column":2},"end":{"line":173,"column":3}},"66":{"start":{"line":171,"column":4},"end":{"line":171,"column":48}},"67":{"start":{"line":172,"column":4},"end":{"line":172,"column":61}},"68":{"start":{"line":175,"column":2},"end":{"line":246,"column":3}},"69":{"start":{"line":176,"column":18},"end":{"line":176,"column":47}},"70":{"start":{"line":177,"column":4},"end":{"line":180,"column":5}},"71":{"start":{"line":178,"column":6},"end":{"line":178,"column":56}},"72":{"start":{"line":179,"column":6},"end":{"line":179,"column":62}},"73":{"start":{"line":182,"column":4},"end":{"line":184,"column":5}},"74":{"start":{"line":183,"column":6},"end":{"line":183,"column":35}},"75":{"start":{"line":186,"column":23},"end":{"line":186,"column":52}},"76":{"start":{"line":189,"column":4},"end":{"line":201,"column":7}},"77":{"start":{"line":190,"column":24},"end":{"line":190,"column":73}},"78":{"start":{"line":190,"column":47},"end":{"line":190,"column":72}},"79":{"start":{"line":191,"column":6},"end":{"line":191,"column":35}},"80":{"start":{"line":191,"column":22},"end":{"line":191,"column":35}},"81":{"start":{"line":193,"column":28},"end":{"line":193,"column":79}},"82":{"start":{"line":194,"column":32},"end":{"line":196,"column":7}},"83":{"start":{"line":195,"column":8},"end":{"line":195,"column":40}},"84":{"start":{"line":197,"column":30},"end":{"line":197,"column":80}},"85":{"start":{"line":199,"column":6},"end":{"line":199,"column":164}},"86":{"start":{"line":200,"column":6},"end":{"line":200,"column":67}},"87":{"start":{"line":204,"column":31},"end":{"line":227,"column":6}},"88":{"start":{"line":205,"column":6},"end":{"line":226,"column":7}},"89":{"start":{"line":206,"column":36},"end":{"line":208,"column":9}},"90":{"start":{"line":207,"column":10},"end":{"line":207,"column":34}},"91":{"start":{"line":209,"column":30},"end":{"line":209,"column":81}},"92":{"start":{"line":210,"column":34},"end":{"line":212,"column":9}},"93":{"start":{"line":211,"column":10},"end":{"line":211,"column":42}},"94":{"start":{"line":213,"column":32},"end":{"line":213,"column":82}},"95":{"start":{"line":215,"column":8},"end":{"line":215,"column":189}},"96":{"start":{"line":216,"column":8},"end":{"line":222,"column":10}},"97":{"start":{"line":224,"column":8},"end":{"line":224,"column":77}},"98":{"start":{"line":225,"column":8},"end":{"line":225,"column":21}},"99":{"start":{"line":229,"column":4},"end":{"line":229,"column":31}},"100":{"start":{"line":232,"column":4},"end":{"line":234,"column":5}},"101":{"start":{"line":233,"column":6},"end":{"line":233,"column":50}},"102":{"start":{"line":236,"column":4},"end":{"line":236,"column":72}},"103":{"start":{"line":237,"column":4},"end":{"line":237,"column":23}},"104":{"start":{"line":239,"column":4},"end":{"line":242,"column":7}},"105":{"start":{"line":244,"column":4},"end":{"line":244,"column":55}},"106":{"start":{"line":245,"column":4},"end":{"line":245,"column":77}},"107":{"start":{"line":250,"column":27},"end":{"line":288,"column":1}},"108":{"start":{"line":251,"column":22},"end":{"line":251,"column":32}},"109":{"start":{"line":252,"column":22},"end":{"line":252,"column":37}},"110":{"start":{"line":254,"column":2},"end":{"line":287,"column":3}},"111":{"start":{"line":255,"column":18},"end":{"line":255,"column":47}},"112":{"start":{"line":256,"column":4},"end":{"line":258,"column":5}},"113":{"start":{"line":257,"column":6},"end":{"line":257,"column":62}},"114":{"start":{"line":261,"column":22},"end":{"line":261,"column":82}},"115":{"start":{"line":261,"column":59},"end":{"line":261,"column":81}},"116":{"start":{"line":262,"column":4},"end":{"line":264,"column":5}},"117":{"start":{"line":263,"column":6},"end":{"line":263,"column":83}},"118":{"start":{"line":267,"column":4},"end":{"line":267,"column":49}},"119":{"start":{"line":268,"column":4},"end":{"line":270,"column":6}},"120":{"start":{"line":269,"column":14},"end":{"line":269,"column":37}},"121":{"start":{"line":273,"column":22},"end":{"line":273,"column":77}},"122":{"start":{"line":274,"column":4},"end":{"line":276,"column":5}},"123":{"start":{"line":275,"column":6},"end":{"line":275,"column":66}},"124":{"start":{"line":278,"column":4},"end":{"line":278,"column":44}},"125":{"start":{"line":280,"column":4},"end":{"line":280,"column":23}},"126":{"start":{"line":281,"column":4},"end":{"line":281,"column":27}},"127":{"start":{"line":283,"column":4},"end":{"line":283,"column":85}},"128":{"start":{"line":285,"column":4},"end":{"line":285,"column":59}},"129":{"start":{"line":286,"column":4},"end":{"line":286,"column":50}},"130":{"start":{"line":290,"column":26},"end":{"line":333,"column":1}},"131":{"start":{"line":291,"column":24},"end":{"line":291,"column":34}},"132":{"start":{"line":292,"column":28},"end":{"line":292,"column":36}},"133":{"start":{"line":294,"column":4},"end":{"line":294,"column":64}},"134":{"start":{"line":296,"column":4},"end":{"line":298,"column":5}},"135":{"start":{"line":297,"column":8},"end":{"line":297,"column":74}},"136":{"start":{"line":300,"column":4},"end":{"line":332,"column":5}},"137":{"start":{"line":301,"column":22},"end":{"line":301,"column":51}},"138":{"start":{"line":302,"column":8},"end":{"line":304,"column":9}},"139":{"start":{"line":303,"column":12},"end":{"line":303,"column":68}},"140":{"start":{"line":307,"column":8},"end":{"line":307,"column":102}},"141":{"start":{"line":307,"column":71},"end":{"line":307,"column":100}},"142":{"start":{"line":310,"column":8},"end":{"line":312,"column":9}},"143":{"start":{"line":311,"column":12},"end":{"line":311,"column":57}},"144":{"start":{"line":314,"column":8},"end":{"line":314,"column":27}},"145":{"start":{"line":317,"column":26},"end":{"line":317,"column":70}},"146":{"start":{"line":318,"column":8},"end":{"line":320,"column":9}},"147":{"start":{"line":319,"column":12},"end":{"line":319,"column":72}},"148":{"start":{"line":323,"column":8},"end":{"line":326,"column":9}},"149":{"start":{"line":324,"column":12},"end":{"line":324,"column":52}},"150":{"start":{"line":325,"column":12},"end":{"line":325,"column":35}},"151":{"start":{"line":328,"column":8},"end":{"line":328,"column":90}},"152":{"start":{"line":330,"column":8},"end":{"line":330,"column":62}},"153":{"start":{"line":331,"column":8},"end":{"line":331,"column":73}},"154":{"start":{"line":335,"column":28},"end":{"line":367,"column":1}},"155":{"start":{"line":336,"column":35},"end":{"line":336,"column":43}},"156":{"start":{"line":338,"column":2},"end":{"line":366,"column":3}},"157":{"start":{"line":339,"column":20},"end":{"line":339,"column":49}},"158":{"start":{"line":340,"column":6},"end":{"line":342,"column":7}},"159":{"start":{"line":341,"column":10},"end":{"line":341,"column":66}},"160":{"start":{"line":345,"column":6},"end":{"line":345,"column":106}},"161":{"start":{"line":345,"column":75},"end":{"line":345,"column":104}},"162":{"start":{"line":348,"column":6},"end":{"line":350,"column":7}},"163":{"start":{"line":349,"column":10},"end":{"line":349,"column":52}},"164":{"start":{"line":352,"column":6},"end":{"line":352,"column":25}},"165":{"start":{"line":355,"column":24},"end":{"line":355,"column":68}},"166":{"start":{"line":356,"column":6},"end":{"line":358,"column":7}},"167":{"start":{"line":357,"column":10},"end":{"line":357,"column":70}},"168":{"start":{"line":359,"column":6},"end":{"line":359,"column":100}},"169":{"start":{"line":359,"column":73},"end":{"line":359,"column":98}},"170":{"start":{"line":360,"column":6},"end":{"line":360,"column":29}},"171":{"start":{"line":362,"column":6},"end":{"line":362,"column":81}},"172":{"start":{"line":364,"column":6},"end":{"line":364,"column":61}},"173":{"start":{"line":365,"column":6},"end":{"line":365,"column":73}},"174":{"start":{"line":369,"column":27},"end":{"line":401,"column":1}},"175":{"start":{"line":370,"column":35},"end":{"line":370,"column":43}},"176":{"start":{"line":372,"column":2},"end":{"line":400,"column":3}},"177":{"start":{"line":374,"column":18},"end":{"line":374,"column":47}},"178":{"start":{"line":375,"column":4},"end":{"line":377,"column":5}},"179":{"start":{"line":376,"column":6},"end":{"line":376,"column":62}},"180":{"start":{"line":380,"column":22},"end":{"line":380,"column":82}},"181":{"start":{"line":380,"column":59},"end":{"line":380,"column":81}},"182":{"start":{"line":381,"column":4},"end":{"line":383,"column":5}},"183":{"start":{"line":382,"column":6},"end":{"line":382,"column":86}},"184":{"start":{"line":386,"column":4},"end":{"line":388,"column":6}},"185":{"start":{"line":387,"column":14},"end":{"line":387,"column":37}},"186":{"start":{"line":391,"column":4},"end":{"line":391,"column":23}},"187":{"start":{"line":394,"column":4},"end":{"line":394,"column":70}},"188":{"start":{"line":396,"column":4},"end":{"line":396,"column":84}},"189":{"start":{"line":398,"column":4},"end":{"line":398,"column":59}},"190":{"start":{"line":399,"column":4},"end":{"line":399,"column":77}},"191":{"start":{"line":403,"column":18},"end":{"line":414,"column":1}},"192":{"start":{"line":404,"column":2},"end":{"line":413,"column":3}},"193":{"start":{"line":405,"column":19},"end":{"line":405,"column":70}},"194":{"start":{"line":406,"column":29},"end":{"line":409,"column":7}},"195":{"start":{"line":406,"column":52},"end":{"line":409,"column":5}},"196":{"start":{"line":410,"column":4},"end":{"line":410,"column":43}},"197":{"start":{"line":412,"column":4},"end":{"line":412,"column":60}},"198":{"start":{"line":416,"column":26},"end":{"line":429,"column":1}},"199":{"start":{"line":417,"column":2},"end":{"line":428,"column":3}},"200":{"start":{"line":418,"column":18},"end":{"line":418,"column":28}},"201":{"start":{"line":419,"column":19},"end":{"line":419,"column":95}},"202":{"start":{"line":421,"column":29},"end":{"line":424,"column":7}},"203":{"start":{"line":421,"column":52},"end":{"line":424,"column":5}},"204":{"start":{"line":425,"column":4},"end":{"line":425,"column":43}},"205":{"start":{"line":427,"column":4},"end":{"line":427,"column":69}},"206":{"start":{"line":431,"column":22},"end":{"line":444,"column":1}},"207":{"start":{"line":432,"column":2},"end":{"line":443,"column":3}},"208":{"start":{"line":433,"column":18},"end":{"line":433,"column":28}},"209":{"start":{"line":434,"column":19},"end":{"line":434,"column":94}},"210":{"start":{"line":436,"column":29},"end":{"line":439,"column":7}},"211":{"start":{"line":436,"column":52},"end":{"line":439,"column":5}},"212":{"start":{"line":440,"column":4},"end":{"line":440,"column":43}},"213":{"start":{"line":442,"column":4},"end":{"line":442,"column":65}},"214":{"start":{"line":447,"column":27},"end":{"line":471,"column":1}},"215":{"start":{"line":448,"column":4},"end":{"line":470,"column":5}},"216":{"start":{"line":449,"column":28},"end":{"line":449,"column":43}},"217":{"start":{"line":452,"column":26},"end":{"line":452,"column":109}},"218":{"start":{"line":455,"column":8},"end":{"line":457,"column":9}},"219":{"start":{"line":456,"column":12},"end":{"line":456,"column":72}},"220":{"start":{"line":460,"column":26},"end":{"line":460,"column":44}},"221":{"start":{"line":463,"column":32},"end":{"line":463,"column":146}},"222":{"start":{"line":463,"column":58},"end":{"line":463,"column":145}},"223":{"start":{"line":463,"column":108},"end":{"line":463,"column":144}},"224":{"start":{"line":466,"column":8},"end":{"line":466,"column":46}},"225":{"start":{"line":468,"column":8},"end":{"line":468,"column":65}},"226":{"start":{"line":469,"column":8},"end":{"line":469,"column":74}},"227":{"start":{"line":474,"column":27},"end":{"line":482,"column":1}},"228":{"start":{"line":475,"column":24},"end":{"line":475,"column":39}},"229":{"start":{"line":476,"column":4},"end":{"line":481,"column":5}},"230":{"start":{"line":477,"column":26},"end":{"line":477,"column":109}},"231":{"start":{"line":478,"column":8},"end":{"line":478,"column":56}},"232":{"start":{"line":480,"column":8},"end":{"line":480,"column":74}},"233":{"start":{"line":484,"column":0},"end":{"line":485,"column":108}}},"fnMap":{"0":{"name":"(anonymous_0)","decl":{"start":{"line":14,"column":20},"end":{"line":14,"column":21}},"loc":{"start":{"line":14,"column":40},"end":{"line":70,"column":1}},"line":14},"1":{"name":"(anonymous_1)","decl":{"start":{"line":72,"column":20},"end":{"line":72,"column":21}},"loc":{"start":{"line":72,"column":40},"end":{"line":109,"column":1}},"line":72},"2":{"name":"(anonymous_2)","decl":{"start":{"line":111,"column":17},"end":{"line":111,"column":18}},"loc":{"start":{"line":111,"column":37},"end":{"line":126,"column":1}},"line":111},"3":{"name":"(anonymous_3)","decl":{"start":{"line":128,"column":41},"end":{"line":128,"column":42}},"loc":{"start":{"line":128,"column":63},"end":{"line":165,"column":1}},"line":128},"4":{"name":"(anonymous_4)","decl":{"start":{"line":138,"column":56},"end":{"line":138,"column":57}},"loc":{"start":{"line":138,"column":73},"end":{"line":144,"column":3}},"line":138},"5":{"name":"(anonymous_5)","decl":{"start":{"line":148,"column":67},"end":{"line":148,"column":68}},"loc":{"start":{"line":148,"column":85},"end":{"line":154,"column":3}},"line":148},"6":{"name":"(anonymous_6)","decl":{"start":{"line":167,"column":31},"end":{"line":167,"column":32}},"loc":{"start":{"line":167,"column":51},"end":{"line":247,"column":1}},"line":167},"7":{"name":"(anonymous_7)","decl":{"start":{"line":189,"column":61},"end":{"line":189,"column":62}},"loc":{"start":{"line":189,"column":78},"end":{"line":201,"column":5}},"line":189},"8":{"name":"(anonymous_8)","decl":{"start":{"line":190,"column":40},"end":{"line":190,"column":41}},"loc":{"start":{"line":190,"column":47},"end":{"line":190,"column":72}},"line":190},"9":{"name":"(anonymous_9)","decl":{"start":{"line":194,"column":58},"end":{"line":194,"column":59}},"loc":{"start":{"line":195,"column":8},"end":{"line":195,"column":40}},"line":195},"10":{"name":"(anonymous_10)","decl":{"start":{"line":204,"column":49},"end":{"line":204,"column":50}},"loc":{"start":{"line":204,"column":64},"end":{"line":227,"column":5}},"line":204},"11":{"name":"(anonymous_11)","decl":{"start":{"line":206,"column":68},"end":{"line":206,"column":69}},"loc":{"start":{"line":207,"column":10},"end":{"line":207,"column":34}},"line":207},"12":{"name":"(anonymous_12)","decl":{"start":{"line":210,"column":60},"end":{"line":210,"column":61}},"loc":{"start":{"line":211,"column":10},"end":{"line":211,"column":42}},"line":211},"13":{"name":"(anonymous_13)","decl":{"start":{"line":250,"column":27},"end":{"line":250,"column":28}},"loc":{"start":{"line":250,"column":47},"end":{"line":288,"column":1}},"line":250},"14":{"name":"(anonymous_14)","decl":{"start":{"line":261,"column":51},"end":{"line":261,"column":52}},"loc":{"start":{"line":261,"column":59},"end":{"line":261,"column":81}},"line":261},"15":{"name":"(anonymous_15)","decl":{"start":{"line":269,"column":6},"end":{"line":269,"column":7}},"loc":{"start":{"line":269,"column":14},"end":{"line":269,"column":37}},"line":269},"16":{"name":"(anonymous_16)","decl":{"start":{"line":290,"column":26},"end":{"line":290,"column":27}},"loc":{"start":{"line":290,"column":46},"end":{"line":333,"column":1}},"line":290},"17":{"name":"(anonymous_17)","decl":{"start":{"line":307,"column":65},"end":{"line":307,"column":66}},"loc":{"start":{"line":307,"column":71},"end":{"line":307,"column":100}},"line":307},"18":{"name":"(anonymous_18)","decl":{"start":{"line":335,"column":28},"end":{"line":335,"column":29}},"loc":{"start":{"line":335,"column":48},"end":{"line":367,"column":1}},"line":335},"19":{"name":"(anonymous_19)","decl":{"start":{"line":345,"column":69},"end":{"line":345,"column":70}},"loc":{"start":{"line":345,"column":75},"end":{"line":345,"column":104}},"line":345},"20":{"name":"(anonymous_20)","decl":{"start":{"line":359,"column":67},"end":{"line":359,"column":68}},"loc":{"start":{"line":359,"column":73},"end":{"line":359,"column":98}},"line":359},"21":{"name":"(anonymous_21)","decl":{"start":{"line":369,"column":27},"end":{"line":369,"column":28}},"loc":{"start":{"line":369,"column":47},"end":{"line":401,"column":1}},"line":369},"22":{"name":"(anonymous_22)","decl":{"start":{"line":380,"column":51},"end":{"line":380,"column":52}},"loc":{"start":{"line":380,"column":59},"end":{"line":380,"column":81}},"line":380},"23":{"name":"(anonymous_23)","decl":{"start":{"line":387,"column":6},"end":{"line":387,"column":7}},"loc":{"start":{"line":387,"column":14},"end":{"line":387,"column":37}},"line":387},"24":{"name":"(anonymous_24)","decl":{"start":{"line":403,"column":18},"end":{"line":403,"column":19}},"loc":{"start":{"line":403,"column":38},"end":{"line":414,"column":1}},"line":403},"25":{"name":"(anonymous_25)","decl":{"start":{"line":406,"column":40},"end":{"line":406,"column":41}},"loc":{"start":{"line":406,"column":52},"end":{"line":409,"column":5}},"line":406},"26":{"name":"(anonymous_26)","decl":{"start":{"line":416,"column":26},"end":{"line":416,"column":27}},"loc":{"start":{"line":416,"column":46},"end":{"line":429,"column":1}},"line":416},"27":{"name":"(anonymous_27)","decl":{"start":{"line":421,"column":40},"end":{"line":421,"column":41}},"loc":{"start":{"line":421,"column":52},"end":{"line":424,"column":5}},"line":421},"28":{"name":"(anonymous_28)","decl":{"start":{"line":431,"column":22},"end":{"line":431,"column":23}},"loc":{"start":{"line":431,"column":42},"end":{"line":444,"column":1}},"line":431},"29":{"name":"(anonymous_29)","decl":{"start":{"line":436,"column":40},"end":{"line":436,"column":41}},"loc":{"start":{"line":436,"column":52},"end":{"line":439,"column":5}},"line":436},"30":{"name":"(anonymous_30)","decl":{"start":{"line":447,"column":27},"end":{"line":447,"column":28}},"loc":{"start":{"line":447,"column":47},"end":{"line":471,"column":1}},"line":447},"31":{"name":"(anonymous_31)","decl":{"start":{"line":463,"column":49},"end":{"line":463,"column":50}},"loc":{"start":{"line":463,"column":58},"end":{"line":463,"column":145}},"line":463},"32":{"name":"(anonymous_32)","decl":{"start":{"line":463,"column":90},"end":{"line":463,"column":91}},"loc":{"start":{"line":463,"column":108},"end":{"line":463,"column":144}},"line":463},"33":{"name":"(anonymous_33)","decl":{"start":{"line":474,"column":27},"end":{"line":474,"column":28}},"loc":{"start":{"line":474,"column":47},"end":{"line":482,"column":1}},"line":474}},"branchMap":{"0":{"loc":{"start":{"line":20,"column":4},"end":{"line":23,"column":5}},"type":"if","locations":[{"start":{"line":20,"column":4},"end":{"line":23,"column":5}},{"start":{},"end":{}}],"line":20},"1":{"loc":{"start":{"line":20,"column":8},"end":{"line":20,"column":139}},"type":"binary-expr","locations":[{"start":{"line":20,"column":8},"end":{"line":20,"column":13}},{"start":{"line":20,"column":17},"end":{"line":20,"column":29}},{"start":{"line":20,"column":33},"end":{"line":20,"column":42}},{"start":{"line":20,"column":46},"end":{"line":20,"column":51}},{"start":{"line":20,"column":55},"end":{"line":20,"column":61}},{"start":{"line":20,"column":65},"end":{"line":20,"column":73}},{"start":{"line":20,"column":77},"end":{"line":20,"column":92}},{"start":{"line":20,"column":96},"end":{"line":20,"column":104}},{"start":{"line":20,"column":108},"end":{"line":20,"column":113}},{"start":{"line":20,"column":117},"end":{"line":20,"column":127}},{"start":{"line":20,"column":131},"end":{"line":20,"column":139}}],"line":20},"2":{"loc":{"start":{"line":26,"column":4},"end":{"line":29,"column":5}},"type":"if","locations":[{"start":{"line":26,"column":4},"end":{"line":29,"column":5}},{"start":{},"end":{}}],"line":26},"3":{"loc":{"start":{"line":100,"column":4},"end":{"line":102,"column":5}},"type":"if","locations":[{"start":{"line":100,"column":4},"end":{"line":102,"column":5}},{"start":{},"end":{}}],"line":100},"4":{"loc":{"start":{"line":117,"column":4},"end":{"line":119,"column":5}},"type":"if","locations":[{"start":{"line":117,"column":4},"end":{"line":119,"column":5}},{"start":{},"end":{}}],"line":117},"5":{"loc":{"start":{"line":129,"column":2},"end":{"line":131,"column":3}},"type":"if","locations":[{"start":{"line":129,"column":2},"end":{"line":131,"column":3}},{"start":{},"end":{}}],"line":129},"6":{"loc":{"start":{"line":129,"column":6},"end":{"line":129,"column":82}},"type":"binary-expr","locations":[{"start":{"line":129,"column":6},"end":{"line":129,"column":29}},{"start":{"line":129,"column":33},"end":{"line":129,"column":44}},{"start":{"line":129,"column":48},"end":{"line":129,"column":64}},{"start":{"line":129,"column":68},"end":{"line":129,"column":82}}],"line":129},"7":{"loc":{"start":{"line":140,"column":11},"end":{"line":143,"column":5}},"type":"binary-expr","locations":[{"start":{"line":140,"column":11},"end":{"line":140,"column":40}},{"start":{"line":141,"column":6},"end":{"line":141,"column":26}},{"start":{"line":142,"column":7},"end":{"line":142,"column":40}},{"start":{"line":142,"column":44},"end":{"line":142,"column":77}}],"line":140},"8":{"loc":{"start":{"line":145,"column":2},"end":{"line":145,"column":30}},"type":"if","locations":[{"start":{"line":145,"column":2},"end":{"line":145,"column":30}},{"start":{},"end":{}}],"line":145},"9":{"loc":{"start":{"line":150,"column":11},"end":{"line":153,"column":5}},"type":"binary-expr","locations":[{"start":{"line":150,"column":11},"end":{"line":150,"column":41}},{"start":{"line":151,"column":6},"end":{"line":151,"column":27}},{"start":{"line":152,"column":7},"end":{"line":152,"column":43}},{"start":{"line":152,"column":47},"end":{"line":152,"column":79}}],"line":150},"10":{"loc":{"start":{"line":155,"column":2},"end":{"line":155,"column":39}},"type":"if","locations":[{"start":{"line":155,"column":2},"end":{"line":155,"column":39}},{"start":{},"end":{}}],"line":155},"11":{"loc":{"start":{"line":160,"column":2},"end":{"line":162,"column":3}},"type":"if","locations":[{"start":{"line":160,"column":2},"end":{"line":162,"column":3}},{"start":{},"end":{}}],"line":160},"12":{"loc":{"start":{"line":160,"column":6},"end":{"line":160,"column":81}},"type":"binary-expr","locations":[{"start":{"line":160,"column":6},"end":{"line":160,"column":25}},{"start":{"line":160,"column":29},"end":{"line":160,"column":54}},{"start":{"line":160,"column":58},"end":{"line":160,"column":81}}],"line":160},"13":{"loc":{"start":{"line":161,"column":11},"end":{"line":161,"column":97}},"type":"binary-expr","locations":[{"start":{"line":161,"column":11},"end":{"line":161,"column":54}},{"start":{"line":161,"column":58},"end":{"line":161,"column":97}}],"line":161},"14":{"loc":{"start":{"line":170,"column":2},"end":{"line":173,"column":3}},"type":"if","locations":[{"start":{"line":170,"column":2},"end":{"line":173,"column":3}},{"start":{},"end":{}}],"line":170},"15":{"loc":{"start":{"line":170,"column":6},"end":{"line":170,"column":59}},"type":"binary-expr","locations":[{"start":{"line":170,"column":6},"end":{"line":170,"column":14}},{"start":{"line":170,"column":18},"end":{"line":170,"column":59}}],"line":170},"16":{"loc":{"start":{"line":177,"column":4},"end":{"line":180,"column":5}},"type":"if","locations":[{"start":{"line":177,"column":4},"end":{"line":180,"column":5}},{"start":{},"end":{}}],"line":177},"17":{"loc":{"start":{"line":182,"column":4},"end":{"line":184,"column":5}},"type":"if","locations":[{"start":{"line":182,"column":4},"end":{"line":184,"column":5}},{"start":{},"end":{}}],"line":182},"18":{"loc":{"start":{"line":191,"column":6},"end":{"line":191,"column":35}},"type":"if","locations":[{"start":{"line":191,"column":6},"end":{"line":191,"column":35}},{"start":{},"end":{}}],"line":191},"19":{"loc":{"start":{"line":200,"column":13},"end":{"line":200,"column":66}},"type":"binary-expr","locations":[{"start":{"line":200,"column":13},"end":{"line":200,"column":26}},{"start":{"line":200,"column":30},"end":{"line":200,"column":47}},{"start":{"line":200,"column":51},"end":{"line":200,"column":66}}],"line":200},"20":{"loc":{"start":{"line":217,"column":10},"end":{"line":221,"column":58}},"type":"binary-expr","locations":[{"start":{"line":217,"column":10},"end":{"line":217,"column":30}},{"start":{"line":218,"column":10},"end":{"line":218,"column":23}},{"start":{"line":219,"column":10},"end":{"line":219,"column":27}},{"start":{"line":220,"column":10},"end":{"line":220,"column":25}},{"start":{"line":221,"column":10},"end":{"line":221,"column":58}}],"line":217},"21":{"loc":{"start":{"line":256,"column":4},"end":{"line":258,"column":5}},"type":"if","locations":[{"start":{"line":256,"column":4},"end":{"line":258,"column":5}},{"start":{},"end":{}}],"line":256},"22":{"loc":{"start":{"line":262,"column":4},"end":{"line":264,"column":5}},"type":"if","locations":[{"start":{"line":262,"column":4},"end":{"line":264,"column":5}},{"start":{},"end":{}}],"line":262},"23":{"loc":{"start":{"line":274,"column":4},"end":{"line":276,"column":5}},"type":"if","locations":[{"start":{"line":274,"column":4},"end":{"line":276,"column":5}},{"start":{},"end":{}}],"line":274},"24":{"loc":{"start":{"line":296,"column":4},"end":{"line":298,"column":5}},"type":"if","locations":[{"start":{"line":296,"column":4},"end":{"line":298,"column":5}},{"start":{},"end":{}}],"line":296},"25":{"loc":{"start":{"line":302,"column":8},"end":{"line":304,"column":9}},"type":"if","locations":[{"start":{"line":302,"column":8},"end":{"line":304,"column":9}},{"start":{},"end":{}}],"line":302},"26":{"loc":{"start":{"line":310,"column":8},"end":{"line":312,"column":9}},"type":"if","locations":[{"start":{"line":310,"column":8},"end":{"line":312,"column":9}},{"start":{},"end":{}}],"line":310},"27":{"loc":{"start":{"line":318,"column":8},"end":{"line":320,"column":9}},"type":"if","locations":[{"start":{"line":318,"column":8},"end":{"line":320,"column":9}},{"start":{},"end":{}}],"line":318},"28":{"loc":{"start":{"line":323,"column":8},"end":{"line":326,"column":9}},"type":"if","locations":[{"start":{"line":323,"column":8},"end":{"line":326,"column":9}},{"start":{},"end":{}}],"line":323},"29":{"loc":{"start":{"line":340,"column":6},"end":{"line":342,"column":7}},"type":"if","locations":[{"start":{"line":340,"column":6},"end":{"line":342,"column":7}},{"start":{},"end":{}}],"line":340},"30":{"loc":{"start":{"line":348,"column":6},"end":{"line":350,"column":7}},"type":"if","locations":[{"start":{"line":348,"column":6},"end":{"line":350,"column":7}},{"start":{},"end":{}}],"line":348},"31":{"loc":{"start":{"line":356,"column":6},"end":{"line":358,"column":7}},"type":"if","locations":[{"start":{"line":356,"column":6},"end":{"line":358,"column":7}},{"start":{},"end":{}}],"line":356},"32":{"loc":{"start":{"line":375,"column":4},"end":{"line":377,"column":5}},"type":"if","locations":[{"start":{"line":375,"column":4},"end":{"line":377,"column":5}},{"start":{},"end":{}}],"line":375},"33":{"loc":{"start":{"line":381,"column":4},"end":{"line":383,"column":5}},"type":"if","locations":[{"start":{"line":381,"column":4},"end":{"line":383,"column":5}},{"start":{},"end":{}}],"line":381},"34":{"loc":{"start":{"line":455,"column":8},"end":{"line":457,"column":9}},"type":"if","locations":[{"start":{"line":455,"column":8},"end":{"line":457,"column":9}},{"start":{},"end":{}}],"line":455}},"s":{"0":3,"1":3,"2":3,"3":3,"4":3,"5":3,"6":1,"7":1,"8":1,"9":1,"10":0,"11":0,"12":1,"13":0,"14":0,"15":1,"16":1,"17":1,"18":1,"19":1,"20":1,"21":0,"22":0,"23":3,"24":1,"25":1,"26":1,"27":1,"28":1,"29":0,"30":1,"31":0,"32":0,"33":3,"34":1,"35":1,"36":1,"37":1,"38":0,"39":1,"40":0,"41":0,"42":3,"43":0,"44":0,"45":0,"46":0,"47":0,"48":0,"49":0,"50":0,"51":0,"52":0,"53":0,"54":0,"55":0,"56":0,"57":0,"58":0,"59":0,"60":0,"61":0,"62":0,"63":3,"64":1,"65":1,"66":1,"67":1,"68":0,"69":0,"70":0,"71":0,"72":0,"73":0,"74":0,"75":0,"76":0,"77":0,"78":0,"79":0,"80":0,"81":0,"82":0,"83":0,"84":0,"85":0,"86":0,"87":0,"88":0,"89":0,"90":0,"91":0,"92":0,"93":0,"94":0,"95":0,"96":0,"97":0,"98":0,"99":0,"100":0,"101":0,"102":0,"103":0,"104":0,"105":0,"106":0,"107":3,"108":0,"109":0,"110":0,"111":0,"112":0,"113":0,"114":0,"115":0,"116":0,"117":0,"118":0,"119":0,"120":0,"121":0,"122":0,"123":0,"124":0,"125":0,"126":0,"127":0,"128":0,"129":0,"130":3,"131":0,"132":0,"133":0,"134":0,"135":0,"136":0,"137":0,"138":0,"139":0,"140":0,"141":0,"142":0,"143":0,"144":0,"145":0,"146":0,"147":0,"148":0,"149":0,"150":0,"151":0,"152":0,"153":0,"154":3,"155":1,"156":1,"157":1,"158":1,"159":0,"160":1,"161":1,"162":1,"163":1,"164":1,"165":1,"166":1,"167":0,"168":1,"169":1,"170":1,"171":1,"172":0,"173":0,"174":3,"175":0,"176":0,"177":0,"178":0,"179":0,"180":0,"181":0,"182":0,"183":0,"184":0,"185":0,"186":0,"187":0,"188":0,"189":0,"190":0,"191":3,"192":0,"193":0,"194":0,"195":0,"196":0,"197":0,"198":3,"199":1,"200":1,"201":1,"202":0,"203":0,"204":0,"205":1,"206":3,"207":1,"208":1,"209":1,"210":0,"211":0,"212":0,"213":1,"214":3,"215":1,"216":1,"217":1,"218":1,"219":0,"220":1,"221":1,"222":2,"223":2,"224":1,"225":0,"226":0,"227":3,"228":0,"229":0,"230":0,"231":0,"232":0,"233":3},"f":{"0":1,"1":1,"2":1,"3":0,"4":0,"5":0,"6":1,"7":0,"8":0,"9":0,"10":0,"11":0,"12":0,"13":0,"14":0,"15":0,"16":0,"17":0,"18":1,"19":1,"20":1,"21":0,"22":0,"23":0,"24":0,"25":0,"26":1,"27":0,"28":1,"29":0,"30":1,"31":2,"32":2,"33":0},"b":{"0":[0,1],"1":[1,1,1,1,1,1,1,1,1,1,1],"2":[0,1],"3":[0,1],"4":[0,1],"5":[0,0],"6":[0,0,0,0],"7":[0,0,0,0],"8":[0,0],"9":[0,0,0,0],"10":[0,0],"11":[0,0],"12":[0,0,0],"13":[0,0],"14":[1,0],"15":[1,1],"16":[0,0],"17":[0,0],"18":[0,0],"19":[0,0,0],"20":[0,0,0,0,0],"21":[0,0],"22":[0,0],"23":[0,0],"24":[0,0],"25":[0,0],"26":[0,0],"27":[0,0],"28":[0,0],"29":[0,1],"30":[1,0],"31":[0,1],"32":[0,0],"33":[0,0],"34":[0,1]},"_coverageSchema":"1a1c01bbd47fc00a2c39e90264f33305004495a9","hash":"5b23e6d82264418fd46a1e857c2019a7e6afb7ca"}
,"C:\\Users\\syeda\\Desktop\\Volunteer-Backend\\src\\controllers\\reportController.js": {"path":"C:\\Users\\syeda\\Desktop\\Volunteer-Backend\\src\\controllers\\reportController.js","statementMap":{"0":{"start":{"line":2,"column":25},"end":{"line":2,"column":67}},"1":{"start":{"line":3,"column":14},"end":{"line":3,"column":45}},"2":{"start":{"line":5,"column":19},"end":{"line":5,"column":38}},"3":{"start":{"line":6,"column":20},"end":{"line":6,"column":37}},"4":{"start":{"line":8,"column":28},"end":{"line":20,"column":1}},"5":{"start":{"line":9,"column":2},"end":{"line":19,"column":3}},"6":{"start":{"line":10,"column":23},"end":{"line":13,"column":39}},"7":{"start":{"line":15,"column":4},"end":{"line":15,"column":37}},"8":{"start":{"line":17,"column":4},"end":{"line":17,"column":62}},"9":{"start":{"line":18,"column":4},"end":{"line":18,"column":71}},"10":{"start":{"line":22,"column":24},"end":{"line":39,"column":3}},"11":{"start":{"line":23,"column":4},"end":{"line":38,"column":5}},"12":{"start":{"line":24,"column":21},"end":{"line":32,"column":10}},"13":{"start":{"line":34,"column":6},"end":{"line":34,"column":35}},"14":{"start":{"line":36,"column":6},"end":{"line":36,"column":60}},"15":{"start":{"line":37,"column":6},"end":{"line":37,"column":69}},"16":{"start":{"line":41,"column":32},"end":{"line":67,"column":3}},"17":{"start":{"line":42,"column":4},"end":{"line":66,"column":5}},"18":{"start":{"line":43,"column":25},"end":{"line":46,"column":41}},"19":{"start":{"line":49,"column":19},"end":{"line":55,"column":9}},"20":{"start":{"line":49,"column":50},"end":{"line":55,"column":7}},"21":{"start":{"line":53,"column":66},"end":{"line":53,"column":76}},"22":{"start":{"line":54,"column":50},"end":{"line":54,"column":60}},"23":{"start":{"line":57,"column":29},"end":{"line":57,"column":41}},"24":{"start":{"line":58,"column":18},"end":{"line":58,"column":44}},"25":{"start":{"line":60,"column":6},"end":{"line":60,"column":45}},"26":{"start":{"line":61,"column":6},"end":{"line":61,"column":46}},"27":{"start":{"line":62,"column":6},"end":{"line":62,"column":27}},"28":{"start":{"line":64,"column":6},"end":{"line":64,"column":70}},"29":{"start":{"line":65,"column":6},"end":{"line":65,"column":69}},"30":{"start":{"line":69,"column":32},"end":{"line":102,"column":3}},"31":{"start":{"line":70,"column":4},"end":{"line":101,"column":5}},"32":{"start":{"line":71,"column":25},"end":{"line":74,"column":41}},"33":{"start":{"line":76,"column":18},"end":{"line":76,"column":35}},"34":{"start":{"line":77,"column":21},"end":{"line":77,"column":40}},"35":{"start":{"line":79,"column":6},"end":{"line":79,"column":55}},"36":{"start":{"line":81,"column":6},"end":{"line":81,"column":86}},"37":{"start":{"line":82,"column":6},"end":{"line":82,"column":55}},"38":{"start":{"line":84,"column":6},"end":{"line":84,"column":20}},"39":{"start":{"line":86,"column":6},"end":{"line":86,"column":70}},"40":{"start":{"line":87,"column":6},"end":{"line":87,"column":21}},"41":{"start":{"line":89,"column":6},"end":{"line":95,"column":9}},"42":{"start":{"line":90,"column":8},"end":{"line":90,"column":84}},"43":{"start":{"line":91,"column":8},"end":{"line":91,"column":53}},"44":{"start":{"line":92,"column":8},"end":{"line":92,"column":105}},"45":{"start":{"line":92,"column":79},"end":{"line":92,"column":89}},"46":{"start":{"line":93,"column":8},"end":{"line":93,"column":102}},"47":{"start":{"line":93,"column":76},"end":{"line":93,"column":86}},"48":{"start":{"line":94,"column":8},"end":{"line":94,"column":23}},"49":{"start":{"line":97,"column":6},"end":{"line":97,"column":16}},"50":{"start":{"line":99,"column":6},"end":{"line":99,"column":70}},"51":{"start":{"line":100,"column":6},"end":{"line":100,"column":69}},"52":{"start":{"line":104,"column":28},"end":{"line":135,"column":3}},"53":{"start":{"line":105,"column":4},"end":{"line":134,"column":5}},"54":{"start":{"line":106,"column":21},"end":{"line":114,"column":10}},"55":{"start":{"line":117,"column":19},"end":{"line":123,"column":9}},"56":{"start":{"line":117,"column":42},"end":{"line":123,"column":7}},"57":{"start":{"line":121,"column":30},"end":{"line":121,"column":76}},"58":{"start":{"line":125,"column":29},"end":{"line":125,"column":41}},"59":{"start":{"line":126,"column":18},"end":{"line":126,"column":44}},"60":{"start":{"line":128,"column":6},"end":{"line":128,"column":45}},"61":{"start":{"line":129,"column":6},"end":{"line":129,"column":42}},"62":{"start":{"line":130,"column":6},"end":{"line":130,"column":27}},"63":{"start":{"line":132,"column":6},"end":{"line":132,"column":66}},"64":{"start":{"line":133,"column":6},"end":{"line":133,"column":69}},"65":{"start":{"line":137,"column":28},"end":{"line":176,"column":3}},"66":{"start":{"line":138,"column":4},"end":{"line":175,"column":5}},"67":{"start":{"line":139,"column":21},"end":{"line":147,"column":10}},"68":{"start":{"line":149,"column":18},"end":{"line":149,"column":35}},"69":{"start":{"line":150,"column":21},"end":{"line":150,"column":36}},"70":{"start":{"line":151,"column":6},"end":{"line":151,"column":55}},"71":{"start":{"line":152,"column":6},"end":{"line":152,"column":86}},"72":{"start":{"line":153,"column":6},"end":{"line":153,"column":55}},"73":{"start":{"line":155,"column":6},"end":{"line":155,"column":20}},"74":{"start":{"line":157,"column":6},"end":{"line":157,"column":66}},"75":{"start":{"line":158,"column":6},"end":{"line":158,"column":21}},"76":{"start":{"line":160,"column":6},"end":{"line":169,"column":9}},"77":{"start":{"line":161,"column":8},"end":{"line":161,"column":59}},"78":{"start":{"line":162,"column":8},"end":{"line":162,"column":68}},"79":{"start":{"line":163,"column":8},"end":{"line":167,"column":10}},"80":{"start":{"line":165,"column":32},"end":{"line":165,"column":78}},"81":{"start":{"line":168,"column":8},"end":{"line":168,"column":23}},"82":{"start":{"line":171,"column":6},"end":{"line":171,"column":16}},"83":{"start":{"line":173,"column":6},"end":{"line":173,"column":66}},"84":{"start":{"line":174,"column":6},"end":{"line":174,"column":69}},"85":{"start":{"line":178,"column":0},"end":{"line":180,"column":58}}},"fnMap":{"0":{"name":"(anonymous_0)","decl":{"start":{"line":8,"column":28},"end":{"line":8,"column":29}},"loc":{"start":{"line":8,"column":48},"end":{"line":20,"column":1}},"line":8},"1":{"name":"(anonymous_1)","decl":{"start":{"line":22,"column":24},"end":{"line":22,"column":25}},"loc":{"start":{"line":22,"column":44},"end":{"line":39,"column":3}},"line":22},"2":{"name":"(anonymous_2)","decl":{"start":{"line":41,"column":32},"end":{"line":41,"column":33}},"loc":{"start":{"line":41,"column":52},"end":{"line":67,"column":3}},"line":41},"3":{"name":"(anonymous_3)","decl":{"start":{"line":49,"column":34},"end":{"line":49,"column":35}},"loc":{"start":{"line":49,"column":50},"end":{"line":55,"column":7}},"line":49},"4":{"name":"(anonymous_4)","decl":{"start":{"line":53,"column":55},"end":{"line":53,"column":56}},"loc":{"start":{"line":53,"column":66},"end":{"line":53,"column":76}},"line":53},"5":{"name":"(anonymous_5)","decl":{"start":{"line":54,"column":39},"end":{"line":54,"column":40}},"loc":{"start":{"line":54,"column":50},"end":{"line":54,"column":60}},"line":54},"6":{"name":"(anonymous_6)","decl":{"start":{"line":69,"column":32},"end":{"line":69,"column":33}},"loc":{"start":{"line":69,"column":52},"end":{"line":102,"column":3}},"line":69},"7":{"name":"(anonymous_7)","decl":{"start":{"line":89,"column":25},"end":{"line":89,"column":26}},"loc":{"start":{"line":89,"column":40},"end":{"line":95,"column":7}},"line":89},"8":{"name":"(anonymous_8)","decl":{"start":{"line":92,"column":68},"end":{"line":92,"column":69}},"loc":{"start":{"line":92,"column":79},"end":{"line":92,"column":89}},"line":92},"9":{"name":"(anonymous_9)","decl":{"start":{"line":93,"column":65},"end":{"line":93,"column":66}},"loc":{"start":{"line":93,"column":76},"end":{"line":93,"column":86}},"line":93},"10":{"name":"(anonymous_10)","decl":{"start":{"line":104,"column":28},"end":{"line":104,"column":29}},"loc":{"start":{"line":104,"column":48},"end":{"line":135,"column":3}},"line":104},"11":{"name":"(anonymous_11)","decl":{"start":{"line":117,"column":30},"end":{"line":117,"column":31}},"loc":{"start":{"line":117,"column":42},"end":{"line":123,"column":7}},"line":117},"12":{"name":"(anonymous_12)","decl":{"start":{"line":121,"column":15},"end":{"line":121,"column":16}},"loc":{"start":{"line":121,"column":30},"end":{"line":121,"column":76}},"line":121},"13":{"name":"(anonymous_13)","decl":{"start":{"line":137,"column":28},"end":{"line":137,"column":29}},"loc":{"start":{"line":137,"column":48},"end":{"line":176,"column":3}},"line":137},"14":{"name":"(anonymous_14)","decl":{"start":{"line":160,"column":21},"end":{"line":160,"column":22}},"loc":{"start":{"line":160,"column":32},"end":{"line":169,"column":7}},"line":160},"15":{"name":"(anonymous_15)","decl":{"start":{"line":165,"column":17},"end":{"line":165,"column":18}},"loc":{"start":{"line":165,"column":32},"end":{"line":165,"column":78}},"line":165}},"branchMap":{},"s":{"0":3,"1":3,"2":3,"3":3,"4":3,"5":2,"6":2,"7":0,"8":2,"9":2,"10":3,"11":2,"12":2,"13":1,"14":1,"15":1,"16":3,"17":2,"18":2,"19":0,"20":0,"21":0,"22":0,"23":0,"24":0,"25":0,"26":0,"27":0,"28":2,"29":2,"30":3,"31":2,"32":2,"33":0,"34":0,"35":0,"36":0,"37":0,"38":0,"39":0,"40":0,"41":0,"42":0,"43":0,"44":0,"45":0,"46":0,"47":0,"48":0,"49":0,"50":2,"51":2,"52":3,"53":2,"54":2,"55":1,"56":1,"57":1,"58":1,"59":1,"60":1,"61":1,"62":1,"63":1,"64":1,"65":3,"66":2,"67":2,"68":1,"69":1,"70":1,"71":1,"72":1,"73":1,"74":1,"75":1,"76":1,"77":1,"78":1,"79":1,"80":1,"81":1,"82":1,"83":1,"84":1,"85":3},"f":{"0":2,"1":2,"2":2,"3":0,"4":0,"5":0,"6":2,"7":0,"8":0,"9":0,"10":2,"11":1,"12":1,"13":2,"14":1,"15":1},"b":{},"_coverageSchema":"1a1c01bbd47fc00a2c39e90264f33305004495a9","hash":"f82b293e251a7c682f55c18b19fed9425324fc3f"}
,"C:\\Users\\syeda\\Desktop\\Volunteer-Backend\\src\\controllers\\skillController.js": {"path":"C:\\Users\\syeda\\Desktop\\Volunteer-Backend\\src\\controllers\\skillController.js","statementMap":{"0":{"start":{"line":2,"column":14},"end":{"line":2,"column":45}},"1":{"start":{"line":5,"column":0},"end":{"line":12,"column":2}},"2":{"start":{"line":6,"column":2},"end":{"line":11,"column":3}},"3":{"start":{"line":7,"column":19},"end":{"line":7,"column":37}},"4":{"start":{"line":8,"column":4},"end":{"line":8,"column":33}},"5":{"start":{"line":10,"column":4},"end":{"line":10,"column":61}},"6":{"start":{"line":15,"column":0},"end":{"line":35,"column":2}},"7":{"start":{"line":16,"column":19},"end":{"line":16,"column":27}},"8":{"start":{"line":18,"column":2},"end":{"line":20,"column":3}},"9":{"start":{"line":19,"column":4},"end":{"line":19,"column":69}},"10":{"start":{"line":22,"column":2},"end":{"line":34,"column":3}},"11":{"start":{"line":24,"column":26},"end":{"line":24,"column":55}},"12":{"start":{"line":25,"column":4},"end":{"line":27,"column":5}},"13":{"start":{"line":26,"column":6},"end":{"line":26,"column":69}},"14":{"start":{"line":29,"column":21},"end":{"line":29,"column":40}},"15":{"start":{"line":30,"column":4},"end":{"line":30,"column":26}},"16":{"start":{"line":31,"column":4},"end":{"line":31,"column":35}},"17":{"start":{"line":33,"column":4},"end":{"line":33,"column":60}}},"fnMap":{"0":{"name":"(anonymous_0)","decl":{"start":{"line":5,"column":23},"end":{"line":5,"column":24}},"loc":{"start":{"line":5,"column":43},"end":{"line":12,"column":1}},"line":5},"1":{"name":"(anonymous_1)","decl":{"start":{"line":15,"column":22},"end":{"line":15,"column":23}},"loc":{"start":{"line":15,"column":42},"end":{"line":35,"column":1}},"line":15}},"branchMap":{"0":{"loc":{"start":{"line":18,"column":2},"end":{"line":20,"column":3}},"type":"if","locations":[{"start":{"line":18,"column":2},"end":{"line":20,"column":3}},{"start":{},"end":{}}],"line":18},"1":{"loc":{"start":{"line":25,"column":4},"end":{"line":27,"column":5}},"type":"if","locations":[{"start":{"line":25,"column":4},"end":{"line":27,"column":5}},{"start":{},"end":{}}],"line":25}},"s":{"0":2,"1":2,"2":2,"3":2,"4":1,"5":1,"6":2,"7":4,"8":4,"9":1,"10":3,"11":3,"12":3,"13":1,"14":2,"15":2,"16":2,"17":0},"f":{"0":2,"1":4},"b":{"0":[1,3],"1":[1,2]},"_coverageSchema":"1a1c01bbd47fc00a2c39e90264f33305004495a9","hash":"256e0526cfaa28889b78d9f2a49d86ad479d4637"}
,"C:\\Users\\syeda\\Desktop\\Volunteer-Backend\\src\\controllers\\statesController.js": {"path":"C:\\Users\\syeda\\Desktop\\Volunteer-Backend\\src\\controllers\\statesController.js","statementMap":{"0":{"start":{"line":2,"column":14},"end":{"line":2,"column":46}},"1":{"start":{"line":4,"column":0},"end":{"line":13,"column":2}},"2":{"start":{"line":5,"column":2},"end":{"line":12,"column":3}},"3":{"start":{"line":6,"column":4},"end":{"line":6,"column":42}},"4":{"start":{"line":7,"column":19},"end":{"line":7,"column":37}},"5":{"start":{"line":8,"column":4},"end":{"line":8,"column":33}},"6":{"start":{"line":10,"column":4},"end":{"line":10,"column":51}},"7":{"start":{"line":11,"column":4},"end":{"line":11,"column":70}}},"fnMap":{"0":{"name":"(anonymous_0)","decl":{"start":{"line":4,"column":23},"end":{"line":4,"column":24}},"loc":{"start":{"line":4,"column":43},"end":{"line":13,"column":1}},"line":4}},"branchMap":{},"s":{"0":3,"1":3,"2":2,"3":2,"4":2,"5":1,"6":1,"7":1},"f":{"0":2},"b":{},"_coverageSchema":"1a1c01bbd47fc00a2c39e90264f33305004495a9","hash":"8f5ce3fbf0bc5aae98511714251dc56782554c0b"}
,"C:\\Users\\syeda\\Desktop\\Volunteer-Backend\\src\\controllers\\volcardsController.js": {"path":"C:\\Users\\syeda\\Desktop\\Volunteer-Backend\\src\\controllers\\volcardsController.js","statementMap":{"0":{"start":{"line":1,"column":14},"end":{"line":1,"column":45}},"1":{"start":{"line":2,"column":25},"end":{"line":2,"column":67}},"2":{"start":{"line":5,"column":30},"end":{"line":28,"column":1}},"3":{"start":{"line":6,"column":24},"end":{"line":6,"column":34}},"4":{"start":{"line":8,"column":4},"end":{"line":27,"column":5}},"5":{"start":{"line":10,"column":22},"end":{"line":13,"column":10}},"6":{"start":{"line":15,"column":8},"end":{"line":17,"column":9}},"7":{"start":{"line":16,"column":12},"end":{"line":16,"column":68}},"8":{"start":{"line":20,"column":8},"end":{"line":23,"column":11}},"9":{"start":{"line":25,"column":8},"end":{"line":25,"column":69}},"10":{"start":{"line":26,"column":8},"end":{"line":26,"column":78}},"11":{"start":{"line":30,"column":0},"end":{"line":30,"column":43}}},"fnMap":{"0":{"name":"(anonymous_0)","decl":{"start":{"line":5,"column":30},"end":{"line":5,"column":31}},"loc":{"start":{"line":5,"column":50},"end":{"line":28,"column":1}},"line":5}},"branchMap":{"0":{"loc":{"start":{"line":15,"column":8},"end":{"line":17,"column":9}},"type":"if","locations":[{"start":{"line":15,"column":8},"end":{"line":17,"column":9}},{"start":{},"end":{}}],"line":15}},"s":{"0":3,"1":3,"2":3,"3":3,"4":3,"5":3,"6":2,"7":1,"8":1,"9":1,"10":1,"11":3},"f":{"0":3},"b":{"0":[1,1]},"_coverageSchema":"1a1c01bbd47fc00a2c39e90264f33305004495a9","hash":"ff1c33fd89477607675f4aadd150b3cb73f57102"}
,"C:\\Users\\syeda\\Desktop\\Volunteer-Backend\\src\\controllers\\volunteerController.js": {"path":"C:\\Users\\syeda\\Desktop\\Volunteer-Backend\\src\\controllers\\volunteerController.js","statementMap":{"0":{"start":{"line":2,"column":25},"end":{"line":2,"column":67}},"1":{"start":{"line":3,"column":13},"end":{"line":3,"column":43}},"2":{"start":{"line":5,"column":29},"end":{"line":5,"column":58}},"3":{"start":{"line":7,"column":24},"end":{"line":7,"column":67}},"4":{"start":{"line":7,"column":32},"end":{"line":7,"column":67}},"5":{"start":{"line":8,"column":17},"end":{"line":8,"column":36}},"6":{"start":{"line":13,"column":28},"end":{"line":40,"column":1}},"7":{"start":{"line":14,"column":21},"end":{"line":14,"column":29}},"8":{"start":{"line":15,"column":2},"end":{"line":39,"column":3}},"9":{"start":{"line":17,"column":20},"end":{"line":17,"column":62}},"10":{"start":{"line":18,"column":4},"end":{"line":20,"column":5}},"11":{"start":{"line":19,"column":6},"end":{"line":19,"column":64}},"12":{"start":{"line":23,"column":17},"end":{"line":23,"column":52}},"13":{"start":{"line":24,"column":4},"end":{"line":26,"column":5}},"14":{"start":{"line":25,"column":6},"end":{"line":25,"column":61}},"15":{"start":{"line":29,"column":28},"end":{"line":32,"column":5}},"16":{"start":{"line":35,"column":4},"end":{"line":35,"column":42}},"17":{"start":{"line":37,"column":4},"end":{"line":37,"column":25}},"18":{"start":{"line":38,"column":4},"end":{"line":38,"column":50}},"19":{"start":{"line":43,"column":31},"end":{"line":90,"column":1}},"20":{"start":{"line":44,"column":21},"end":{"line":44,"column":29}},"21":{"start":{"line":45,"column":2},"end":{"line":45,"column":41}},"22":{"start":{"line":58,"column":6},"end":{"line":58,"column":14}},"23":{"start":{"line":60,"column":2},"end":{"line":89,"column":3}},"24":{"start":{"line":61,"column":20},"end":{"line":61,"column":62}},"25":{"start":{"line":63,"column":4},"end":{"line":65,"column":5}},"26":{"start":{"line":64,"column":6},"end":{"line":64,"column":64}},"27":{"start":{"line":68,"column":4},"end":{"line":68,"column":55}},"28":{"start":{"line":69,"column":4},"end":{"line":69,"column":52}},"29":{"start":{"line":70,"column":4},"end":{"line":70,"column":61}},"30":{"start":{"line":71,"column":4},"end":{"line":71,"column":46}},"31":{"start":{"line":72,"column":4},"end":{"line":72,"column":68}},"32":{"start":{"line":73,"column":4},"end":{"line":73,"column":68}},"33":{"start":{"line":74,"column":4},"end":{"line":74,"column":56}},"34":{"start":{"line":75,"column":4},"end":{"line":75,"column":59}},"35":{"start":{"line":76,"column":4},"end":{"line":76,"column":65}},"36":{"start":{"line":77,"column":4},"end":{"line":77,"column":64}},"37":{"start":{"line":78,"column":4},"end":{"line":78,"column":61}},"38":{"start":{"line":81,"column":4},"end":{"line":81,"column":49}},"39":{"start":{"line":83,"column":4},"end":{"line":83,"column":25}},"40":{"start":{"line":85,"column":4},"end":{"line":85,"column":75}},"41":{"start":{"line":87,"column":4},"end":{"line":87,"column":25}},"42":{"start":{"line":88,"column":4},"end":{"line":88,"column":50}},"43":{"start":{"line":94,"column":28},"end":{"line":123,"column":1}},"44":{"start":{"line":95,"column":2},"end":{"line":122,"column":3}},"45":{"start":{"line":96,"column":19},"end":{"line":96,"column":34}},"46":{"start":{"line":97,"column":4},"end":{"line":97,"column":66}},"47":{"start":{"line":100,"column":29},"end":{"line":103,"column":5}},"48":{"start":{"line":105,"column":4},"end":{"line":108,"column":5}},"49":{"start":{"line":106,"column":6},"end":{"line":106,"column":49}},"50":{"start":{"line":107,"column":6},"end":{"line":107,"column":74}},"51":{"start":{"line":111,"column":18},"end":{"line":111,"column":28}},"52":{"start":{"line":112,"column":23},"end":{"line":115,"column":6}},"53":{"start":{"line":113,"column":24},"end":{"line":113,"column":44}},"54":{"start":{"line":114,"column":6},"end":{"line":114,"column":31}},"55":{"start":{"line":117,"column":4},"end":{"line":117,"column":71}},"56":{"start":{"line":118,"column":4},"end":{"line":118,"column":37}},"57":{"start":{"line":120,"column":4},"end":{"line":120,"column":62}},"58":{"start":{"line":121,"column":4},"end":{"line":121,"column":50}},"59":{"start":{"line":127,"column":34},"end":{"line":154,"column":1}},"60":{"start":{"line":128,"column":21},"end":{"line":128,"column":29}},"61":{"start":{"line":129,"column":34},"end":{"line":129,"column":42}},"62":{"start":{"line":131,"column":2},"end":{"line":153,"column":3}},"63":{"start":{"line":132,"column":20},"end":{"line":132,"column":62}},"64":{"start":{"line":133,"column":4},"end":{"line":133,"column":76}},"65":{"start":{"line":133,"column":18},"end":{"line":133,"column":76}},"66":{"start":{"line":136,"column":4},"end":{"line":143,"column":3}},"67":{"start":{"line":137,"column":6},"end":{"line":139,"column":7}},"68":{"start":{"line":138,"column":10},"end":{"line":138,"column":84}},"69":{"start":{"line":140,"column":6},"end":{"line":142,"column":7}},"70":{"start":{"line":141,"column":10},"end":{"line":141,"column":107}},"71":{"start":{"line":146,"column":4},"end":{"line":146,"column":55}},"72":{"start":{"line":147,"column":4},"end":{"line":147,"column":25}},"73":{"start":{"line":149,"column":4},"end":{"line":149,"column":88}},"74":{"start":{"line":151,"column":4},"end":{"line":151,"column":65}},"75":{"start":{"line":152,"column":4},"end":{"line":152,"column":50}},"76":{"start":{"line":158,"column":35},"end":{"line":200,"column":1}},"77":{"start":{"line":159,"column":21},"end":{"line":159,"column":29}},"78":{"start":{"line":160,"column":28},"end":{"line":160,"column":36}},"79":{"start":{"line":162,"column":2},"end":{"line":199,"column":3}},"80":{"start":{"line":163,"column":20},"end":{"line":163,"column":62}},"81":{"start":{"line":164,"column":4},"end":{"line":164,"column":76}},"82":{"start":{"line":164,"column":18},"end":{"line":164,"column":76}},"83":{"start":{"line":167,"column":4},"end":{"line":175,"column":5}},"84":{"start":{"line":168,"column":6},"end":{"line":174,"column":7}},"85":{"start":{"line":169,"column":8},"end":{"line":173,"column":9}},"86":{"start":{"line":170,"column":10},"end":{"line":172,"column":13}},"87":{"start":{"line":178,"column":27},"end":{"line":182,"column":7}},"88":{"start":{"line":178,"column":57},"end":{"line":182,"column":5}},"89":{"start":{"line":184,"column":4},"end":{"line":192,"column":4}},"90":{"start":{"line":188,"column":14},"end":{"line":190,"column":15}},"91":{"start":{"line":189,"column":32},"end":{"line":189,"column":83}},"92":{"start":{"line":194,"column":4},"end":{"line":194,"column":25}},"93":{"start":{"line":195,"column":4},"end":{"line":195,"column":89}},"94":{"start":{"line":197,"column":4},"end":{"line":197,"column":66}},"95":{"start":{"line":198,"column":4},"end":{"line":198,"column":50}},"96":{"start":{"line":203,"column":27},"end":{"line":245,"column":1}},"97":{"start":{"line":204,"column":21},"end":{"line":204,"column":29}},"98":{"start":{"line":205,"column":27},"end":{"line":205,"column":35}},"99":{"start":{"line":207,"column":2},"end":{"line":244,"column":3}},"100":{"start":{"line":208,"column":20},"end":{"line":208,"column":62}},"101":{"start":{"line":209,"column":4},"end":{"line":209,"column":76}},"102":{"start":{"line":209,"column":18},"end":{"line":209,"column":76}},"103":{"start":{"line":212,"column":4},"end":{"line":220,"column":5}},"104":{"start":{"line":213,"column":6},"end":{"line":219,"column":7}},"105":{"start":{"line":214,"column":8},"end":{"line":218,"column":9}},"106":{"start":{"line":215,"column":10},"end":{"line":217,"column":13}},"107":{"start":{"line":223,"column":34},"end":{"line":227,"column":7}},"108":{"start":{"line":223,"column":63},"end":{"line":227,"column":5}},"109":{"start":{"line":229,"column":4},"end":{"line":237,"column":4}},"110":{"start":{"line":233,"column":14},"end":{"line":235,"column":15}},"111":{"start":{"line":234,"column":32},"end":{"line":234,"column":83}},"112":{"start":{"line":239,"column":4},"end":{"line":239,"column":25}},"113":{"start":{"line":240,"column":4},"end":{"line":240,"column":81}},"114":{"start":{"line":242,"column":4},"end":{"line":242,"column":58}},"115":{"start":{"line":243,"column":4},"end":{"line":243,"column":50}},"116":{"start":{"line":248,"column":27},"end":{"line":358,"column":1}},"117":{"start":{"line":249,"column":21},"end":{"line":249,"column":29}},"118":{"start":{"line":256,"column":6},"end":{"line":256,"column":14}},"119":{"start":{"line":258,"column":2},"end":{"line":357,"column":3}},"120":{"start":{"line":259,"column":20},"end":{"line":259,"column":62}},"121":{"start":{"line":260,"column":4},"end":{"line":260,"column":76}},"122":{"start":{"line":260,"column":18},"end":{"line":260,"column":76}},"123":{"start":{"line":263,"column":4},"end":{"line":265,"column":5}},"124":{"start":{"line":264,"column":6},"end":{"line":264,"column":72}},"125":{"start":{"line":268,"column":4},"end":{"line":271,"column":5}},"126":{"start":{"line":269,"column":6},"end":{"line":269,"column":51}},"127":{"start":{"line":270,"column":6},"end":{"line":270,"column":57}},"128":{"start":{"line":274,"column":4},"end":{"line":278,"column":5}},"129":{"start":{"line":275,"column":6},"end":{"line":277,"column":8}},"130":{"start":{"line":276,"column":19},"end":{"line":276,"column":72}},"131":{"start":{"line":281,"column":4},"end":{"line":309,"column":5}},"132":{"start":{"line":282,"column":6},"end":{"line":308,"column":9}},"133":{"start":{"line":283,"column":24},"end":{"line":283,"column":47}},"134":{"start":{"line":284,"column":8},"end":{"line":307,"column":9}},"135":{"start":{"line":286,"column":24},"end":{"line":288,"column":11}},"136":{"start":{"line":287,"column":31},"end":{"line":287,"column":76}},"137":{"start":{"line":289,"column":10},"end":{"line":298,"column":11}},"138":{"start":{"line":290,"column":12},"end":{"line":295,"column":14}},"139":{"start":{"line":297,"column":12},"end":{"line":297,"column":84}},"140":{"start":{"line":301,"column":10},"end":{"line":306,"column":13}},"141":{"start":{"line":312,"column":4},"end":{"line":316,"column":5}},"142":{"start":{"line":313,"column":6},"end":{"line":315,"column":8}},"143":{"start":{"line":314,"column":19},"end":{"line":314,"column":71}},"144":{"start":{"line":317,"column":4},"end":{"line":317,"column":72}},"145":{"start":{"line":320,"column":4},"end":{"line":343,"column":5}},"146":{"start":{"line":321,"column":6},"end":{"line":342,"column":9}},"147":{"start":{"line":322,"column":24},"end":{"line":322,"column":47}},"148":{"start":{"line":323,"column":8},"end":{"line":341,"column":9}},"149":{"start":{"line":325,"column":24},"end":{"line":327,"column":11}},"150":{"start":{"line":326,"column":31},"end":{"line":326,"column":76}},"151":{"start":{"line":328,"column":10},"end":{"line":334,"column":11}},"152":{"start":{"line":329,"column":12},"end":{"line":333,"column":14}},"153":{"start":{"line":337,"column":10},"end":{"line":340,"column":13}},"154":{"start":{"line":348,"column":4},"end":{"line":348,"column":25}},"155":{"start":{"line":350,"column":4},"end":{"line":353,"column":7}},"156":{"start":{"line":355,"column":4},"end":{"line":355,"column":57}},"157":{"start":{"line":356,"column":4},"end":{"line":356,"column":50}},"158":{"start":{"line":361,"column":24},"end":{"line":377,"column":1}},"159":{"start":{"line":362,"column":2},"end":{"line":376,"column":3}},"160":{"start":{"line":363,"column":23},"end":{"line":363,"column":31}},"161":{"start":{"line":365,"column":20},"end":{"line":365,"column":62}},"162":{"start":{"line":366,"column":4},"end":{"line":368,"column":5}},"163":{"start":{"line":367,"column":6},"end":{"line":367,"column":64}},"164":{"start":{"line":370,"column":4},"end":{"line":372,"column":7}},"165":{"start":{"line":374,"column":4},"end":{"line":374,"column":57}},"166":{"start":{"line":375,"column":4},"end":{"line":375,"column":50}},"167":{"start":{"line":380,"column":0},"end":{"line":382,"column":40}}},"fnMap":{"0":{"name":"(anonymous_0)","decl":{"start":{"line":7,"column":24},"end":{"line":7,"column":25}},"loc":{"start":{"line":7,"column":32},"end":{"line":7,"column":67}},"line":7},"1":{"name":"(anonymous_1)","decl":{"start":{"line":13,"column":28},"end":{"line":13,"column":29}},"loc":{"start":{"line":13,"column":48},"end":{"line":40,"column":1}},"line":13},"2":{"name":"(anonymous_2)","decl":{"start":{"line":43,"column":31},"end":{"line":43,"column":32}},"loc":{"start":{"line":43,"column":51},"end":{"line":90,"column":1}},"line":43},"3":{"name":"(anonymous_3)","decl":{"start":{"line":94,"column":28},"end":{"line":94,"column":29}},"loc":{"start":{"line":94,"column":48},"end":{"line":123,"column":1}},"line":94},"4":{"name":"(anonymous_4)","decl":{"start":{"line":112,"column":63},"end":{"line":112,"column":64}},"loc":{"start":{"line":112,"column":72},"end":{"line":115,"column":5}},"line":112},"5":{"name":"(anonymous_5)","decl":{"start":{"line":127,"column":34},"end":{"line":127,"column":35}},"loc":{"start":{"line":127,"column":54},"end":{"line":154,"column":1}},"line":127},"6":{"name":"(anonymous_6)","decl":{"start":{"line":158,"column":35},"end":{"line":158,"column":36}},"loc":{"start":{"line":158,"column":55},"end":{"line":200,"column":1}},"line":158},"7":{"name":"(anonymous_7)","decl":{"start":{"line":178,"column":45},"end":{"line":178,"column":46}},"loc":{"start":{"line":178,"column":57},"end":{"line":182,"column":5}},"line":178},"8":{"name":"(anonymous_8)","decl":{"start":{"line":187,"column":10},"end":{"line":187,"column":11}},"loc":{"start":{"line":188,"column":14},"end":{"line":190,"column":15}},"line":188},"9":{"name":"(anonymous_9)","decl":{"start":{"line":189,"column":18},"end":{"line":189,"column":19}},"loc":{"start":{"line":189,"column":32},"end":{"line":189,"column":83}},"line":189},"10":{"name":"(anonymous_10)","decl":{"start":{"line":203,"column":27},"end":{"line":203,"column":28}},"loc":{"start":{"line":203,"column":47},"end":{"line":245,"column":1}},"line":203},"11":{"name":"(anonymous_11)","decl":{"start":{"line":223,"column":51},"end":{"line":223,"column":52}},"loc":{"start":{"line":223,"column":63},"end":{"line":227,"column":5}},"line":223},"12":{"name":"(anonymous_12)","decl":{"start":{"line":232,"column":10},"end":{"line":232,"column":11}},"loc":{"start":{"line":233,"column":14},"end":{"line":235,"column":15}},"line":233},"13":{"name":"(anonymous_13)","decl":{"start":{"line":234,"column":18},"end":{"line":234,"column":19}},"loc":{"start":{"line":234,"column":32},"end":{"line":234,"column":83}},"line":234},"14":{"name":"(anonymous_14)","decl":{"start":{"line":248,"column":27},"end":{"line":248,"column":28}},"loc":{"start":{"line":248,"column":47},"end":{"line":358,"column":1}},"line":248},"15":{"name":"(anonymous_15)","decl":{"start":{"line":276,"column":8},"end":{"line":276,"column":9}},"loc":{"start":{"line":276,"column":19},"end":{"line":276,"column":72}},"line":276},"16":{"name":"(anonymous_16)","decl":{"start":{"line":282,"column":28},"end":{"line":282,"column":29}},"loc":{"start":{"line":282,"column":42},"end":{"line":308,"column":7}},"line":282},"17":{"name":"(anonymous_17)","decl":{"start":{"line":287,"column":12},"end":{"line":287,"column":13}},"loc":{"start":{"line":287,"column":31},"end":{"line":287,"column":76}},"line":287},"18":{"name":"(anonymous_18)","decl":{"start":{"line":314,"column":8},"end":{"line":314,"column":9}},"loc":{"start":{"line":314,"column":19},"end":{"line":314,"column":71}},"line":314},"19":{"name":"(anonymous_19)","decl":{"start":{"line":321,"column":27},"end":{"line":321,"column":28}},"loc":{"start":{"line":321,"column":41},"end":{"line":342,"column":7}},"line":321},"20":{"name":"(anonymous_20)","decl":{"start":{"line":326,"column":12},"end":{"line":326,"column":13}},"loc":{"start":{"line":326,"column":31},"end":{"line":326,"column":76}},"line":326},"21":{"name":"(anonymous_21)","decl":{"start":{"line":361,"column":24},"end":{"line":361,"column":25}},"loc":{"start":{"line":361,"column":44},"end":{"line":377,"column":1}},"line":361}},"branchMap":{"0":{"loc":{"start":{"line":18,"column":4},"end":{"line":20,"column":5}},"type":"if","locations":[{"start":{"line":18,"column":4},"end":{"line":20,"column":5}},{"start":{},"end":{}}],"line":18},"1":{"loc":{"start":{"line":24,"column":4},"end":{"line":26,"column":5}},"type":"if","locations":[{"start":{"line":24,"column":4},"end":{"line":26,"column":5}},{"start":{},"end":{}}],"line":24},"2":{"loc":{"start":{"line":63,"column":4},"end":{"line":65,"column":5}},"type":"if","locations":[{"start":{"line":63,"column":4},"end":{"line":65,"column":5}},{"start":{},"end":{}}],"line":63},"3":{"loc":{"start":{"line":68,"column":24},"end":{"line":68,"column":54}},"type":"binary-expr","locations":[{"start":{"line":68,"column":24},"end":{"line":68,"column":33}},{"start":{"line":68,"column":37},"end":{"line":68,"column":54}}],"line":68},"4":{"loc":{"start":{"line":69,"column":23},"end":{"line":69,"column":51}},"type":"binary-expr","locations":[{"start":{"line":69,"column":23},"end":{"line":69,"column":31}},{"start":{"line":69,"column":35},"end":{"line":69,"column":51}}],"line":69},"5":{"loc":{"start":{"line":70,"column":26},"end":{"line":70,"column":60}},"type":"binary-expr","locations":[{"start":{"line":70,"column":26},"end":{"line":70,"column":37}},{"start":{"line":70,"column":41},"end":{"line":70,"column":60}}],"line":70},"6":{"loc":{"start":{"line":71,"column":21},"end":{"line":71,"column":45}},"type":"binary-expr","locations":[{"start":{"line":71,"column":21},"end":{"line":71,"column":27}},{"start":{"line":71,"column":31},"end":{"line":71,"column":45}}],"line":71},"7":{"loc":{"start":{"line":72,"column":31},"end":{"line":72,"column":67}},"type":"binary-expr","locations":[{"start":{"line":72,"column":31},"end":{"line":72,"column":39}},{"start":{"line":72,"column":43},"end":{"line":72,"column":67}}],"line":72},"8":{"loc":{"start":{"line":73,"column":31},"end":{"line":73,"column":67}},"type":"binary-expr","locations":[{"start":{"line":73,"column":31},"end":{"line":73,"column":39}},{"start":{"line":73,"column":43},"end":{"line":73,"column":67}}],"line":73},"9":{"loc":{"start":{"line":74,"column":27},"end":{"line":74,"column":55}},"type":"binary-expr","locations":[{"start":{"line":74,"column":27},"end":{"line":74,"column":31}},{"start":{"line":74,"column":35},"end":{"line":74,"column":55}}],"line":74},"10":{"loc":{"start":{"line":75,"column":28},"end":{"line":75,"column":58}},"type":"binary-expr","locations":[{"start":{"line":75,"column":28},"end":{"line":75,"column":33}},{"start":{"line":75,"column":37},"end":{"line":75,"column":58}}],"line":75},"11":{"loc":{"start":{"line":76,"column":30},"end":{"line":76,"column":64}},"type":"binary-expr","locations":[{"start":{"line":76,"column":30},"end":{"line":76,"column":37}},{"start":{"line":76,"column":41},"end":{"line":76,"column":64}}],"line":76},"12":{"loc":{"start":{"line":77,"column":27},"end":{"line":77,"column":63}},"type":"binary-expr","locations":[{"start":{"line":77,"column":27},"end":{"line":77,"column":39}},{"start":{"line":77,"column":43},"end":{"line":77,"column":63}}],"line":77},"13":{"loc":{"start":{"line":78,"column":26},"end":{"line":78,"column":60}},"type":"binary-expr","locations":[{"start":{"line":78,"column":26},"end":{"line":78,"column":37}},{"start":{"line":78,"column":41},"end":{"line":78,"column":60}}],"line":78},"14":{"loc":{"start":{"line":105,"column":4},"end":{"line":108,"column":5}},"type":"if","locations":[{"start":{"line":105,"column":4},"end":{"line":108,"column":5}},{"start":{},"end":{}}],"line":105},"15":{"loc":{"start":{"line":133,"column":4},"end":{"line":133,"column":76}},"type":"if","locations":[{"start":{"line":133,"column":4},"end":{"line":133,"column":76}},{"start":{},"end":{}}],"line":133},"16":{"loc":{"start":{"line":137,"column":6},"end":{"line":139,"column":7}},"type":"if","locations":[{"start":{"line":137,"column":6},"end":{"line":139,"column":7}},{"start":{},"end":{}}],"line":137},"17":{"loc":{"start":{"line":137,"column":10},"end":{"line":137,"column":68}},"type":"binary-
[...]
,"C:\\Users\\syeda\\Desktop\\Volunteer-Backend\\src\\middleware\\adminMiddleware.js": {"path":"C:\\Users\\syeda\\Desktop\\Volunteer-Backend\\src\\middleware\\adminMiddleware.js","statementMap":{"0":{"start":{"line":2,"column":20},"end":{"line":8,"column":1}},"1":{"start":{"line":3,"column":2},"end":{"line":7,"column":3}},"2":{"start":{"line":4,"column":4},"end":{"line":4,"column":11}},"3":{"start":{"line":6,"column":4},"end":{"line":6,"column":64}},"4":{"start":{"line":10,"column":0},"end":{"line":10,"column":29}}},"fnMap":{"0":{"name":"(anonymous_0)","decl":{"start":{"line":2,"column":20},"end":{"line":2,"column":21}},"loc":{"start":{"line":2,"column":40},"end":{"line":8,"column":1}},"line":2}},"branchMap":{"0":{"loc":{"start":{"line":3,"column":2},"end":{"line":7,"column":3}},"type":"if","locations":[{"start":{"line":3,"column":2},"end":{"line":7,"column":3}},{"start":{"line":5,"column":9},"end":{"line":7,"column":3}}],"line":3},"1":{"loc":{"start":{"line":3,"column":6},"end":{"line":3,"column":43}},"type":"binary-expr","locations":[{"start":{"line":3,"column":6},"end":{"line":3,"column":14}},{"start":{"line":3,"column":18},"end":{"line":3,"column":43}}],"line":3}},"s":{"0":3,"1":3,"2":1,"3":2,"4":3},"f":{"0":3},"b":{"0":[1,2],"1":[3,3]},"_coverageSchema":"1a1c01bbd47fc00a2c39e90264f33305004495a9","hash":"15b52ebec344802f4737bf9bfe44b5f7440e0d2a"}
,"C:\\Users\\syeda\\Desktop\\Volunteer-Backend\\src\\middleware\\authMiddleware.js": {"path":"C:\\Users\\syeda\\Desktop\\Volunteer-Backend\\src\\middleware\\authMiddleware.js","statementMap":{"0":{"start":{"line":2,"column":12},"end":{"line":2,"column":35}},"1":{"start":{"line":4,"column":20},"end":{"line":33,"column":1}},"2":{"start":{"line":5,"column":21},"end":{"line":5,"column":46}},"3":{"start":{"line":8,"column":2},"end":{"line":10,"column":3}},"4":{"start":{"line":9,"column":4},"end":{"line":9,"column":73}},"5":{"start":{"line":12,"column":16},"end":{"line":12,"column":37}},"6":{"start":{"line":15,"column":2},"end":{"line":17,"column":3}},"7":{"start":{"line":16,"column":4},"end":{"line":16,"column":73}},"8":{"start":{"line":19,"column":16},"end":{"line":19,"column":24}},"9":{"start":{"line":22,"column":2},"end":{"line":32,"column":5}},"10":{"start":{"line":23,"column":4},"end":{"line":25,"column":5}},"11":{"start":{"line":24,"column":6},"end":{"line":24,"column":60}},"12":{"start":{"line":28,"column":4},"end":{"line":28,"column":23}},"13":{"start":{"line":31,"column":4},"end":{"line":31,"column":11}},"14":{"start":{"line":35,"column":0},"end":{"line":35,"column":29}}},"fnMap":{"0":{"name":"(anonymous_0)","decl":{"start":{"line":4,"column":20},"end":{"line":4,"column":21}},"loc":{"start":{"line":4,"column":40},"end":{"line":33,"column":1}},"line":4},"1":{"name":"(anonymous_1)","decl":{"start":{"line":22,"column":44},"end":{"line":22,"column":45}},"loc":{"start":{"line":22,"column":62},"end":{"line":32,"column":3}},"line":22}},"branchMap":{"0":{"loc":{"start":{"line":8,"column":2},"end":{"line":10,"column":3}},"type":"if","locations":[{"start":{"line":8,"column":2},"end":{"line":10,"column":3}},{"start":{},"end":{}}],"line":8},"1":{"loc":{"start":{"line":15,"column":2},"end":{"line":17,"column":3}},"type":"if","locations":[{"start":{"line":15,"column":2},"end":{"line":17,"column":3}},{"start":{},"end":{}}],"line":15},"2":{"loc":{"start":{"line":15,"column":6},"end":{"line":15,"column":49}},"type":"binary-expr","locations":[{"start":{"line":15,"column":6},"end":{"line":15,"column":24}},{"start":{"line":15,"column":28},"end":{"line":15,"column":49}}],"line":15},"3":{"loc":{"start":{"line":23,"column":4},"end":{"line":25,"column":5}},"type":"if","locations":[{"start":{"line":23,"column":4},"end":{"line":25,"column":5}},{"start":{},"end":{}}],"line":23}},"s":{"0":3,"1":3,"2":4,"3":4,"4":1,"5":3,"6":3,"7":1,"8":2,"9":2,"10":2,"11":1,"12":1,"13":1,"14":3},"f":{"0":4,"1":2},"b":{"0":[1,3],"1":[1,2],"2":[3,2],"3":[1,1]},"_coverageSchema":"1a1c01bbd47fc00a2c39e90264f33305004495a9","hash":"baaff02fd6c9ac2bc1bf89868708c567670259d8"}
,"C:\\Users\\syeda\\Desktop\\Volunteer-Backend\\src\\models\\eventModel.js": {"path":"C:\\Users\\syeda\\Desktop\\Volunteer-Backend\\src\\models\\eventModel.js","statementMap":{"0":{"start":{"line":2,"column":17},"end":{"line":2,"column":36}},"1":{"start":{"line":4,"column":20},"end":{"line":22,"column":2}},"2":{"start":{"line":24,"column":14},"end":{"line":24,"column":50}},"3":{"start":{"line":26,"column":0},"end":{"line":26,"column":23}}},"fnMap":{},"branchMap":{},"s":{"0":5,"1":5,"2":5,"3":5},"f":{},"b":{},"_coverageSchema":"1a1c01bbd47fc00a2c39e90264f33305004495a9","hash":"73ec85f2531ed2a9fef10535a5154914f5bf6ec3"}
,"C:\\Users\\syeda\\Desktop\\Volunteer-Backend\\src\\models\\notificationModel.js": {"path":"C:\\Users\\syeda\\Desktop\\Volunteer-Backend\\src\\models\\notificationModel.js","statementMap":{"0":{"start":{"line":2,"column":17},"end":{"line":2,"column":36}},"1":{"start":{"line":5,"column":27},"end":{"line":11,"column":2}},"2":{"start":{"line":14,"column":21},"end":{"line":14,"column":71}},"3":{"start":{"line":17,"column":0},"end":{"line":17,"column":30}}},"fnMap":{},"branchMap":{},"s":{"0":4,"1":4,"2":4,"3":4},"f":{},"b":{},"_coverageSchema":"1a1c01bbd47fc00a2c39e90264f33305004495a9","hash":"9eecde47280fdf02c2861565551ece4c70100529"}
,"C:\\Users\\syeda\\Desktop\\Volunteer-Backend\\src\\models\\skillModel.js": {"path":"C:\\Users\\syeda\\Desktop\\Volunteer-Backend\\src\\models\\skillModel.js","statementMap":{"0":{"start":{"line":2,"column":17},"end":{"line":2,"column":36}},"1":{"start":{"line":4,"column":20},"end":{"line":11,"column":2}},"2":{"start":{"line":13,"column":0},"end":{"line":13,"column":54}}},"fnMap":{},"branchMap":{},"s":{"0":2,"1":2,"2":2},"f":{},"b":{},"_coverageSchema":"1a1c01bbd47fc00a2c39e90264f33305004495a9","hash":"1d1054f94c999e54b24da408a3c44dab4dcfdaa3"}
,"C:\\Users\\syeda\\Desktop\\Volunteer-Backend\\src\\models\\statesModel.js": {"path":"C:\\Users\\syeda\\Desktop\\Volunteer-Backend\\src\\models\\statesModel.js","statementMap":{"0":{"start":{"line":1,"column":17},"end":{"line":1,"column":36}},"1":{"start":{"line":3,"column":20},"end":{"line":13,"column":2}},"2":{"start":{"line":15,"column":14},"end":{"line":15,"column":50}},"3":{"start":{"line":17,"column":0},"end":{"line":17,"column":23}}},"fnMap":{},"branchMap":{},"s":{"0":3,"1":3,"2":3,"3":3},"f":{},"b":{},"_coverageSchema":"1a1c01bbd47fc00a2c39e90264f33305004495a9","hash":"ee9b26ee9ed2fe46a43d5951d2548166f41db39b"}
,"C:\\Users\\syeda\\Desktop\\Volunteer-Backend\\src\\models\\userModel.js": {"path":"C:\\Users\\syeda\\Desktop\\Volunteer-Backend\\src\\models\\userModel.js","statementMap":{"0":{"start":{"line":1,"column":17},"end":{"line":1,"column":36}},"1":{"start":{"line":3,"column":19},"end":{"line":7,"column":2}},"2":{"start":{"line":9,"column":13},"end":{"line":9,"column":47}},"3":{"start":{"line":10,"column":0},"end":{"line":10,"column":22}}},"fnMap":{},"branchMap":{},"s":{"0":4,"1":4,"2":4,"3":4},"f":{},"b":{},"_coverageSchema":"1a1c01bbd47fc00a2c39e90264f33305004495a9","hash":"11754f3d006b9b55f1e1a2d9f5c7697375aa0bcc"}
,"C:\\Users\\syeda\\Desktop\\Volunteer-Backend\\src\\models\\volunteerProfileModel.js": {"path":"C:\\Users\\syeda\\Desktop\\Volunteer-Backend\\src\\models\\volunteerProfileModel.js","statementMap":{"0":{"start":{"line":2,"column":17},"end":{"line":2,"column":36}},"1":{"start":{"line":5,"column":34},"end":{"line":13,"column":18}},"2":{"start":{"line":16,"column":31},"end":{"line":55,"column":2}},"3":{"start":{"line":59,"column":0},"end":{"line":59,"column":112}}},"fnMap":{},"branchMap":{"0":{"loc":{"start":{"line":59,"column":17},"end":{"line":59,"column":111}},"type":"binary-expr","locations":[{"start":{"line":59,"column":17},"end":{"line":59,"column":49}},{"start":{"line":59,"column":53},"end":{"line":59,"column":111}}],"line":59}},"s":{"0":7,"1":7,"2":7,"3":7},"f":{},"b":{"0":[7,7]},"_coverageSchema":"1a1c01bbd47fc00a2c39e90264f33305004495a9","hash":"d45c0f7266d9f7e61991a4872e138f6f6010622e"}
,"C:\\Users\\syeda\\Desktop\\Volunteer-Backend\\src\\routes\\authRoutes.js": {"path":"C:\\Users\\syeda\\Desktop\\Volunteer-Backend\\src\\routes\\authRoutes.js","statementMap":{"0":{"start":{"line":2,"column":16},"end":{"line":2,"column":34}},"1":{"start":{"line":3,"column":37},"end":{"line":3,"column":77}},"2":{"start":{"line":4,"column":20},"end":{"line":4,"column":59}},"3":{"start":{"line":5,"column":15},"end":{"line":5,"column":31}},"4":{"start":{"line":8,"column":0},"end":{"line":8,"column":35}},"5":{"start":{"line":9,"column":0},"end":{"line":9,"column":29}},"6":{"start":{"line":10,"column":0},"end":{"line":10,"column":42}},"7":{"start":{"line":12,"column":0},"end":{"line":12,"column":24}}},"fnMap":{},"branchMap":{},"s":{"0":2,"1":2,"2":2,"3":2,"4":2,"5":2,"6":2,"7":2},"f":{},"b":{},"_coverageSchema":"1a1c01bbd47fc00a2c39e90264f33305004495a9","hash":"cd93728abaeb2bf98fa74af6ca985242342ec6f1"}
,"C:\\Users\\syeda\\Desktop\\Volunteer-Backend\\src\\routes\\eventRoutes.js": {"path":"C:\\Users\\syeda\\Desktop\\Volunteer-Backend\\src\\routes\\eventRoutes.js","statementMap":{"0":{"start":{"line":1,"column":16},"end":{"line":1,"column":34}},"1":{"start":{"line":4,"column":110},"end":{"line":4,"column":151}},"2":{"start":{"line":6,"column":20},"end":{"line":6,"column":59}},"3":{"start":{"line":7,"column":20},"end":{"line":7,"column":60}},"4":{"start":{"line":9,"column":15},"end":{"line":9,"column":31}},"5":{"start":{"line":11,"column":0},"end":{"line":11,"column":62}},"6":{"start":{"line":13,"column":0},"end":{"line":13,"column":56}},"7":{"start":{"line":15,"column":0},"end":{"line":15,"column":48}},"8":{"start":{"line":17,"column":0},"end":{"line":17,"column":58}},"9":{"start":{"line":19,"column":0},"end":{"line":19,"column":58}},"10":{"start":{"line":21,"column":0},"end":{"line":21,"column":58}},"11":{"start":{"line":23,"column":0},"end":{"line":23,"column":42}},"12":{"start":{"line":25,"column":0},"end":{"line":25,"column":81}},"13":{"start":{"line":27,"column":0},"end":{"line":27,"column":65}},"14":{"start":{"line":29,"column":0},"end":{"line":29,"column":77}},"15":{"start":{"line":31,"column":0},"end":{"line":31,"column":61}},"16":{"start":{"line":33,"column":0},"end":{"line":33,"column":65}},"17":{"start":{"line":35,"column":0},"end":{"line":35,"column":53}},"18":{"start":{"line":37,"column":0},"end":{"line":37,"column":24}}},"fnMap":{},"branchMap":{},"s":{"0":2,"1":2,"2":2,"3":2,"4":2,"5":2,"6":2,"7":2,"8":2,"9":2,"10":2,"11":2,"12":2,"13":2,"14":2,"15":2,"16":2,"17":2,"18":2},"f":{},"b":{},"_coverageSchema":"1a1c01bbd47fc00a2c39e90264f33305004495a9","hash":"7c6d10f68620561b3cfb3ebe3e1e90225cb36dd5"}
,"C:\\Users\\syeda\\Desktop\\Volunteer-Backend\\src\\routes\\notificationRoutes.js": {"path":"C:\\Users\\syeda\\Desktop\\Volunteer-Backend\\src\\routes\\notificationRoutes.js","statementMap":{"0":{"start":{"line":3,"column":16},"end":{"line":3,"column":34}},"1":{"start":{"line":4,"column":21},"end":{"line":4,"column":59}},"2":{"start":{"line":5,"column":15},"end":{"line":5,"column":31}},"3":{"start":{"line":8,"column":0},"end":{"line":15,"column":3}},"4":{"start":{"line":9,"column":2},"end":{"line":14,"column":3}},"5":{"start":{"line":10,"column":26},"end":{"line":10,"column":101}},"6":{"start":{"line":11,"column":4},"end":{"line":11,"column":28}},"7":{"start":{"line":13,"column":4},"end":{"line":13,"column":68}},"8":{"start":{"line":18,"column":0},"end":{"line":18,"column":24}}},"fnMap":{"0":{"name":"(anonymous_0)","decl":{"start":{"line":8,"column":16},"end":{"line":8,"column":17}},"loc":{"start":{"line":8,"column":36},"end":{"line":15,"column":1}},"line":8}},"branchMap":{},"s":{"0":2,"1":2,"2":2,"3":2,"4":1,"5":1,"6":0,"7":1,"8":2},"f":{"0":1},"b":{},"_coverageSchema":"1a1c01bbd47fc00a2c39e90264f33305004495a9","hash":"e4100711f0b2f6d0d72ad9a9493d21b02a1f41ed"}
,"C:\\Users\\syeda\\Desktop\\Volunteer-Backend\\src\\routes\\reportRoutes.js": {"path":"C:\\Users\\syeda\\Desktop\\Volunteer-Backend\\src\\routes\\reportRoutes.js","statementMap":{"0":{"start":{"line":2,"column":16},"end":{"line":2,"column":34}},"1":{"start":{"line":3,"column":15},"end":{"line":3,"column":31}},"2":{"start":{"line":5,"column":68},"end":{"line":5,"column":110}},"3":{"start":{"line":6,"column":20},"end":{"line":6,"column":59}},"4":{"start":{"line":7,"column":20},"end":{"line":7,"column":60}},"5":{"start":{"line":9,"column":0},"end":{"line":9,"column":73}},"6":{"start":{"line":10,"column":0},"end":{"line":10,"column":65}},"7":{"start":{"line":11,"column":0},"end":{"line":11,"column":79}},"8":{"start":{"line":12,"column":0},"end":{"line":12,"column":79}},"9":{"start":{"line":13,"column":0},"end":{"line":13,"column":71}},"10":{"start":{"line":14,"column":0},"end":{"line":14,"column":71}},"11":{"start":{"line":15,"column":0},"end":{"line":15,"column":24}}},"fnMap":{},"branchMap":{},"s":{"0":2,"1":2,"2":2,"3":2,"4":2,"5":2,"6":2,"7":2,"8":2,"9":2,"10":2,"11":2},"f":{},"b":{},"_coverageSchema":"1a1c01bbd47fc00a2c39e90264f33305004495a9","hash":"57ca40b1f13b17da0a66952a3c9c8096bee37e48"}
,"C:\\Users\\syeda\\Desktop\\Volunteer-Backend\\src\\routes\\skillRoutes.js": {"path":"C:\\Users\\syeda\\Desktop\\Volunteer-Backend\\src\\routes\\skillRoutes.js","statementMap":{"0":{"start":{"line":2,"column":16},"end":{"line":2,"column":34}},"1":{"start":{"line":3,"column":15},"end":{"line":3,"column":31}},"2":{"start":{"line":4,"column":24},"end":{"line":4,"column":65}},"3":{"start":{"line":7,"column":0},"end":{"line":7,"column":46}},"4":{"start":{"line":8,"column":0},"end":{"line":8,"column":46}},"5":{"start":{"line":10,"column":0},"end":{"line":10,"column":24}}},"fnMap":{},"branchMap":{},"s":{"0":2,"1":2,"2":2,"3":2,"4":2,"5":2},"f":{},"b":{},"_coverageSchema":"1a1c01bbd47fc00a2c39e90264f33305004495a9","hash":"e3cf9d7ad174e102625be4a87cc5c450ac9f5c90"}
,"C:\\Users\\syeda\\Desktop\\Volunteer-Backend\\src\\routes\\statesRoutes.js": {"path":"C:\\Users\\syeda\\Desktop\\Volunteer-Backend\\src\\routes\\statesRoutes.js","statementMap":{"0":{"start":{"line":2,"column":16},"end":{"line":2,"column":34}},"1":{"start":{"line":3,"column":25},"end":{"line":3,"column":67}},"2":{"start":{"line":4,"column":15},"end":{"line":4,"column":31}},"3":{"start":{"line":6,"column":0},"end":{"line":6,"column":30}},"4":{"start":{"line":8,"column":0},"end":{"line":8,"column":24}}},"fnMap":{},"branchMap":{},"s":{"0":2,"1":2,"2":2,"3":2,"4":2},"f":{},"b":{},"_coverageSchema":"1a1c01bbd47fc00a2c39e90264f33305004495a9","hash":"7067257344e91e547ae4875f8c79cd8459573b6c"}
,"C:\\Users\\syeda\\Desktop\\Volunteer-Backend\\src\\routes\\volcardsRoutes.js": {"path":"C:\\Users\\syeda\\Desktop\\Volunteer-Backend\\src\\routes\\volcardsRoutes.js","statementMap":{"0":{"start":{"line":1,"column":16},"end":{"line":1,"column":34}},"1":{"start":{"line":2,"column":34},"end":{"line":2,"column":78}},"2":{"start":{"line":4,"column":20},"end":{"line":4,"column":59}},"3":{"start":{"line":5,"column":20},"end":{"line":5,"column":60}},"4":{"start":{"line":7,"column":15},"end":{"line":7,"column":31}},"5":{"start":{"line":10,"column":0},"end":{"line":10,"column":73}},"6":{"start":{"line":12,"column":0},"end":{"line":12,"column":24}}},"fnMap":{},"branchMap":{},"s":{"0":2,"1":2,"2":2,"3":2,"4":2,"5":2,"6":2},"f":{},"b":{},"_coverageSchema":"1a1c01bbd47fc00a2c39e90264f33305004495a9","hash":"8289a180418e8710fc91952b444e1b2ae8a0c7bf"}
,"C:\\Users\\syeda\\Desktop\\Volunteer-Backend\\src\\routes\\volunteerRoutes.js": {"path":"C:\\Users\\syeda\\Desktop\\Volunteer-Backend\\src\\routes\\volunteerRoutes.js","statementMap":{"0":{"start":{"line":2,"column":16},"end":{"line":2,"column":34}},"1":{"start":{"line":5,"column":44},"end":{"line":5,"column":89}},"2":{"start":{"line":6,"column":20},"end":{"line":6,"column":59}},"3":{"start":{"line":8,"column":15},"end":{"line":8,"column":31}},"4":{"start":{"line":11,"column":0},"end":{"line":11,"column":57}},"5":{"start":{"line":14,"column":0},"end":{"line":14,"column":60}},"6":{"start":{"line":17,"column":0},"end":{"line":17,"column":57}},"7":{"start":{"line":20,"column":0},"end":{"line":20,"column":77}},"8":{"start":{"line":23,"column":0},"end":{"line":23,"column":70}},"9":{"start":{"line":26,"column":0},"end":{"line":26,"column":79}},"10":{"start":{"line":29,"column":0},"end":{"line":29,"column":63}},"11":{"start":{"line":32,"column":0},"end":{"line":32,"column":58}},"12":{"start":{"line":35,"column":0},"end":{"line":35,"column":24}}},"fnMap":{},"branchMap":{},"s":{"0":3,"1":3,"2":3,"3":3,"4":3,"5":3,"6":3,"7":3,"8":3,"9":3,"10":3,"11":3,"12":3},"f":{},"b":{},"_coverageSchema":"1a1c01bbd47fc00a2c39e90264f33305004495a9","hash":"93c81aedb44ee624fee859d44e6852a1c6138b80"}
,"C:\\Users\\syeda\\Desktop\\Volunteer-Backend\\src\\utils\\dateUtils.js": {"path":"C:\\Users\\syeda\\Desktop\\Volunteer-Backend\\src\\utils\\dateUtils.js","statementMap":{"0":{"start":{"line":1,"column":25},"end":{"line":8,"column":3}},"1":{"start":{"line":2,"column":26},"end":{"line":2,"column":91}},"2":{"start":{"line":3,"column":24},"end":{"line":3,"column":87}},"3":{"start":{"line":4,"column":25},"end":{"line":4,"column":88}},"4":{"start":{"line":5,"column":23},"end":{"line":5,"column":84}},"5":{"start":{"line":7,"column":4},"end":{"line":7,"column":68}},"6":{"start":{"line":10,"column":2},"end":{"line":10,"column":40}}},"fnMap":{"0":{"name":"(anonymous_0)","decl":{"start":{"line":1,"column":25},"end":{"line":1,"column":26}},"loc":{"start":{"line":1,"column":56},"end":{"line":8,"column":3}},"line":1}},"branchMap":{"0":{"loc":{"start":{"line":2,"column":59},"end":{"line":2,"column":88}},"type":"binary-expr","locations":[{"start":{"line":2,"column":59},"end":{"line":2,"column":77}},{"start":{"line":2,"column":81},"end":{"line":2,"column":88}}],"line":2},"1":{"loc":{"start":{"line":3,"column":57},"end":{"line":3,"column":84}},"type":"binary-expr","locations":[{"start":{"line":3,"column":57},"end":{"line":3,"column":73}},{"start":{"line":3,"column":77},"end":{"line":3,"column":84}}],"line":3},"2":{"loc":{"start":{"line":4,"column":57},"end":{"line":4,"column":85}},"type":"binary-expr","locations":[{"start":{"line":4,"column":57},"end":{"line":4,"column":74}},{"start":{"line":4,"column":78},"end":{"line":4,"column":85}}],"line":4},"3":{"loc":{"start":{"line":5,"column":55},"end":{"line":5,"column":81}},"type":"binary-expr","locations":[{"start":{"line":5,"column":55},"end":{"line":5,"column":70}},{"start":{"line":5,"column":74},"end":{"line":5,"column":81}}],"line":5},"4":{"loc":{"start":{"line":7,"column":11},"end":{"line":7,"column":67}},"type":"binary-expr","locations":[{"start":{"line":7,"column":11},"end":{"line":7,"column":37}},{"start":{"line":7,"column":41},"end":{"line":7,"column":67}}],"line":7}},"s":{"0":4,"1":5,"2":5,"3":5,"4":5,"5":5,"6":4},"f":{"0":5},"b":{"0":[5,1],"1":[5,1],"2":[5,1],"3":[5,1],"4":[5,5]},"_coverageSchema":"1a1c01bbd47fc00a2c39e90264f33305004495a9","hash":"908e3a4af7ae37842b874d42384bb480ad344568"}
}
