{"C:\\Users\\syeda\\Desktop\\Volunteer-Backend\\server.js": {"path":"C:\\Users\\syeda\\Desktop\\Volunteer-Backend\\server.js","statementMap":{"0":{"start":{"line":1,"column":16},"end":{"line":1,"column":34}},"1":{"start":{"line":2,"column":17},"end":{"line":2,"column":36}},"2":{"start":{"line":3,"column":15},"end":{"line":3,"column":32}},"3":{"start":{"line":4,"column":13},"end":{"line":4,"column":28}},"4":{"start":{"line":5,"column":0},"end":{"line":5,"column":27}},"5":{"start":{"line":6,"column":13},"end":{"line":6,"column":33}},"6":{"start":{"line":8,"column":0},"end":{"line":8,"column":16}},"7":{"start":{"line":11,"column":14},"end":{"line":11,"column":48}},"8":{"start":{"line":12,"column":25},"end":{"line":12,"column":70}},"9":{"start":{"line":14,"column":12},"end":{"line":14,"column":21}},"10":{"start":{"line":15,"column":0},"end":{"line":15,"column":16}},"11":{"start":{"line":16,"column":0},"end":{"line":16,"column":24}},"12":{"start":{"line":19,"column":19},"end":{"line":19,"column":53}},"13":{"start":{"line":20,"column":20},"end":{"line":20,"column":55}},"14":{"start":{"line":21,"column":24},"end":{"line":21,"column":63}},"15":{"start":{"line":22,"column":21},"end":{"line":22,"column":57}},"16":{"start":{"line":23,"column":27},"end":{"line":23,"column":69}},"17":{"start":{"line":24,"column":21},"end":{"line":24,"column":57}},"18":{"start":{"line":28,"column":0},"end":{"line":28,"column":33}},"19":{"start":{"line":29,"column":0},"end":{"line":29,"column":36}},"20":{"start":{"line":30,"column":0},"end":{"line":30,"column":44}},"21":{"start":{"line":31,"column":0},"end":{"line":31,"column":37}},"22":{"start":{"line":32,"column":0},"end":{"line":32,"column":50}},"23":{"start":{"line":33,"column":0},"end":{"line":33,"column":38}},"24":{"start":{"line":37,"column":0},"end":{"line":39,"column":34}},"25":{"start":{"line":38,"column":14},"end":{"line":38,"column":46}},"26":{"start":{"line":39,"column":16},"end":{"line":39,"column":32}},"27":{"start":{"line":43,"column":0},"end":{"line":62,"column":3}},"28":{"start":{"line":44,"column":2},"end":{"line":61,"column":3}},"29":{"start":{"line":45,"column":16},"end":{"line":45,"column":26}},"30":{"start":{"line":46,"column":23},"end":{"line":46,"column":63}},"31":{"start":{"line":48,"column":4},"end":{"line":57,"column":5}},"32":{"start":{"line":50,"column":6},"end":{"line":56,"column":8}},"33":{"start":{"line":60,"column":4},"end":{"line":60,"column":64}},"34":{"start":{"line":66,"column":13},"end":{"line":66,"column":37}},"35":{"start":{"line":70,"column":0},"end":{"line":70,"column":21}}},"fnMap":{"0":{"name":"(anonymous_0)","decl":{"start":{"line":38,"column":8},"end":{"line":38,"column":9}},"loc":{"start":{"line":38,"column":14},"end":{"line":38,"column":46}},"line":38},"1":{"name":"(anonymous_1)","decl":{"start":{"line":39,"column":9},"end":{"line":39,"column":10}},"loc":{"start":{"line":39,"column":16},"end":{"line":39,"column":32}},"line":39},"2":{"name":"(anonymous_2)","decl":{"start":{"line":43,"column":27},"end":{"line":43,"column":28}},"loc":{"start":{"line":43,"column":39},"end":{"line":62,"column":1}},"line":43}},"branchMap":{"0":{"loc":{"start":{"line":66,"column":13},"end":{"line":66,"column":37}},"type":"binary-expr","locations":[{"start":{"line":66,"column":13},"end":{"line":66,"column":29}},{"start":{"line":66,"column":33},"end":{"line":66,"column":37}}],"line":66}},"s":{"0":1,"1":1,"2":1,"3":1,"4":1,"5":1,"6":1,"7":1,"8":1,"9":1,"10":1,"11":1,"12":1,"13":1,"14":1,"15":1,"16":1,"17":1,"18":1,"19":1,"20":1,"21":1,"22":1,"23":1,"24":1,"25":0,"26":0,"27":1,"28":0,"29":0,"30":0,"31":0,"32":0,"33":0,"34":1,"35":1},"f":{"0":0,"1":0,"2":0},"b":{"0":[1,0]},"_coverageSchema":"1a1c01bbd47fc00a2c39e90264f33305004495a9","hash":"3915aa50a23c513d5760cbccb7a39d3f78d319dd"}
,"C:\\Users\\syeda\\Desktop\\Volunteer-Backend\\src\\controllers\\authController.js": {"path":"C:\\Users\\syeda\\Desktop\\Volunteer-Backend\\src\\controllers\\authController.js","statementMap":{"0":{"start":{"line":2,"column":15},"end":{"line":2,"column":34}},"1":{"start":{"line":3,"column":12},"end":{"line":3,"column":35}},"2":{"start":{"line":4,"column":13},"end":{"line":4,"column":43}},"3":{"start":{"line":5,"column":25},"end":{"line":5,"column":67}},"4":{"start":{"line":6,"column":17},"end":{"line":6,"column":36}},"5":{"start":{"line":9,"column":32},"end":{"line":9,"column":45}},"6":{"start":{"line":12,"column":17},"end":{"line":64,"column":1}},"7":{"start":{"line":13,"column":36},"end":{"line":13,"column":44}},"8":{"start":{"line":14,"column":2},"end":{"line":63,"column":3}},"9":{"start":{"line":16,"column":25},"end":{"line":16,"column":54}},"10":{"start":{"line":17,"column":4},"end":{"line":17,"column":83}},"11":{"start":{"line":17,"column":22},"end":{"line":17,"column":83}},"12":{"start":{"line":20,"column":4},"end":{"line":24,"column":5}},"13":{"start":{"line":22,"column":31},"end":{"line":22,"column":111}},"14":{"start":{"line":23,"column":6},"end":{"line":23,"column":115}},"15":{"start":{"line":23,"column":29},"end":{"line":23,"column":115}},"16":{"start":{"line":27,"column":27},"end":{"line":27,"column":58}},"17":{"start":{"line":30,"column":17},"end":{"line":30,"column":68}},"18":{"start":{"line":31,"column":4},"end":{"line":31,"column":22}},"19":{"start":{"line":34,"column":4},"end":{"line":53,"column":5}},"20":{"start":{"line":35,"column":31},"end":{"line":51,"column":8}},"21":{"start":{"line":52,"column":6},"end":{"line":52,"column":36}},"22":{"start":{"line":56,"column":18},"end":{"line":56,"column":110}},"23":{"start":{"line":60,"column":4},"end":{"line":60,"column":42}},"24":{"start":{"line":62,"column":4},"end":{"line":62,"column":52}},"25":{"start":{"line":67,"column":14},"end":{"line":91,"column":1}},"26":{"start":{"line":68,"column":30},"end":{"line":68,"column":38}},"27":{"start":{"line":69,"column":2},"end":{"line":90,"column":3}},"28":{"start":{"line":71,"column":17},"end":{"line":71,"column":46}},"29":{"start":{"line":72,"column":4},"end":{"line":74,"column":5}},"30":{"start":{"line":73,"column":6},"end":{"line":73,"column":66}},"31":{"start":{"line":77,"column":20},"end":{"line":77,"column":65}},"32":{"start":{"line":78,"column":4},"end":{"line":80,"column":5}},"33":{"start":{"line":79,"column":6},"end":{"line":79,"column":66}},"34":{"start":{"line":83,"column":18},"end":{"line":83,"column":110}},"35":{"start":{"line":87,"column":4},"end":{"line":87,"column":41}},"36":{"start":{"line":89,"column":4},"end":{"line":89,"column":50}},"37":{"start":{"line":93,"column":16},"end":{"line":109,"column":1}},"38":{"start":{"line":94,"column":2},"end":{"line":108,"column":3}},"39":{"start":{"line":96,"column":4},"end":{"line":98,"column":5}},"40":{"start":{"line":97,"column":6},"end":{"line":97,"column":80}},"41":{"start":{"line":100,"column":17},"end":{"line":100,"column":53}},"42":{"start":{"line":101,"column":4},"end":{"line":103,"column":5}},"43":{"start":{"line":102,"column":6},"end":{"line":102,"column":61}},"44":{"start":{"line":104,"column":4},"end":{"line":104,"column":46}},"45":{"start":{"line":106,"column":4},"end":{"line":106,"column":49}},"46":{"start":{"line":107,"column":4},"end":{"line":107,"column":50}},"47":{"start":{"line":111,"column":0},"end":{"line":111,"column":46}}},"fnMap":{"0":{"name":"(anonymous_0)","decl":{"start":{"line":12,"column":17},"end":{"line":12,"column":18}},"loc":{"start":{"line":12,"column":37},"end":{"line":64,"column":1}},"line":12},"1":{"name":"(anonymous_1)","decl":{"start":{"line":67,"column":14},"end":{"line":67,"column":15}},"loc":{"start":{"line":67,"column":34},"end":{"line":91,"column":1}},"line":67},"2":{"name":"(anonymous_2)","decl":{"start":{"line":93,"column":16},"end":{"line":93,"column":17}},"loc":{"start":{"line":93,"column":36},"end":{"line":109,"column":1}},"line":93}},"branchMap":{"0":{"loc":{"start":{"line":17,"column":4},"end":{"line":17,"column":83}},"type":"if","locations":[{"start":{"line":17,"column":4},"end":{"line":17,"column":83}},{"start":{},"end":{}}],"line":17},"1":{"loc":{"start":{"line":20,"column":4},"end":{"line":24,"column":5}},"type":"if","locations":[{"start":{"line":20,"column":4},"end":{"line":24,"column":5}},{"start":{},"end":{}}],"line":20},"2":{"loc":{"start":{"line":23,"column":6},"end":{"line":23,"column":115}},"type":"if","locations":[{"start":{"line":23,"column":6},"end":{"line":23,"column":115}},{"start":{},"end":{}}],"line":23},"3":{"loc":{"start":{"line":34,"column":4},"end":{"line":53,"column":5}},"type":"if","locations":[{"start":{"line":34,"column":4},"end":{"line":53,"column":5}},{"start":{},"end":{}}],"line":34},"4":{"loc":{"start":{"line":72,"column":4},"end":{"line":74,"column":5}},"type":"if","locations":[{"start":{"line":72,"column":4},"end":{"line":74,"column":5}},{"start":{},"end":{}}],"line":72},"5":{"loc":{"start":{"line":78,"column":4},"end":{"line":80,"column":5}},"type":"if","locations":[{"start":{"line":78,"column":4},"end":{"line":80,"column":5}},{"start":{},"end":{}}],"line":78},"6":{"loc":{"start":{"line":96,"column":4},"end":{"line":98,"column":5}},"type":"if","locations":[{"start":{"line":96,"column":4},"end":{"line":98,"column":5}},{"start":{},"end":{}}],"line":96},"7":{"loc":{"start":{"line":96,"column":8},"end":{"line":96,"column":37}},"type":"binary-expr","locations":[{"start":{"line":96,"column":8},"end":{"line":96,"column":17}},{"start":{"line":96,"column":21},"end":{"line":96,"column":37}}],"line":96},"8":{"loc":{"start":{"line":101,"column":4},"end":{"line":103,"column":5}},"type":"if","locations":[{"start":{"line":101,"column":4},"end":{"line":103,"column":5}},{"start":{},"end":{}}],"line":101}},"s":{"0":2,"1":2,"2":2,"3":2,"4":2,"5":2,"6":2,"7":5,"8":5,"9":5,"10":2,"11":1,"12":1,"13":0,"14":0,"15":0,"16":1,"17":1,"18":1,"19":1,"20":1,"21":1,"22":1,"23":1,"24":3,"25":2,"26":4,"27":4,"28":4,"29":3,"30":1,"31":2,"32":2,"33":0,"34":2,"35":2,"36":1,"37":2,"38":4,"39":4,"40":0,"41":4,"42":2,"43":1,"44":1,"45":2,"46":2,"47":2},"f":{"0":5,"1":4,"2":4},"b":{"0":[1,1],"1":[0,1],"2":[0,0],"3":[1,0],"4":[1,2],"5":[0,2],"6":[0,4],"7":[4,4],"8":[1,1]},"_coverageSchema":"1a1c01bbd47fc00a2c39e90264f33305004495a9","hash":"a1f85dfa3b553a1368dd61a92634bffea3214602"}
,"C:\\Users\\syeda\\Desktop\\Volunteer-Backend\\src\\controllers\\eventController.js": {"path":"C:\\Users\\syeda\\Desktop\\Volunteer-Backend\\src\\controllers\\eventController.js","statementMap":{"0":{"start":{"line":2,"column":14},"end":{"line":2,"column":45}},"1":{"start":{"line":3,"column":25},"end":{"line":3,"column":67}},"2":{"start":{"line":4,"column":21},"end":{"line":4,"column":59}},"3":{"start":{"line":5,"column":17},"end":{"line":5,"column":36}},"4":{"start":{"line":6,"column":17},"end":{"line":6,"column":40}},"5":{"start":{"line":8,"column":24},"end":{"line":25,"column":1}},"6":{"start":{"line":10,"column":21},"end":{"line":10,"column":57}},"7":{"start":{"line":11,"column":21},"end":{"line":11,"column":57}},"8":{"start":{"line":13,"column":2},"end":{"line":15,"column":3}},"9":{"start":{"line":14,"column":4},"end":{"line":14,"column":17}},"10":{"start":{"line":18,"column":22},"end":{"line":18,"column":96}},"11":{"start":{"line":19,"column":20},"end":{"line":19,"column":92}},"12":{"start":{"line":20,"column":22},"end":{"line":20,"column":96}},"13":{"start":{"line":21,"column":20},"end":{"line":21,"column":92}},"14":{"start":{"line":24,"column":2},"end":{"line":24,"column":60}},"15":{"start":{"line":28,"column":20},"end":{"line":83,"column":1}},"16":{"start":{"line":29,"column":2},"end":{"line":82,"column":3}},"17":{"start":{"line":30,"column":4},"end":{"line":30,"column":43}},"18":{"start":{"line":31,"column":127},"end":{"line":31,"column":135}},"19":{"start":{"line":34,"column":4},"end":{"line":37,"column":5}},"20":{"start":{"line":35,"column":6},"end":{"line":35,"column":45}},"21":{"start":{"line":36,"column":6},"end":{"line":36,"column":78}},"22":{"start":{"line":40,"column":4},"end":{"line":43,"column":5}},"23":{"start":{"line":41,"column":6},"end":{"line":41,"column":48}},"24":{"start":{"line":42,"column":6},"end":{"line":42,"column":66}},"25":{"start":{"line":45,"column":18},"end":{"line":60,"column":6}},"26":{"start":{"line":62,"column":4},"end":{"line":62,"column":23}},"27":{"start":{"line":63,"column":4},"end":{"line":63,"column":44}},"28":{"start":{"line":67,"column":25},"end":{"line":72,"column":6}},"29":{"start":{"line":73,"column":4},"end":{"line":73,"column":30}},"30":{"start":{"line":78,"column":4},"end":{"line":78,"column":91}},"31":{"start":{"line":80,"column":4},"end":{"line":80,"column":56}},"32":{"start":{"line":81,"column":4},"end":{"line":81,"column":67}},"33":{"start":{"line":86,"column":20},"end":{"line":122,"column":1}},"34":{"start":{"line":87,"column":18},"end":{"line":87,"column":31}},"35":{"start":{"line":88,"column":125},"end":{"line":88,"column":133}},"36":{"start":{"line":90,"column":2},"end":{"line":121,"column":3}},"37":{"start":{"line":92,"column":25},"end":{"line":111,"column":5}},"38":{"start":{"line":113,"column":4},"end":{"line":115,"column":5}},"39":{"start":{"line":114,"column":6},"end":{"line":114,"column":62}},"40":{"start":{"line":117,"column":4},"end":{"line":117,"column":85}},"41":{"start":{"line":119,"column":4},"end":{"line":119,"column":50}},"42":{"start":{"line":120,"column":4},"end":{"line":120,"column":60}},"43":{"start":{"line":125,"column":35},"end":{"line":173,"column":1}},"44":{"start":{"line":126,"column":37},"end":{"line":126,"column":45}},"45":{"start":{"line":128,"column":4},"end":{"line":128,"column":46}},"46":{"start":{"line":129,"column":4},"end":{"line":129,"column":54}},"47":{"start":{"line":131,"column":4},"end":{"line":172,"column":5}},"48":{"start":{"line":133,"column":22},"end":{"line":133,"column":65}},"49":{"start":{"line":135,"column":8},"end":{"line":137,"column":9}},"50":{"start":{"line":136,"column":12},"end":{"line":136,"column":68}},"51":{"start":{"line":140,"column":8},"end":{"line":142,"column":9}},"52":{"start":{"line":141,"column":12},"end":{"line":141,"column":44}},"53":{"start":{"line":145,"column":26},"end":{"line":145,"column":95}},"54":{"start":{"line":146,"column":8},"end":{"line":148,"column":9}},"55":{"start":{"line":147,"column":12},"end":{"line":147,"column":72}},"56":{"start":{"line":151,"column":8},"end":{"line":153,"column":9}},"57":{"start":{"line":152,"column":12},"end":{"line":152,"column":43}},"58":{"start":{"line":156,"column":8},"end":{"line":158,"column":9}},"59":{"start":{"line":156,"column":51},"end":{"line":156,"column":73}},"60":{"start":{"line":157,"column":12},"end":{"line":157,"column":57}},"61":{"start":{"line":161,"column":8},"end":{"line":163,"column":9}},"62":{"start":{"line":161,"column":50},"end":{"line":161,"column":68}},"63":{"start":{"line":162,"column":12},"end":{"line":162,"column":52}},"64":{"start":{"line":165,"column":8},"end":{"line":165,"column":27}},"65":{"start":{"line":166,"column":8},"end":{"line":166,"column":31}},"66":{"start":{"line":168,"column":8},"end":{"line":168,"column":72}},"67":{"start":{"line":170,"column":8},"end":{"line":170,"column":70}},"68":{"start":{"line":171,"column":8},"end":{"line":171,"column":54}},"69":{"start":{"line":178,"column":18},"end":{"line":189,"column":1}},"70":{"start":{"line":179,"column":2},"end":{"line":188,"column":3}},"71":{"start":{"line":180,"column":19},"end":{"line":180,"column":70}},"72":{"start":{"line":181,"column":29},"end":{"line":184,"column":7}},"73":{"start":{"line":181,"column":52},"end":{"line":184,"column":5}},"74":{"start":{"line":185,"column":4},"end":{"line":185,"column":43}},"75":{"start":{"line":187,"column":4},"end":{"line":187,"column":60}},"76":{"start":{"line":193,"column":26},"end":{"line":206,"column":1}},"77":{"start":{"line":194,"column":2},"end":{"line":205,"column":3}},"78":{"start":{"line":195,"column":18},"end":{"line":195,"column":28}},"79":{"start":{"line":196,"column":19},"end":{"line":196,"column":95}},"80":{"start":{"line":198,"column":29},"end":{"line":201,"column":7}},"81":{"start":{"line":198,"column":52},"end":{"line":201,"column":5}},"82":{"start":{"line":202,"column":4},"end":{"line":202,"column":43}},"83":{"start":{"line":204,"column":4},"end":{"line":204,"column":69}},"84":{"start":{"line":208,"column":22},"end":{"line":221,"column":1}},"85":{"start":{"line":209,"column":2},"end":{"line":220,"column":3}},"86":{"start":{"line":210,"column":18},"end":{"line":210,"column":28}},"87":{"start":{"line":211,"column":19},"end":{"line":211,"column":94}},"88":{"start":{"line":213,"column":29},"end":{"line":216,"column":7}},"89":{"start":{"line":213,"column":52},"end":{"line":216,"column":5}},"90":{"start":{"line":217,"column":4},"end":{"line":217,"column":43}},"91":{"start":{"line":219,"column":4},"end":{"line":219,"column":65}},"92":{"start":{"line":225,"column":27},"end":{"line":249,"column":1}},"93":{"start":{"line":226,"column":4},"end":{"line":248,"column":5}},"94":{"start":{"line":227,"column":28},"end":{"line":227,"column":43}},"95":{"start":{"line":230,"column":26},"end":{"line":230,"column":109}},"96":{"start":{"line":233,"column":8},"end":{"line":235,"column":9}},"97":{"start":{"line":234,"column":12},"end":{"line":234,"column":72}},"98":{"start":{"line":238,"column":26},"end":{"line":238,"column":44}},"99":{"start":{"line":241,"column":32},"end":{"line":241,"column":146}},"100":{"start":{"line":241,"column":58},"end":{"line":241,"column":145}},"101":{"start":{"line":241,"column":108},"end":{"line":241,"column":144}},"102":{"start":{"line":244,"column":8},"end":{"line":244,"column":46}},"103":{"start":{"line":246,"column":8},"end":{"line":246,"column":65}},"104":{"start":{"line":247,"column":8},"end":{"line":247,"column":74}},"105":{"start":{"line":253,"column":27},"end":{"line":261,"column":1}},"106":{"start":{"line":254,"column":24},"end":{"line":254,"column":39}},"107":{"start":{"line":255,"column":4},"end":{"line":260,"column":5}},"108":{"start":{"line":256,"column":26},"end":{"line":256,"column":109}},"109":{"start":{"line":257,"column":8},"end":{"line":257,"column":56}},"110":{"start":{"line":259,"column":8},"end":{"line":259,"column":74}},"111":{"start":{"line":265,"column":37},"end":{"line":285,"column":3}},"112":{"start":{"line":266,"column":24},"end":{"line":266,"column":32}},"113":{"start":{"line":268,"column":4},"end":{"line":284,"column":5}},"114":{"start":{"line":270,"column":24},"end":{"line":270,"column":83}},"115":{"start":{"line":271,"column":6},"end":{"line":271,"column":82}},"116":{"start":{"line":271,"column":22},"end":{"line":271,"column":82}},"117":{"start":{"line":274,"column":6},"end":{"line":276,"column":8}},"118":{"start":{"line":275,"column":16},"end":{"line":275,"column":41}},"119":{"start":{"line":278,"column":6},"end":{"line":278,"column":29}},"120":{"start":{"line":280,"column":6},"end":{"line":280,"column":86}},"121":{"start":{"line":282,"column":6},"end":{"line":282,"column":27}},"122":{"start":{"line":283,"column":6},"end":{"line":283,"column":70}},"123":{"start":{"line":289,"column":4},"end":{"line":320,"column":5}},"124":{"start":{"line":290,"column":28},"end":{"line":290,"column":43}},"125":{"start":{"line":293,"column":26},"end":{"line":293,"column":70}},"126":{"start":{"line":294,"column":8},"end":{"line":296,"column":9}},"127":{"start":{"line":295,"column":12},"end":{"line":295,"column":76}},"128":{"start":{"line":299,"column":67},"end":{"line":299,"column":76}},"129":{"start":{"line":302,"column":23},"end":{"line":308,"column":9}},"130":{"start":{"line":311,"column":31},"end":{"line":313,"column":9}},"131":{"start":{"line":316,"column":8},"end":{"line":316,"column":33}},"132":{"start":{"line":318,"column":8},"end":{"line":318,"column":64}},"133":{"start":{"line":319,"column":8},"end":{"line":319,"column":67}},"134":{"start":{"line":323,"column":19},"end":{"line":396,"column":1}},"135":{"start":{"line":324,"column":2},"end":{"line":395,"column":3}},"136":{"start":{"line":326,"column":23},"end":{"line":326,"column":87}},"137":{"start":{"line":329,"column":18},"end":{"line":329,"column":28}},"138":{"start":{"line":330,"column":27},"end":{"line":330,"column":70}},"139":{"start":{"line":333,"column":33},"end":{"line":333,"column":35}},"140":{"start":{"line":336,"column":4},"end":{"line":338,"column":7}},"141":{"start":{"line":337,"column":6},"end":{"line":337,"column":90}},"142":{"start":{"line":341,"column":26},"end":{"line":341,"column":56}},"143":{"start":{"line":344,"column":4},"end":{"line":389,"column":5}},"144":{"start":{"line":345,"column":30},"end":{"line":347,"column":7}},"145":{"start":{"line":346,"column":8},"end":{"line":346,"column":54}},"146":{"start":{"line":350,"column":6},"end":{"line":359,"column":9}},"147":{"start":{"line":351,"column":34},"end":{"line":351,"column":85}},"148":{"start":{"line":352,"column":8},"end":{"line":352,"column":62}},"149":{"start":{"line":352,"column":37},"end":{"line":352,"column":62}},"150":{"start":{"line":355,"column":32},"end":{"line":355,"column":75}},"151":{"start":{"line":356,"column":32},"end":{"line":356,"column":75}},"152":{"start":{"line":358,"column":8},"end":{"line":358,"column":49}},"153":{"start":{"line":361,"column":6},"end":{"line":388,"column":7}},"154":{"start":{"line":362,"column":27},"end":{"line":362,"column":47}},"155":{"start":{"line":365,"column":28},"end":{"line":367,"column":9}},"156":{"start":{"line":366,"column":10},"end":{"line":366,"column":49}},"157":{"start":{"line":369,"column":8},"end":{"line":371,"column":9}},"158":{"start":{"line":370,"column":10},"end":{"line":370,"column":19}},"159":{"start":{"line":376,"column":8},"end":{"line":376,"column":55}},"160":{"start":{"line":377,"column":8},"end":{"line":377,"column":27}},"161":{"start":{"line":380,"column":8},"end":{"line":380,"column":50}},"162":{"start":{"line":381,"column":8},"end":{"line":381,"column":31}},"163":{"start":{"line":384,"column":8},"end":{"line":384,"column":87}},"164":{"start":{"line":387,"column":8},"end":{"line":387,"column":14}},"165":{"start":{"line":391,"column":4},"end":{"line":391,"column":70}},"166":{"start":{"line":393,"column":4},"end":{"line":393,"column":51}},"167":{"start":{"line":394,"column":4},"end":{"line":394,"column":60}},"168":{"start":{"line":398,"column":37},"end":{"line":437,"column":1}},"169":{"start":{"line":399,"column":20},"end":{"line":399,"column":40}},"170":{"start":{"line":400,"column":20},"end":{"line":400,"column":78}},"171":{"start":{"line":403,"column":20},"end":{"line":410,"column":4}},"172":{"start":{"line":404,"column":24},"end":{"line":404,"column":51}},"173":{"start":{"line":405,"column":4},"end":{"line":409,"column":6}},"174":{"start":{"line":412,"column":2},"end":{"line":412,"column":30}},"175":{"start":{"line":412,"column":17},"end":{"line":412,"column":30}},"176":{"start":{"line":415,"column":34},"end":{"line":422,"column":4}},"177":{"start":{"line":416,"column":25},"end":{"line":416,"column":53}},"178":{"start":{"line":417,"column":4},"end":{"line":421,"column":6}},"179":{"start":{"line":424,"column":2},"end":{"line":424,"column":43}},"180":{"start":{"line":424,"column":31},"end":{"line":424,"column":43}},"181":{"start":{"line":427,"column":30},"end":{"line":427,"column":71}},"182":{"start":{"line":428,"column":2},"end":{"line":434,"column":3}},"183":{"start":{"line":429,"column":4},"end":{"line":433,"column":5}},"184":{"start":{"line":430,"column":6},"end":{"line":430,"column":18}},"185":{"start":{"line":431,"column":11},"end":{"line":433,"column":5}},"186":{"start":{"line":432,"column":6},"end":{"line":432,"column":55}},"187":{"start":{"line":436,"column":2},"end":{"line":436,"column":15}},"188":{"start":{"line":439,"column":22},"end":{"line":449,"column":1}},"189":{"start":{"line":440,"column":21},"end":{"line":440,"column":93}},"190":{"start":{"line":441,"column":19},"end":{"line":441,"column":89}},"191":{"start":{"line":443,"column":21},"end":{"line":445,"column":3}},"192":{"start":{"line":446,"column":19},"end":{"line":446,"column":92}},"193":{"start":{"line":448,"column":2},"end":{"line":448,"column":56}},"194":{"start":{"line":451,"column":0},"end":{"line":453,"column":66}}},"fnMap":{"0":{"name":"(anonymous_0)","decl":{"start":{"line":8,"column":24},"end":{"line":8,"column":25}},"loc":{"start":{"line":8,"column":44},"end":{"line":25,"column":1}},"line":8},"1":{"name":"(anonymous_1)","decl":{"start":{"line":28,"column":20},"end":{"line":28,"column":21}},"loc":{"start":{"line":28,"column":40},"end":{"line":83,"column":1}},"line":28},"2":{"name":"(anonymous_2)","decl":{"start":{"line":86,"column":20},"end":{"line":86,"column":21}},"loc":{"start":{"line":86,"column":40},"end":{"line":122,"column":1}},"line":86},"3":{"name":"(anonymous_3)","decl":{"start":{"line":125,"column":35},"end":{"line":125,"column":36}},"loc":{"start":{"line":125,"column":55},"end":{"line":173,"column":1}},"line":125},"4":{"name":"(anonymous_4)","decl":{"start":{"line":156,"column":45},"end":{"line":156,"column":46}},"loc":{"start":{"line":156,"column":51},"end":{"line":156,"column":73}},"line":156},"5":{"name":"(anonymous_5)","decl":{"start":{"line":161,"column":44},"end":{"line":161,"column":45}},"loc":{"start":{"line":161,"column":50},"end":{"line":161,"column":68}},"line":161},"6":{"name":"(anonymous_6)","decl":{"start":{"line":178,"column":18},"end":{"line":178,"column":19}},"loc":{"start":{"line":178,"column":38},"end":{"line":189,"column":1}},"line":178},"7":{"name":"(anonymous_7)","decl":{"start":{"line":181,"column":40},"end":{"line":181,"column":41}},"loc":{"start":{"line":181,"column":52},"end":{"line":184,"column":5}},"line":181},"8":{"name":"(anonymous_8)","decl":{"start":{"line":193,"column":26},"end":{"line":193,"column":27}},"loc":{"start":{"line":193,"column":46},"end":{"line":206,"column":1}},"line":193},"9":{"name":"(anonymous_9)","decl":{"start":{"line":198,"column":40},"end":{"line":198,"column":41}},"loc":{"start":{"line":198,"column":52},"end":{"line":201,"column":5}},"line":198},"10":{"name":"(anonymous_10)","decl":{"start":{"line":208,"column":22},"end":{"line":208,"column":23}},"loc":{"start":{"line":208,"column":42},"end":{"line":221,"column":1}},"line":208},"11":{"name":"(anonymous_11)","decl":{"start":{"line":213,"column":40},"end":{"line":213,"column":41}},"loc":{"start":{"line":213,"column":52},"end":{"line":216,"column":5}},"line":213},"12":{"name":"(anonymous_12)","decl":{"start":{"line":225,"column":27},"end":{"line":225,"column":28}},"loc":{"start":{"line":225,"column":47},"end":{"line":249,"column":1}},"line":225},"13":{"name":"(anonymous_13)","decl":{"start":{"line":241,"column":49},"end":{"line":241,"column":50}},"loc":{"start":{"line":241,"column":58},"end":{"line":241,"column":145}},"line":241},"14":{"name":"(anonymous_14)","decl":{"start":{"line":241,"column":90},"end":{"line":241,"column":91}},"loc":{"start":{"line":241,"column":108},"end":{"line":241,"column":144}},"line":241},"15":{"name":"(anonymous_15)","decl":{"start":{"line":253,"column":27},"end":{"line":253,"column":28}},"loc":{"start":{"line":253,"column":47},"end":{"line":261,"column":1}},"line":253},"16":{"name":"(anonymous_16)","decl":{"start":{"line":265,"column":37},"end":{"line":265,"column":38}},"loc":{"start":{"line":265,"column":57},"end":{"line":285,"column":3}},"line":265},"17":{"name":"(anonymous_17)","decl":{"start":{"line":275,"column":8},"end":{"line":275,"column":9}},"loc":{"start":{"line":275,"column":16},"end":{"line":275,"column":41}},"line":275},"18":{"name":"getMatchingEvents","decl":{"start":{"line":288,"column":17},"end":{"line":288,"column":34}},"loc":{"start":{"line":288,"column":45},"end":{"line":321,"column":1}},"line":288},"19":{"name":"(anonymous_19)","decl":{"start":{"line":323,"column":19},"end":{"line":323,"column":20}},"loc":{"start":{"line":323,"column":39},"end":{"line":396,"column":1}},"line":323},"20":{"name":"(anonymous_20)","decl":{"start":{"line":336,"column":27},"end":{"line":336,"column":28}},"loc":{"start":{"line":336,"column":38},"end":{"line":338,"column":5}},"line":336},"21":{"name":"(anonymous_21)","decl":{"start":{"line":345,"column":52},"end":{"line":345,"column":53}},"loc":{"start":{"line":346,"column":8},"end":{"line":346,"column":54}},"line":346},"22":{"name":"(anonymous_22)","decl":{"start":{"line":350,"column":27},"end":{"line":350,"column":28}},"loc":{"start":{"line":350,"column":37},"end":{"line":359,"column":7}},"line":350},"23":{"name":"(anonymous_23)","decl":{"start":{"line":365,"column":59},"end":{"line":365,"column":60}},"loc":{"start":{"line":366,"column":10},"end":{"line":366,"column":49}},"line":366},"24":{"name":"(anonymous_24)","decl":{"start":{"line":398,"column":37},"end":{"line":398,"column":38}},"loc":{"start":{"line":398,"column":59},"end":{"line":437,"column":1}},"line":398},"25":{"name":"(anonymous_25)","decl":{"start":{"line":403,"column":56},"end":{"line":403,"column":57}},"loc":{"start":{"line":403,"column":74},"end":{"line":410,"column":3}},"line":403},"26":{"name":"(anonymous_26)","decl":{"start":{"line":415,"column":71},"end":{"line":415,"column":72}},"loc":{"start":{"line":415,"column":90},"end":{"line":422,"column":3}},"line":415},"27":{"name":"(anonymous_27)","decl":{"start":{"line":439,"column":22},"end":{"line":439,"column":23}},"loc":{"start":{"line":439,"column":47},"end":{"line":449,"column":1}},"line":439}},"branchMap":{"0":{"loc":{"start":{"line":13,"column":2},"end":{"line":15,"column":3}},"type":"if","locations":[{"start":{"line":13,"column":2},"end":{"line":15,"column":3}},{"start":{},"end":{}}],"line":13},"1":{"loc":{"start":{"line":24,"column":9},"end":{"line":24,"column":59}},"type":"binary-expr","locations":[{"start":{"line":24,"column":9},"end":{"line":24,"column":32}},{"start":{"line":24,"column":36},"end":{"line":24,"column":59}}],"line":24},"2":{"loc":{"start":{"line":34,"column":4},"end":{"line":37,"column":5}},"type":"if","locations":[{"start":{"line":34,"column":4},"end":{"line":37,"column":5}},{"start":{},"end":{}}],"line":34},"3":{"loc":{"start":{"line":34,"column":8},"end":{"line":34,"column":139}},"type":"binary-expr","locations":[{"start":{"line":34,"column":8},"end":{"line":34,"column":13}},{"start":{"line":34,"column":17},"end":{"line":34,"column":29}},{"start":{"line":34,"column":33},"end":{"line":34,"column":42}},{"start":{"line":34,"column":46},"end":{"line":34,"column":51}},{"start":{"line":34,"column":55},"end":{"line":34,"column":61}},{"start":{"line":34,"column":65},"end":{"line":34,"column":73}},{"start":{"line":34,"column":77},"end":{"line":34,"column":92}},{"start":{"line":34,"column":96},"end":{"line":34,"column":104}},{"start":{"line":34,"column":108},"end":{"line":34,"column":113}},{"start":{"line":34,"column":117},"end":{"line":34,"column":127}},{"start":{"line":34,"column":131},"end":{"line":34,"column":139}}],"line":34},"4":{"loc":{"start":{"line":40,"column":4},"end":{"line":43,"column":5}},"type":"if","locations":[{"start":{"line":40,"column":4},"end":{"line":43,"column":5}},{"start":{},"end":{}}],"line":40},"5":{"loc":{"start":{"line":113,"column":4},"end":{"line":115,"column":5}},"type":"if","locations":[{"start":{"line":113,"column":4},"end":{"line":115,"column":5}},{"start":{},"end":{}}],"line":113},"6":{"loc":{"start":{"line":135,"column":8},"end":{"line":137,"column":9}},"type":"if","locations":[{"start":{"line":135,"column":8},"end":{"line":137,"column":9}},{"start":{},"end":{}}],"line":135},"7":{"loc":{"start":{"line":140,"column":8},"end":{"line":142,"column":9}},"type":"if","locations":[{"start":{"line":140,"column":8},"end":{"line":142,"column":9}},{"start":{},"end":{}}],"line":140},"8":{"loc":{"start":{"line":146,"column":8},"end":{"line":148,"column":9}},"type":"if","locations":[{"start":{"line":146,"column":8},"end":{"line":148,"column":9}},{"start":{},"end":{}}],"line":146},"9":{"loc":{"start":{"line":151,"column":8},"end":{"line":153,"column":9}},"type":"if","locations":[{"start":{"line":151,"column":8},"end":{"line":153,"column":9}},{"start":{},"end":{}}],"line":151},"10":{"loc":{"start":{"line":156,"column":8},"end":{"line":158,"column":9}},"type":"if","locations":[{"start":{"line":156,"column":8},"end":{"line":158,"column":9}},{"start":{},"end":{}}],"line":156},"11":{"loc":{"start":{"line":161,"column":8},"end":{"line":163,"column":9}},"type":"if","locations":[{"start":{"line":161,"column":8},"end":{"line":163,"column":9}},{"start":{},"end":{}}],"line":161},"12":{"loc":{"start":{"line":233,"column":8},"end":{"line":235,"column":9}},"type":"if","locations":[{"start":{"line":233,"column":8},"end":{"line":235,"column":9}},{"start":{},"end":{}}],"line":233},"13":{"loc":{"start":{"line":271,"column":6},"end":{"line":271,"column":82}},"type":"if","locations":[{"start":{"line":271,"column":6},"end":{"line":271,"column":82}},{"start":{},"end":{}}],"line":271},"14":{"loc":{"start":{"line":294,"column":8},"end":{"line":296,"column":9}},"type":"if","locations":[{"start":{"line":294,"column":8},"end":{"line":296,"column":9}},{"start":{},"end":{}}],"line":294},"15":{"loc":{"start":{"line":337,"column":51},"end":{"line":337,"column":89}},"type":"binary-expr","locations":[{"start":{"line":337,"column":51},"end":{"line":337,"column":84}},{"start":{"line":337,"column":88},"end":{"line":337,"column":89}}],"line":337},"16":{"loc":{"start":{"line":352,"column":8},"end":{"line":352,"column":62}},"type":"if","locations":[{"start":{"line":352,"column":8},"end":{"line":352,"column":62}},{"start":{},"end":{}}],"line":352},"17":{"loc":{"start":{"line":355,"column":32},"end":{"line":355,"column":75}},"type":"binary-expr","locations":[{"start":{"line":355,"column":32},"end":{"line":355,"column":70}},{"start":{"line":355,"column":74},"end":{"line":355,"column":75}}],"line":355},"18":{"loc":{"start":{"line":356,"column":32},"end":{"line":356,"column":75}},"type":"binary-expr","locations":[{"start":{"line":356,"column":32},"end":{"line":356,"column":70}},{"start":{"line":356,"column":74},"end":{"line":356,"column":75}}],"line":356},"19":{"loc":{"start":{"line":369,"column":8},"end":{"line":371,"column":9}},"type":"if","locations":[{"start":{"line":369,"column":8},"end":{"line":371,"column":9}},{"start":{},"end":{}}],"line":369},"20":{"loc":{"start":{"line":384,"column":44},"end":{"line":384,"column":81}},"type":"binary-expr","locations":[{"start":{"line":384,"column":44},"end":{"line":384,"column":76}},{"start":{"line":384,"column":80},"end":{"line":384,"column":81}}],"line":384},"21":{"loc":{"start":{"line":406,"column":6},"end":{"line":408,"column":87}},"type":"binary-expr","locations":[{"start":{"line":406,"column":6},"end":{"line":406,"column":61}},{"start":{"line":407,"column":7},"end":{"line":407,"column":28}},{"start":{"line":408,"column":9},"end":{"line":408,"column":27}},{"start":{"line":408,"column":31},"end":{"line":408,"column":47}},{"start":{"line":408,"column":51},"end":{"line":408,"column":85}}],"line":406},"22":{"loc":{"start":{"line":412,"column":2},"end":{"line":412,"column":30}},"type":"if","locations":[{"start":{"line":412,"column":2},"end":{"line":412,"column":30}},{"start":{},"end":{}}],"line":412},"23":{"loc":{"start":{"line":418,"column":6},"end":{"line":420,"column":90}},"type":"binary-expr","locations":[{"start":{"line":418,"column":6},"end":{"line":418,"column":62}},{"start":{"line":419,"column":7},"end":{"line":419,"column":29}},{"start":{"line":420,"column":9},"end":{"line":420,"column":28}},{"start":{"line":420,"column":32},"end":{"line":420,"column":49}},{"start":{"line":420,"column":53},"end":{"line":420,"column":88}}],"line":418},"24":{"loc":{"start":{"line":424,"column":2},"end":{"line":424,"column":43}},"type":"if","locations":[{"start":{"line":424,"column":2},"end":{"line":424,"column":43}},{"start":{},"end":{}}],"line":424},"25":{"loc":{"start":{"line":428,"column":2},"end":{"line":434,"column":3}},"type":"if","locations":[{"start":{"line":428,"column":2},"end":{"line":434,"column":3}},{"start":{},"end":{}}],"line":428},"26":{"loc":{"start":{"line":428,"column":6},"end":{"line":428,"column":60}},"type":"binary-expr","locations":[{"start":{"line":428,"column":6},"end":{"line":428,"column":25}},{"start":{"line":428,"column":29},"end":{"line":428,"column":60}}],"line":428},"27":{"loc":{"start":{"line":429,"column":4},"end":{"line":433,"column":5}},"type":"if","locations":[{"start":{"line":429,"column":4},"end":{"line":433,"column":5}},{"start":{"line":431,"column":11},"end":{"line":433,"column":5}}],"line":429},"28":{"loc":{"start":{"line":431,"column":11},"end":{"line":433,"column":5}},"type":"if","locations":[{"start":{"line":431,"column":11},"end":{"line":433,"column":5}},{"start":{},"end":{}}],"line":431},"29":{"loc":{"start":{"line":431,"column":15},"end":{"line":431,"column":67}},"type":"binary-expr","locations":[{"start":{"line":431,"column":15},"end":{"line":431,"column":40}},{"start":{"line":431,"column":44},"end":{"line":431,"column":67}}],"line":431},"30":{"loc":{"start":{"line":448,"column":9},"end":{"line":448,"column":55}},"type":"binary-expr","locations":[{"start":{"line":448,"column":9},"end":{"line":448,"column":30}},{"start":{"line":448,"column":34},"end":{"line":448,"column":55}}],"line":448}},"s":{"0":2,"1":2,"2":2,"3":2,"4":2,"5":2,"6":0,"7":0,"8":0,"9":0,"10":0,"11":0,"12":0,"13":0,"14":0,"15":2,"16":1,"17":1,"18":1,"19":1,"20":0,"21":0,"22":1,"23":0,"24":0,"25":1,"26":1,"27":1,"28":1,"29":1,"30":1,"31":0,"32":0,"33":2,"34":0,"35":0,"36":0,"37":0,"38":0,"39":0,"40":0,"41":0,"42":0,"43":2,"44":0,"45":0,"46":0,"47":0,"48":0,"49":0,"50":0,"51":0,"52":0,"53":0,"54":0,"55":0,"56":0,"57":0,"58":0,"59":0,"60":0,"61":0,"62":0,"63":0,"64":0,"65":0,"66":0,"67":0,"68":0,"69":2,"70":0,"71":0,"72":0,"73":0,"74":0,"75":0,"76":2,"77":0,"78":0,"79":0,"80":0,"81":0,"82":0,"83":0,"84":2,"85":0,"86":0,"87":0,"88":0,"89":0,"90":0,"91":0,"92":2,"93":1,"94":1,"95":1,"96":1,"97":0,"98":1,"99":1,"100":0,"101":0,"102":0,"103":1,"104":1,"105":2,"106":0,"107":0,"108":0,"109":0,"110":0,"111":2,"112":0,"113":0,"114":0,"115":0,"116":0,"117":0,"118":0,"119":0,"120":0,"121":0,"122":0,"123":0,"124":0,"125":0,"126":0,"127":0,"128":0,"129":0,"130":0,"131":0,"132":0,"133":0,"134":2,"135":0,"136":0,"137":0,"138":0,"139":0,"140":0,"141":0,"142":0,"143":0,"144":0,"145":0,"146":0,"147":0,"148":0,"149":0,"150":0,"151":0,"152":0,"153":0,"154":0,"155":0,"156":0,"157":0,"158":0,"159":0,"160":0,"161":0,"162":0,"163":0,"164":0,"165":0,"166":0,"167":0,"168":2,"169":0,"170":0,"171":0,"172":0,"173":0,"174":0,"175":0,"176":0,"177":0,"178":0,"179":0,"180":0,"181":0,"182":0,"183":0,"184":0,"185":0,"186":0,"187":0,"188":2,"189":0,"190":0,"191":0,"192":0,"193":0,"194":2},"f":{"0":0,"1":1,"2":0,"3":0,"4":0,"5":0,"6":0,"7":0,"8":0,"9":0,"10":0,"11":0,"12":1,"13":0,"14":0,"15":0,"16":0,"17":0,"18":0,"19":0,"20":0,"21":0,"22":0,"23":0,"24":0,"25":0,"26":0,"27":0},"b":{"0":[0,0],"1":[0,0],"2":[0,1],"3":[1,1,1,1,1,1,1,1,1,1,1],"4":[0,1],"5":[0,0],"6":[0,0],"7":[0,0],"8":[0,0],"9":[0,0],"10":[0,0],"11":[0,0],"12":[0,1],"13":[0,0],"14":[0,0],"15":[0,0],"16":[0,0],"17":[0,0],"18":[0,0],"19":[0,0],"20":[0,0],"21":[0,0,0,0,0],"22":[0,0],"23":[0,0,0,0,0],"24":[0,0],"25":[0,0],"26":[0,0],"27":[0,0],"28":[0,0],"29":[0,0],"30":[0,0]},"_coverageSchema":"1a1c01bbd47fc00a2c39e90264f33305004495a9","hash":"d6ea34163ed2c7dae7280272ad5149aa87765a01"}
,"C:\\Users\\syeda\\Desktop\\Volunteer-Backend\\src\\controllers\\reportController.js": {"path":"C:\\Users\\syeda\\Desktop\\Volunteer-Backend\\src\\controllers\\reportController.js","statementMap":{"0":{"start":{"line":2,"column":25},"end":{"line":2,"column":67}},"1":{"start":{"line":3,"column":14},"end":{"line":3,"column":45}},"2":{"start":{"line":5,"column":19},"end":{"line":5,"column":38}},"3":{"start":{"line":6,"column":20},"end":{"line":6,"column":37}},"4":{"start":{"line":8,"column":28},"end":{"line":20,"column":1}},"5":{"start":{"line":9,"column":2},"end":{"line":19,"column":3}},"6":{"start":{"line":10,"column":23},"end":{"line":13,"column":39}},"7":{"start":{"line":15,"column":4},"end":{"line":15,"column":37}},"8":{"start":{"line":17,"column":4},"end":{"line":17,"column":62}},"9":{"start":{"line":18,"column":4},"end":{"line":18,"column":71}},"10":{"start":{"line":22,"column":24},"end":{"line":39,"column":3}},"11":{"start":{"line":23,"column":4},"end":{"line":38,"column":5}},"12":{"start":{"line":24,"column":21},"end":{"line":32,"column":10}},"13":{"start":{"line":34,"column":6},"end":{"line":34,"column":35}},"14":{"start":{"line":36,"column":6},"end":{"line":36,"column":60}},"15":{"start":{"line":37,"column":6},"end":{"line":37,"column":69}},"16":{"start":{"line":41,"column":32},"end":{"line":67,"column":3}},"17":{"start":{"line":42,"column":4},"end":{"line":66,"column":5}},"18":{"start":{"line":43,"column":25},"end":{"line":46,"column":41}},"19":{"start":{"line":49,"column":19},"end":{"line":55,"column":9}},"20":{"start":{"line":49,"column":50},"end":{"line":55,"column":7}},"21":{"start":{"line":53,"column":66},"end":{"line":53,"column":76}},"22":{"start":{"line":54,"column":50},"end":{"line":54,"column":60}},"23":{"start":{"line":57,"column":29},"end":{"line":57,"column":41}},"24":{"start":{"line":58,"column":18},"end":{"line":58,"column":44}},"25":{"start":{"line":60,"column":6},"end":{"line":60,"column":45}},"26":{"start":{"line":61,"column":6},"end":{"line":61,"column":46}},"27":{"start":{"line":62,"column":6},"end":{"line":62,"column":27}},"28":{"start":{"line":64,"column":6},"end":{"line":64,"column":70}},"29":{"start":{"line":65,"column":6},"end":{"line":65,"column":69}},"30":{"start":{"line":69,"column":32},"end":{"line":102,"column":3}},"31":{"start":{"line":70,"column":4},"end":{"line":101,"column":5}},"32":{"start":{"line":71,"column":25},"end":{"line":74,"column":41}},"33":{"start":{"line":76,"column":18},"end":{"line":76,"column":35}},"34":{"start":{"line":77,"column":21},"end":{"line":77,"column":40}},"35":{"start":{"line":79,"column":6},"end":{"line":79,"column":55}},"36":{"start":{"line":81,"column":6},"end":{"line":81,"column":86}},"37":{"start":{"line":82,"column":6},"end":{"line":82,"column":55}},"38":{"start":{"line":84,"column":6},"end":{"line":84,"column":20}},"39":{"start":{"line":86,"column":6},"end":{"line":86,"column":70}},"40":{"start":{"line":87,"column":6},"end":{"line":87,"column":21}},"41":{"start":{"line":89,"column":6},"end":{"line":95,"column":9}},"42":{"start":{"line":90,"column":8},"end":{"line":90,"column":84}},"43":{"start":{"line":91,"column":8},"end":{"line":91,"column":53}},"44":{"start":{"line":92,"column":8},"end":{"line":92,"column":105}},"45":{"start":{"line":92,"column":79},"end":{"line":92,"column":89}},"46":{"start":{"line":93,"column":8},"end":{"line":93,"column":102}},"47":{"start":{"line":93,"column":76},"end":{"line":93,"column":86}},"48":{"start":{"line":94,"column":8},"end":{"line":94,"column":23}},"49":{"start":{"line":97,"column":6},"end":{"line":97,"column":16}},"50":{"start":{"line":99,"column":6},"end":{"line":99,"column":70}},"51":{"start":{"line":100,"column":6},"end":{"line":100,"column":69}},"52":{"start":{"line":104,"column":28},"end":{"line":135,"column":3}},"53":{"start":{"line":105,"column":4},"end":{"line":134,"column":5}},"54":{"start":{"line":106,"column":21},"end":{"line":114,"column":10}},"55":{"start":{"line":117,"column":19},"end":{"line":123,"column":9}},"56":{"start":{"line":117,"column":42},"end":{"line":123,"column":7}},"57":{"start":{"line":121,"column":30},"end":{"line":121,"column":76}},"58":{"start":{"line":125,"column":29},"end":{"line":125,"column":41}},"59":{"start":{"line":126,"column":18},"end":{"line":126,"column":44}},"60":{"start":{"line":128,"column":6},"end":{"line":128,"column":45}},"61":{"start":{"line":129,"column":6},"end":{"line":129,"column":42}},"62":{"start":{"line":130,"column":6},"end":{"line":130,"column":27}},"63":{"start":{"line":132,"column":6},"end":{"line":132,"column":66}},"64":{"start":{"line":133,"column":6},"end":{"line":133,"column":69}},"65":{"start":{"line":137,"column":28},"end":{"line":176,"column":3}},"66":{"start":{"line":138,"column":4},"end":{"line":175,"column":5}},"67":{"start":{"line":139,"column":21},"end":{"line":147,"column":10}},"68":{"start":{"line":149,"column":18},"end":{"line":149,"column":35}},"69":{"start":{"line":150,"column":21},"end":{"line":150,"column":36}},"70":{"start":{"line":151,"column":6},"end":{"line":151,"column":55}},"71":{"start":{"line":152,"column":6},"end":{"line":152,"column":86}},"72":{"start":{"line":153,"column":6},"end":{"line":153,"column":55}},"73":{"start":{"line":155,"column":6},"end":{"line":155,"column":20}},"74":{"start":{"line":157,"column":6},"end":{"line":157,"column":66}},"75":{"start":{"line":158,"column":6},"end":{"line":158,"column":21}},"76":{"start":{"line":160,"column":6},"end":{"line":169,"column":9}},"77":{"start":{"line":161,"column":8},"end":{"line":161,"column":59}},"78":{"start":{"line":162,"column":8},"end":{"line":162,"column":68}},"79":{"start":{"line":163,"column":8},"end":{"line":167,"column":10}},"80":{"start":{"line":165,"column":32},"end":{"line":165,"column":78}},"81":{"start":{"line":168,"column":8},"end":{"line":168,"column":23}},"82":{"start":{"line":171,"column":6},"end":{"line":171,"column":16}},"83":{"start":{"line":173,"column":6},"end":{"line":173,"column":66}},"84":{"start":{"line":174,"column":6},"end":{"line":174,"column":69}},"85":{"start":{"line":178,"column":0},"end":{"line":180,"column":58}}},"fnMap":{"0":{"name":"(anonymous_0)","decl":{"start":{"line":8,"column":28},"end":{"line":8,"column":29}},"loc":{"start":{"line":8,"column":48},"end":{"line":20,"column":1}},"line":8},"1":{"name":"(anonymous_1)","decl":{"start":{"line":22,"column":24},"end":{"line":22,"column":25}},"loc":{"start":{"line":22,"column":44},"end":{"line":39,"column":3}},"line":22},"2":{"name":"(anonymous_2)","decl":{"start":{"line":41,"column":32},"end":{"line":41,"column":33}},"loc":{"start":{"line":41,"column":52},"end":{"line":67,"column":3}},"line":41},"3":{"name":"(anonymous_3)","decl":{"start":{"line":49,"column":34},"end":{"line":49,"column":35}},"loc":{"start":{"line":49,"column":50},"end":{"line":55,"column":7}},"line":49},"4":{"name":"(anonymous_4)","decl":{"start":{"line":53,"column":55},"end":{"line":53,"column":56}},"loc":{"start":{"line":53,"column":66},"end":{"line":53,"column":76}},"line":53},"5":{"name":"(anonymous_5)","decl":{"start":{"line":54,"column":39},"end":{"line":54,"column":40}},"loc":{"start":{"line":54,"column":50},"end":{"line":54,"column":60}},"line":54},"6":{"name":"(anonymous_6)","decl":{"start":{"line":69,"column":32},"end":{"line":69,"column":33}},"loc":{"start":{"line":69,"column":52},"end":{"line":102,"column":3}},"line":69},"7":{"name":"(anonymous_7)","decl":{"start":{"line":89,"column":25},"end":{"line":89,"column":26}},"loc":{"start":{"line":89,"column":40},"end":{"line":95,"column":7}},"line":89},"8":{"name":"(anonymous_8)","decl":{"start":{"line":92,"column":68},"end":{"line":92,"column":69}},"loc":{"start":{"line":92,"column":79},"end":{"line":92,"column":89}},"line":92},"9":{"name":"(anonymous_9)","decl":{"start":{"line":93,"column":65},"end":{"line":93,"column":66}},"loc":{"start":{"line":93,"column":76},"end":{"line":93,"column":86}},"line":93},"10":{"name":"(anonymous_10)","decl":{"start":{"line":104,"column":28},"end":{"line":104,"column":29}},"loc":{"start":{"line":104,"column":48},"end":{"line":135,"column":3}},"line":104},"11":{"name":"(anonymous_11)","decl":{"start":{"line":117,"column":30},"end":{"line":117,"column":31}},"loc":{"start":{"line":117,"column":42},"end":{"line":123,"column":7}},"line":117},"12":{"name":"(anonymous_12)","decl":{"start":{"line":121,"column":15},"end":{"line":121,"column":16}},"loc":{"start":{"line":121,"column":30},"end":{"line":121,"column":76}},"line":121},"13":{"name":"(anonymous_13)","decl":{"start":{"line":137,"column":28},"end":{"line":137,"column":29}},"loc":{"start":{"line":137,"column":48},"end":{"line":176,"column":3}},"line":137},"14":{"name":"(anonymous_14)","decl":{"start":{"line":160,"column":21},"end":{"line":160,"column":22}},"loc":{"start":{"line":160,"column":32},"end":{"line":169,"column":7}},"line":160},"15":{"name":"(anonymous_15)","decl":{"start":{"line":165,"column":17},"end":{"line":165,"column":18}},"loc":{"start":{"line":165,"column":32},"end":{"line":165,"column":78}},"line":165}},"branchMap":{},"s":{"0":2,"1":2,"2":2,"3":2,"4":2,"5":2,"6":2,"7":0,"8":2,"9":2,"10":2,"11":2,"12":2,"13":0,"14":2,"15":2,"16":2,"17":2,"18":2,"19":0,"20":0,"21":0,"22":0,"23":0,"24":0,"25":0,"26":0,"27":0,"28":2,"29":2,"30":2,"31":2,"32":2,"33":0,"34":0,"35":0,"36":0,"37":0,"38":0,"39":0,"40":0,"41":0,"42":0,"43":0,"44":0,"45":0,"46":0,"47":0,"48":0,"49":0,"50":2,"51":2,"52":2,"53":0,"54":0,"55":0,"56":0,"57":0,"58":0,"59":0,"60":0,"61":0,"62":0,"63":0,"64":0,"65":2,"66":0,"67":0,"68":0,"69":0,"70":0,"71":0,"72":0,"73":0,"74":0,"75":0,"76":0,"77":0,"78":0,"79":0,"80":0,"81":0,"82":0,"83":0,"84":0,"85":2},"f":{"0":2,"1":2,"2":2,"3":0,"4":0,"5":0,"6":2,"7":0,"8":0,"9":0,"10":0,"11":0,"12":0,"13":0,"14":0,"15":0},"b":{},"_coverageSchema":"1a1c01bbd47fc00a2c39e90264f33305004495a9","hash":"f82b293e251a7c682f55c18b19fed9425324fc3f"}
,"C:\\Users\\syeda\\Desktop\\Volunteer-Backend\\src\\controllers\\statesController.js": {"path":"C:\\Users\\syeda\\Desktop\\Volunteer-Backend\\src\\controllers\\statesController.js","statementMap":{"0":{"start":{"line":1,"column":15},"end":{"line":1,"column":47}},"1":{"start":{"line":3,"column":0},"end":{"line":12,"column":2}},"2":{"start":{"line":4,"column":4},"end":{"line":11,"column":5}},"3":{"start":{"line":6,"column":23},"end":{"line":6,"column":42}},"4":{"start":{"line":7,"column":8},"end":{"line":7,"column":37}},"5":{"start":{"line":9,"column":8},"end":{"line":9,"column":55}},"6":{"start":{"line":10,"column":8},"end":{"line":10,"column":74}}},"fnMap":{"0":{"name":"(anonymous_0)","decl":{"start":{"line":3,"column":23},"end":{"line":3,"column":24}},"loc":{"start":{"line":3,"column":43},"end":{"line":12,"column":1}},"line":3}},"branchMap":{},"s":{"0":2,"1":2,"2":2,"3":2,"4":1,"5":1,"6":1},"f":{"0":2},"b":{},"_coverageSchema":"1a1c01bbd47fc00a2c39e90264f33305004495a9","hash":"2ed57ba8f56ea902746ec6b673489c6c7bea76d0"}
,"C:\\Users\\syeda\\Desktop\\Volunteer-Backend\\src\\controllers\\volunteerController.js": {"path":"C:\\Users\\syeda\\Desktop\\Volunteer-Backend\\src\\controllers\\volunteerController.js","statementMap":{"0":{"start":{"line":2,"column":25},"end":{"line":2,"column":67}},"1":{"start":{"line":3,"column":13},"end":{"line":3,"column":43}},"2":{"start":{"line":5,"column":29},"end":{"line":5,"column":58}},"3":{"start":{"line":7,"column":24},"end":{"line":7,"column":67}},"4":{"start":{"line":7,"column":32},"end":{"line":7,"column":67}},"5":{"start":{"line":8,"column":17},"end":{"line":8,"column":36}},"6":{"start":{"line":13,"column":28},"end":{"line":40,"column":1}},"7":{"start":{"line":14,"column":21},"end":{"line":14,"column":29}},"8":{"start":{"line":15,"column":2},"end":{"line":39,"column":3}},"9":{"start":{"line":17,"column":20},"end":{"line":17,"column":62}},"10":{"start":{"line":18,"column":4},"end":{"line":20,"column":5}},"11":{"start":{"line":19,"column":6},"end":{"line":19,"column":64}},"12":{"start":{"line":23,"column":17},"end":{"line":23,"column":52}},"13":{"start":{"line":24,"column":4},"end":{"line":26,"column":5}},"14":{"start":{"line":25,"column":6},"end":{"line":25,"column":61}},"15":{"start":{"line":29,"column":28},"end":{"line":32,"column":5}},"16":{"start":{"line":35,"column":4},"end":{"line":35,"column":42}},"17":{"start":{"line":37,"column":4},"end":{"line":37,"column":25}},"18":{"start":{"line":38,"column":4},"end":{"line":38,"column":50}},"19":{"start":{"line":43,"column":31},"end":{"line":76,"column":1}},"20":{"start":{"line":44,"column":21},"end":{"line":44,"column":29}},"21":{"start":{"line":45,"column":2},"end":{"line":45,"column":41}},"22":{"start":{"line":46,"column":111},"end":{"line":46,"column":119}},"23":{"start":{"line":48,"column":2},"end":{"line":75,"column":3}},"24":{"start":{"line":49,"column":20},"end":{"line":49,"column":62}},"25":{"start":{"line":51,"column":4},"end":{"line":53,"column":5}},"26":{"start":{"line":52,"column":6},"end":{"line":52,"column":64}},"27":{"start":{"line":56,"column":4},"end":{"line":56,"column":55}},"28":{"start":{"line":57,"column":4},"end":{"line":57,"column":52}},"29":{"start":{"line":58,"column":4},"end":{"line":58,"column":61}},"30":{"start":{"line":59,"column":4},"end":{"line":59,"column":46}},"31":{"start":{"line":60,"column":4},"end":{"line":60,"column":68}},"32":{"start":{"line":61,"column":4},"end":{"line":61,"column":68}},"33":{"start":{"line":62,"column":4},"end":{"line":62,"column":56}},"34":{"start":{"line":63,"column":4},"end":{"line":63,"column":59}},"35":{"start":{"line":64,"column":4},"end":{"line":64,"column":65}},"36":{"start":{"line":65,"column":4},"end":{"line":65,"column":64}},"37":{"start":{"line":68,"column":4},"end":{"line":68,"column":49}},"38":{"start":{"line":70,"column":4},"end":{"line":70,"column":25}},"39":{"start":{"line":72,"column":4},"end":{"line":72,"column":75}},"40":{"start":{"line":74,"column":4},"end":{"line":74,"column":50}},"41":{"start":{"line":79,"column":28},"end":{"line":99,"column":1}},"42":{"start":{"line":80,"column":2},"end":{"line":98,"column":3}},"43":{"start":{"line":82,"column":19},"end":{"line":82,"column":34}},"44":{"start":{"line":83,"column":4},"end":{"line":83,"column":66}},"45":{"start":{"line":85,"column":29},"end":{"line":86,"column":74}},"46":{"start":{"line":88,"column":4},"end":{"line":91,"column":5}},"47":{"start":{"line":89,"column":6},"end":{"line":89,"column":49}},"48":{"start":{"line":90,"column":6},"end":{"line":90,"column":74}},"49":{"start":{"line":93,"column":4},"end":{"line":93,"column":85}},"50":{"start":{"line":94,"column":4},"end":{"line":94,"column":51}},"51":{"start":{"line":96,"column":4},"end":{"line":96,"column":62}},"52":{"start":{"line":97,"column":4},"end":{"line":97,"column":50}},"53":{"start":{"line":102,"column":34},"end":{"line":129,"column":1}},"54":{"start":{"line":103,"column":21},"end":{"line":103,"column":29}},"55":{"start":{"line":104,"column":34},"end":{"line":104,"column":42}},"56":{"start":{"line":106,"column":2},"end":{"line":128,"column":3}},"57":{"start":{"line":107,"column":20},"end":{"line":107,"column":62}},"58":{"start":{"line":108,"column":4},"end":{"line":108,"column":76}},"59":{"start":{"line":108,"column":18},"end":{"line":108,"column":76}},"60":{"start":{"line":111,"column":4},"end":{"line":118,"column":3}},"61":{"start":{"line":112,"column":6},"end":{"line":114,"column":7}},"62":{"start":{"line":113,"column":10},"end":{"line":113,"column":84}},"63":{"start":{"line":115,"column":6},"end":{"line":117,"column":7}},"64":{"start":{"line":116,"column":10},"end":{"line":116,"column":107}},"65":{"start":{"line":121,"column":4},"end":{"line":121,"column":55}},"66":{"start":{"line":122,"column":4},"end":{"line":122,"column":25}},"67":{"start":{"line":124,"column":4},"end":{"line":124,"column":88}},"68":{"start":{"line":126,"column":4},"end":{"line":126,"column":65}},"69":{"start":{"line":127,"column":4},"end":{"line":127,"column":50}},"70":{"start":{"line":133,"column":35},"end":{"line":175,"column":1}},"71":{"start":{"line":134,"column":21},"end":{"line":134,"column":29}},"72":{"start":{"line":135,"column":28},"end":{"line":135,"column":36}},"73":{"start":{"line":137,"column":2},"end":{"line":174,"column":3}},"74":{"start":{"line":138,"column":20},"end":{"line":138,"column":62}},"75":{"start":{"line":139,"column":4},"end":{"line":139,"column":76}},"76":{"start":{"line":139,"column":18},"end":{"line":139,"column":76}},"77":{"start":{"line":142,"column":4},"end":{"line":150,"column":5}},"78":{"start":{"line":143,"column":6},"end":{"line":149,"column":7}},"79":{"start":{"line":144,"column":8},"end":{"line":148,"column":9}},"80":{"start":{"line":145,"column":10},"end":{"line":147,"column":13}},"81":{"start":{"line":153,"column":27},"end":{"line":157,"column":7}},"82":{"start":{"line":153,"column":57},"end":{"line":157,"column":5}},"83":{"start":{"line":159,"column":4},"end":{"line":167,"column":4}},"84":{"start":{"line":163,"column":14},"end":{"line":165,"column":15}},"85":{"start":{"line":164,"column":32},"end":{"line":164,"column":83}},"86":{"start":{"line":169,"column":4},"end":{"line":169,"column":25}},"87":{"start":{"line":170,"column":4},"end":{"line":170,"column":89}},"88":{"start":{"line":172,"column":4},"end":{"line":172,"column":66}},"89":{"start":{"line":173,"column":4},"end":{"line":173,"column":50}},"90":{"start":{"line":178,"column":27},"end":{"line":220,"column":1}},"91":{"start":{"line":179,"column":21},"end":{"line":179,"column":29}},"92":{"start":{"line":180,"column":27},"end":{"line":180,"column":35}},"93":{"start":{"line":182,"column":2},"end":{"line":219,"column":3}},"94":{"start":{"line":183,"column":20},"end":{"line":183,"column":62}},"95":{"start":{"line":184,"column":4},"end":{"line":184,"column":76}},"96":{"start":{"line":184,"column":18},"end":{"line":184,"column":76}},"97":{"start":{"line":187,"column":4},"end":{"line":195,"column":5}},"98":{"start":{"line":188,"column":6},"end":{"line":194,"column":7}},"99":{"start":{"line":189,"column":8},"end":{"line":193,"column":9}},"100":{"start":{"line":190,"column":10},"end":{"line":192,"column":13}},"101":{"start":{"line":198,"column":34},"end":{"line":202,"column":7}},"102":{"start":{"line":198,"column":63},"end":{"line":202,"column":5}},"103":{"start":{"line":204,"column":4},"end":{"line":212,"column":4}},"104":{"start":{"line":208,"column":14},"end":{"line":210,"column":15}},"105":{"start":{"line":209,"column":32},"end":{"line":209,"column":83}},"106":{"start":{"line":214,"column":4},"end":{"line":214,"column":25}},"107":{"start":{"line":215,"column":4},"end":{"line":215,"column":81}},"108":{"start":{"line":217,"column":4},"end":{"line":217,"column":58}},"109":{"start":{"line":218,"column":4},"end":{"line":218,"column":50}},"110":{"start":{"line":223,"column":27},"end":{"line":330,"column":1}},"111":{"start":{"line":224,"column":21},"end":{"line":224,"column":29}},"112":{"start":{"line":231,"column":6},"end":{"line":231,"column":14}},"113":{"start":{"line":233,"column":2},"end":{"line":329,"column":3}},"114":{"start":{"line":234,"column":20},"end":{"line":234,"column":62}},"115":{"start":{"line":235,"column":4},"end":{"line":235,"column":76}},"116":{"start":{"line":235,"column":18},"end":{"line":235,"column":76}},"117":{"start":{"line":238,"column":4},"end":{"line":240,"column":5}},"118":{"start":{"line":239,"column":6},"end":{"line":239,"column":72}},"119":{"start":{"line":243,"column":4},"end":{"line":246,"column":5}},"120":{"start":{"line":244,"column":6},"end":{"line":244,"column":51}},"121":{"start":{"line":245,"column":6},"end":{"line":245,"column":57}},"122":{"start":{"line":249,"column":4},"end":{"line":253,"column":5}},"123":{"start":{"line":250,"column":6},"end":{"line":252,"column":8}},"124":{"start":{"line":251,"column":19},"end":{"line":251,"column":72}},"125":{"start":{"line":256,"column":4},"end":{"line":282,"column":5}},"126":{"start":{"line":257,"column":6},"end":{"line":281,"column":9}},"127":{"start":{"line":258,"column":24},"end":{"line":258,"column":47}},"128":{"start":{"line":259,"column":8},"end":{"line":280,"column":9}},"129":{"start":{"line":261,"column":24},"end":{"line":263,"column":11}},"130":{"start":{"line":262,"column":31},"end":{"line":262,"column":76}},"131":{"start":{"line":264,"column":10},"end":{"line":272,"column":11}},"132":{"start":{"line":265,"column":12},"end":{"line":269,"column":14}},"133":{"start":{"line":271,"column":12},"end":{"line":271,"column":84}},"134":{"start":{"line":275,"column":10},"end":{"line":279,"column":13}},"135":{"start":{"line":285,"column":4},"end":{"line":289,"column":5}},"136":{"start":{"line":286,"column":6},"end":{"line":288,"column":8}},"137":{"start":{"line":287,"column":19},"end":{"line":287,"column":71}},"138":{"start":{"line":292,"column":4},"end":{"line":315,"column":5}},"139":{"start":{"line":293,"column":6},"end":{"line":314,"column":9}},"140":{"start":{"line":294,"column":24},"end":{"line":294,"column":47}},"141":{"start":{"line":295,"column":8},"end":{"line":313,"column":9}},"142":{"start":{"line":297,"column":24},"end":{"line":299,"column":11}},"143":{"start":{"line":298,"column":31},"end":{"line":298,"column":76}},"144":{"start":{"line":300,"column":10},"end":{"line":306,"column":11}},"145":{"start":{"line":301,"column":12},"end":{"line":305,"column":14}},"146":{"start":{"line":309,"column":10},"end":{"line":312,"column":13}},"147":{"start":{"line":320,"column":4},"end":{"line":320,"column":25}},"148":{"start":{"line":322,"column":4},"end":{"line":325,"column":7}},"149":{"start":{"line":327,"column":4},"end":{"line":327,"column":57}},"150":{"start":{"line":328,"column":4},"end":{"line":328,"column":50}},"151":{"start":{"line":333,"column":24},"end":{"line":349,"column":1}},"152":{"start":{"line":334,"column":2},"end":{"line":348,"column":3}},"153":{"start":{"line":335,"column":23},"end":{"line":335,"column":31}},"154":{"start":{"line":337,"column":20},"end":{"line":337,"column":62}},"155":{"start":{"line":338,"column":4},"end":{"line":340,"column":5}},"156":{"start":{"line":339,"column":6},"end":{"line":339,"column":64}},"157":{"start":{"line":342,"column":4},"end":{"line":344,"column":7}},"158":{"start":{"line":346,"column":4},"end":{"line":346,"column":57}},"159":{"start":{"line":347,"column":4},"end":{"line":347,"column":50}},"160":{"start":{"line":352,"column":0},"end":{"line":354,"column":40}}},"fnMap":{"0":{"name":"(anonymous_0)","decl":{"start":{"line":7,"column":24},"end":{"line":7,"column":25}},"loc":{"start":{"line":7,"column":32},"end":{"line":7,"column":67}},"line":7},"1":{"name":"(anonymous_1)","decl":{"start":{"line":13,"column":28},"end":{"line":13,"column":29}},"loc":{"start":{"line":13,"column":48},"end":{"line":40,"column":1}},"line":13},"2":{"name":"(anonymous_2)","decl":{"start":{"line":43,"column":31},"end":{"line":43,"column":32}},"loc":{"start":{"line":43,"column":51},"end":{"line":76,"column":1}},"line":43},"3":{"name":"(anonymous_3)","decl":{"start":{"line":79,"column":28},"end":{"line":79,"column":29}},"loc":{"start":{"line":79,"column":48},"end":{"line":99,"column":1}},"line":79},"4":{"name":"(anonymous_4)","decl":{"start":{"line":102,"column":34},"end":{"line":102,"column":35}},"loc":{"start":{"line":102,"column":54},"end":{"line":129,"column":1}},"line":102},"5":{"name":"(anonymous_5)","decl":{"start":{"line":133,"column":35},"end":{"line":133,"column":36}},"loc":{"start":{"line":133,"column":55},"end":{"line":175,"column":1}},"line":133},"6":{"name":"(anonymous_6)","decl":{"start":{"line":153,"column":45},"end":{"line":153,"column":46}},"loc":{"start":{"line":153,"column":57},"end":{"line":157,"column":5}},"line":153},"7":{"name":"(anonymous_7)","decl":{"start":{"line":162,"column":10},"end":{"line":162,"column":11}},"loc":{"start":{"line":163,"column":14},"end":{"line":165,"column":15}},"line":163},"8":{"name":"(anonymous_8)","decl":{"start":{"line":164,"column":18},"end":{"line":164,"column":19}},"loc":{"start":{"line":164,"column":32},"end":{"line":164,"column":83}},"line":164},"9":{"name":"(anonymous_9)","decl":{"start":{"line":178,"column":27},"end":{"line":178,"column":28}},"loc":{"start":{"line":178,"column":47},"end":{"line":220,"column":1}},"line":178},"10":{"name":"(anonymous_10)","decl":{"start":{"line":198,"column":51},"end":{"line":198,"column":52}},"loc":{"start":{"line":198,"column":63},"end":{"line":202,"column":5}},"line":198},"11":{"name":"(anonymous_11)","decl":{"start":{"line":207,"column":10},"end":{"line":207,"column":11}},"loc":{"start":{"line":208,"column":14},"end":{"line":210,"column":15}},"line":208},"12":{"name":"(anonymous_12)","decl":{"start":{"line":209,"column":18},"end":{"line":209,"column":19}},"loc":{"start":{"line":209,"column":32},"end":{"line":209,"column":83}},"line":209},"13":{"name":"(anonymous_13)","decl":{"start":{"line":223,"column":27},"end":{"line":223,"column":28}},"loc":{"start":{"line":223,"column":47},"end":{"line":330,"column":1}},"line":223},"14":{"name":"(anonymous_14)","decl":{"start":{"line":251,"column":8},"end":{"line":251,"column":9}},"loc":{"start":{"line":251,"column":19},"end":{"line":251,"column":72}},"line":251},"15":{"name":"(anonymous_15)","decl":{"start":{"line":257,"column":28},"end":{"line":257,"column":29}},"loc":{"start":{"line":257,"column":42},"end":{"line":281,"column":7}},"line":257},"16":{"name":"(anonymous_16)","decl":{"start":{"line":262,"column":12},"end":{"line":262,"column":13}},"loc":{"start":{"line":262,"column":31},"end":{"line":262,"column":76}},"line":262},"17":{"name":"(anonymous_17)","decl":{"start":{"line":287,"column":8},"end":{"line":287,"column":9}},"loc":{"start":{"line":287,"column":19},"end":{"line":287,"column":71}},"line":287},"18":{"name":"(anonymous_18)","decl":{"start":{"line":293,"column":27},"end":{"line":293,"column":28}},"loc":{"start":{"line":293,"column":41},"end":{"line":314,"column":7}},"line":293},"19":{"name":"(anonymous_19)","decl":{"start":{"line":298,"column":12},"end":{"line":298,"column":13}},"loc":{"start":{"line":298,"column":31},"end":{"line":298,"column":76}},"line":298},"20":{"name":"(anonymous_20)","decl":{"start":{"line":333,"column":24},"end":{"line":333,"column":25}},"loc":{"start":{"line":333,"column":44},"end":{"line":349,"column":1}},"line":333}},"branchMap":{"0":{"loc":{"start":{"line":18,"column":4},"end":{"line":20,"column":5}},"type":"if","locations":[{"start":{"line":18,"column":4},"end":{"line":20,"column":5}},{"start":{},"end":{}}],"line":18},"1":{"loc":{"start":{"line":24,"column":4},"end":{"line":26,"column":5}},"type":"if","locations":[{"start":{"line":24,"column":4},"end":{"line":26,"column":5}},{"start":{},"end":{}}],"line":24},"2":{"loc":{"start":{"line":51,"column":4},"end":{"line":53,"column":5}},"type":"if","locations":[{"start":{"line":51,"column":4},"end":{"line":53,"column":5}},{"start":{},"end":{}}],"line":51},"3":{"loc":{"start":{"line":56,"column":24},"end":{"line":56,"column":54}},"type":"binary-expr","locations":[{"start":{"line":56,"column":24},"end":{"line":56,"column":33}},{"start":{"line":56,"column":37},"end":{"line":56,"column":54}}],"line":56},"4":{"loc":{"start":{"line":57,"column":23},"end":{"line":57,"column":51}},"type":"binary-expr","locations":[{"start":{"line":57,"column":23},"end":{"line":57,"column":31}},{"start":{"line":57,"column":35},"end":{"line":57,"column":51}}],"line":57},"5":{"loc":{"start":{"line":58,"column":26},"end":{"line":58,"column":60}},"type":"binary-expr","locations":[{"start":{"line":58,"column":26},"end":{"line":58,"column":37}},{"start":{"line":58,"column":41},"end":{"line":58,"column":60}}],"line":58},"6":{"loc":{"start":{"line":59,"column":21},"end":{"line":59,"column":45}},"type":"binary-expr","locations":[{"start":{"line":59,"column":21},"end":{"line":59,"column":27}},{"start":{"line":59,"column":31},"end":{"line":59,"column":45}}],"line":59},"7":{"loc":{"start":{"line":60,"column":31},"end":{"line":60,"column":67}},"type":"binary-expr","locations":[{"start":{"line":60,"column":31},"end":{"line":60,"column":39}},{"start":{"line":60,"column":43},"end":{"line":60,"column":67}}],"line":60},"8":{"loc":{"start":{"line":61,"column":31},"end":{"line":61,"column":67}},"type":"binary-expr","locations":[{"start":{"line":61,"column":31},"end":{"line":61,"column":39}},{"start":{"line":61,"column":43},"end":{"line":61,"column":67}}],"line":61},"9":{"loc":{"start":{"line":62,"column":27},"end":{"line":62,"column":55}},"type":"binary-expr","locations":[{"start":{"line":62,"column":27},"end":{"line":62,"column":31}},{"start":{"line":62,"column":35},"end":{"line":62,"column":55}}],"line":62},"10":{"loc":{"start":{"line":63,"column":28},"end":{"line":63,"column":58}},"type":"binary-expr","locations":[{"start":{"line":63,"column":28},"end":{"line":63,"column":33}},{"start":{"line":63,"column":37},"end":{"line":63,"column":58}}],"line":63},"11":{"loc":{"start":{"line":64,"column":30},"end":{"line":64,"column":64}},"type":"binary-expr","locations":[{"start":{"line":64,"column":30},"end":{"line":64,"column":37}},{"start":{"line":64,"column":41},"end":{"line":64,"column":64}}],"line":64},"12":{"loc":{"start":{"line":65,"column":27},"end":{"line":65,"column":63}},"type":"binary-expr","locations":[{"start":{"line":65,"column":27},"end":{"line":65,"column":39}},{"start":{"line":65,"column":43},"end":{"line":65,"column":63}}],"line":65},"13":{"loc":{"start":{"line":88,"column":4},"end":{"line":91,"column":5}},"type":"if","locations":[{"start":{"line":88,"column":4},"end":{"line":91,"column":5}},{"start":{},"end":{}}],"line":88},"14":{"loc":{"start":{"line":108,"column":4},"end":{"line":108,"column":76}},"type":"if","locations":[{"start":{"line":108,"column":4},"end":{"line":108,"column":76}},{"start":{},"end":{}}],"line":108},"15":{"loc":{"start":{"line":112,"column":6},"end":{"line":114,"column":7}},"type":"if","locations":[{"start":{"line":112,"column":6},"end":{"line":114,"column":7}},{"start":{},"end":{}}],"line":112},"16":{"loc":{"start":{"line":112,"column":10},"end":{"line":112,"column":68}},"type":"binary-expr","locations":[{"start":{"line":112,"column":11},"end":{"line":112,"column":23}},{"start":{"line":112,"column":27},"end":{"line":112,"column":36}},{"start":{"line":112,"column":42},"end":{"line":112,"column":53}},{"start":{"line":112,"column":57},"end":{"line":112,"column":67}}],"line":112},"17":{"loc":{"start":{"line":115,"column":6},"end":{"line":117,"column":7}},"type":"if","locations":[{"start":{"line":115,"column":6},"end":{"line":117,"column":7}},{"start":{},"end":{}}],"line":115},"18":{"loc":{"start":{"line":115,"column":10},"end":{"line":115,"column":62}},"type":"binary-expr","locations":[{"start":{"line":115,"column":10},"end":{"line":115,"column":21}},{"start":{"line":115,"column":25},"end":{"line":115,"column":34}},{"start":{"line":115,"column":38},"end":{"line":115,"column":62}}],"line":115},"19":{"loc":{"start":{"line":139,"column":4},"end":{"line":139,"column":76}},"type":"if","locations":[{"start":{"line":139,"column":4},"end":{"line":139,"column":76}},{"start":{},"end":{}}],"line":139},"20":{"loc":{"start":{"line":144,"column":8},"end":{"line":148,"column":9}},"type":"if","locations":[{"start":{"line":144,"column":8},"end":{"line":148,"column":9}},{"start":{},"end":{}}],"line":144},"21":{"loc":{"start":{"line":184,"column":4},"end":{"line":184,"column":76}},"type":"if","locations":[{"start":{"line":184,"column":4},"end":{"line":184,"column":76}},{"start":{},"end":{}}],"line":184},"22":{"loc":{"start":{"line":189,"column":8},"end":{"line":193,"column":9}},"type":"if","locations":[{"start":{"line":189,"column":8},"end":{"line":193,"column":9}},{"start":{},"end":{}}],"line":189},"23":{"loc":{"start":{"line":235,"column":4},"end":{"line":235,"column":76}},"type":"if","locations":[{"start":{"line":235,"column":4},"end":{"line":235,"column":76}},{"start":{},"end":{}}],"line":235},"24":{"loc":{"start":{"line":238,"column":4},"end":{"line":240,"column":5}},"type":"if","locations":[{"start":{"line":238,"column":4},"end":{"line":240,"column":5}},{"start":{},"end":{}}],"line":238},"25":{"loc":{"start":{"line":243,"column":4},"end":{"line":246,"column":5}},"type":"if","locations":[{"start":{"line":243,"column":4},"end":{"line":246,"column":5}},{"start":{},"end":{}}],"line":243},"26":{"loc":{"start":{"line":249,"column":4},"end":{"line":253,"column":5}},"type":"if","locations":[{"start":{"line":249,"column":4},"end":{"line":253,"column":5}},{"start":{},"end":{}}],"line":249},"27":{"loc":{"start":{"line":249,"column":8},"end":{"line":249,"column":65}},"type":"binary-expr","locations":[{"start":{"line":249,"column":8},"end":{"line":249,"column":29}},{"start":{"line":249,"column":33},"end":{"line":249,"column":65}}],"line":249},"28":{"loc":{"start":{"line":256,"column":4},"end":{"line":282,"column":5}},"type":"if","locations":[{"start":{"line":256,"column":4},"end":{"line":282,"column":5}},{"start":{},"end":{}}],"line":256},"29":{"loc":{"start":{"line":259,"column":8},"end":{"line":280,"column":9}},"type":"if","locations":[{"start":{"line":259,"column":8},"end":{"line":280,"column":9}},{"start":{"line":273,"column":15},"end":{"line":280,"column":9}}],"line":259},"30":{"loc":{"start":{"line":259,"column":12},"end":{"line":259,"column":57}},"type":"binary-expr","locations":[{"start":{"line":259,"column":12},"end":{"line":259,"column":24}},{"start":{"line":259,"column":28},"end":{"line":259,"column":57}}],"line":259},"31":{"loc":{"start":{"line":264,"column":10},"end":{"line":272,"column":11}},"type":"if","locations":[{"start":{"line":264,"column":10},"end":{"line":272,"column":11}},{"start":{"line":270,"column":17},"end":{"line":272,"column":11}}],"line":264},"32":{"loc":{"start":{"line":277,"column":19},"end":{"line":277,"column":39}},"type":"binary-expr","locations":[{"start":{"line":277,"column":19},"end":{"line":277,"column":33}},{"start":{"line":277,"column":37},"end":{"line":277,"column":39}}],"line":277},"33":{"loc":{"start":{"line":278,"column":17},"end":{"line":278,"column":35}},"type":"binary-expr","locations":[{"start":{"line":278,"column":17},"end":{"line":278,"column":29}},{"start":{"line":278,"column":33},"end":{"line":278,"column":35}}],"line":278},"34":{"loc":{"start":{"line":285,"column":4},"end":{"line":289,"column":5}},"type":"if","locations":[{"start":{"line":285,"column":4},"end":{"line":289,"column":5}},{"start":{},"end":{}}],"line":285},"35":{"loc":{"start":{"line":285,"column":8},"end":{"line":285,"column":63}},"type":"binary-expr","locations":[{"start":{"line":285,"column":8},"end":{"line":285,"column":28}},{"start":{"line":285,"column":32},"end":{"line":285,"column":63}}],"line":285},"36":{"loc":{"start":{"line":292,"column":4},"end":{"line":315,"column":5}},"type":"if","locations":[{"start":{"line":292,"column":4},"end":{"line":315,"column":5}},{"start":{},"end":{}}],"line":292},"37":{"loc":{"start":{"line":295,"column":8},"end":{"line":313,"column":9}},"type":"if","locations":[{"start":{"line":295,"column":8},"end":{"line":313,"column":9}},{"start":{"line":307,"column":15},"end":{"line":313,"column":9}}],"line":295},"38":{"loc":{"start":{"line":300,"column":10},"end":{"line":306,"column":11}},"type":"if","locations":[{"start":{"line":300,"column":10},"end":{"line":306,"column":11}},{"start":{},"end":{}}],"line":300},"39":{"loc":{"start":{"line":338,"column":4},"end":{"line":340,"column":5}},"type":"if","locations":[{"start":{"line":338,"column":4},"end":{"line":340,"column":5}},{"start":{},"end":{}}],"line":338}},"s":{"0":2,"1":2,"2":2,"3":2,"4":0,"5":2,"6":2,"7":2,"8":2,"9":2,"10":2,"11":1,"12":1,"13":0,"14":0,"15":0,"16":0,"17":1,"18":1,"19":2,"20":2,"21":2,"22":2,"23":2,"24":2,"25":2,"26":1,"27":1,"28":1,"29":1,"30":1,"31":1,"32":0,"33":0,"34":0,"35":0,"36":0,"37":0,"38":0,"39":0,"40":1,"41":2,"42":2,"43":2,"44":2,"45":2,"46":1,"47":0,"48":0,"49":1,"50":1,"51":1,"52":1,"53":2,"54":2,"55":2,"56":2,"57":2,"58":2,"59":1,"60":1,"61":0,"62":0,"63":0,"64":0,"65":0,"66":0,"67":0,"68":1,"69":1,"70":2,"71":0,"72":0,"73":0,"74":0,"75":0,"76":0,"77":0,"78":0,"79":0,"80":0,"81":0,"82":0,"83":0,"84":0,"85":0,"86":0,"87":0,"88":0,"89":0,"90":2,"91":0,"92":0,"93":0,"94":0,"95":0,"96":0,"97":0,"98":0,"99":0,"100":0,"101":0,"102":0,"103":0,"104":0,"105":0,"106":0,"107":0,"108":0,"109":0,"110":2,"111":0,"112":0,"113":0,"114":0,"115":0,"116":0,"117":0,"118":0,"119":0,"120":0,"121":0,"122":0,"123":0,"124":0,"125":0,"126":0,"127":0,"128":0,"129":0,"130":0,"131":0,"132":0,"133":0,"134":0,"135":0,"136":0,"137":0,"138":0,"139":0,"140":0,"141":0,"142":0,"143":0,"144":0,"145":0,"146":0,"147":0,"148":0,"149":0,"150":0,"151":2,"152":0,"153":0,"154":0,"155":0,"156":0,"157":0,"158":0,"159":0,"160":2},"f":{"0":0,"1":2,"2":2,"3":2,"4":2,"5":0,"6":0,"7":0,"8":0,"9":0,"10":0,"11":0,"12":0,"13":0,"14":0,"15":0,"16":0,"17":0,"18":0,"19":0,"20":0},"b":{"0":[1,1],"1":[0,0],"2":[1,1],"3":[1,1],"4":[1,1],"5":[1,1],"6":[1,1],"7":[1,1],"8":[0,0],"9":[0,0],"10":[0,0],"11":[0,0],"12":[0,0],"13":[0,1],"14":[1,1],"15":[0,0],"16":[0,0,0,0],"17":[0,0],"18":[0,0,0],"19":[0,0],"20":[0,0],"21":[0,0],"22":[0,0],"23":[0,0],"24":[0,0],"25":[0,0],"26":[0,0],"27":[0,0],"28":[0,0],"29":[0,0],"30":[0,0],"31":[0,0],"32":[0,0],"33":[0,0],"34":[0,0],"35":[0,0],"36":[0,0],"37":[0,0],"38":[0,0],"39":[0,0]},"_coverageSchema":"1a1c01bbd47fc00a2c39e90264f33305004495a9","hash":"cf0e6286833851cc1ada1b087c4d83ebd97238c8"}
,"C:\\Users\\syeda\\Desktop\\Volunteer-Backend\\src\\middleware\\adminMiddleware.js": {"path":"C:\\Users\\syeda\\Desktop\\Volunteer-Backend\\src\\middleware\\adminMiddleware.js","statementMap":{"0":{"start":{"line":2,"column":20},"end":{"line":8,"column":1}},"1":{"start":{"line":3,"column":2},"end":{"line":7,"column":3}},"2":{"start":{"line":4,"column":4},"end":{"line":4,"column":11}},"3":{"start":{"line":6,"column":4},"end":{"line":6,"column":64}},"4":{"start":{"line":10,"column":0},"end":{"line":10,"column":29}}},"fnMap":{"0":{"name":"(anonymous_0)","decl":{"start":{"line":2,"column":20},"end":{"line":2,"column":21}},"loc":{"start":{"line":2,"column":40},"end":{"line":8,"column":1}},"line":2}},"branchMap":{"0":{"loc":{"start":{"line":3,"column":2},"end":{"line":7,"column":3}},"type":"if","locations":[{"start":{"line":3,"column":2},"end":{"line":7,"column":3}},{"start":{"line":5,"column":9},"end":{"line":7,"column":3}}],"line":3},"1":{"loc":{"start":{"line":3,"column":6},"end":{"line":3,"column":43}},"type":"binary-expr","locations":[{"start":{"line":3,"column":6},"end":{"line":3,"column":14}},{"start":{"line":3,"column":18},"end":{"line":3,"column":43}}],"line":3}},"s":{"0":2,"1":3,"2":1,"3":2,"4":2},"f":{"0":3},"b":{"0":[1,2],"1":[3,3]},"_coverageSchema":"1a1c01bbd47fc00a2c39e90264f33305004495a9","hash":"15b52ebec344802f4737bf9bfe44b5f7440e0d2a"}
,"C:\\Users\\syeda\\Desktop\\Volunteer-Backend\\src\\middleware\\authMiddleware.js": {"path":"C:\\Users\\syeda\\Desktop\\Volunteer-Backend\\src\\middleware\\authMiddleware.js","statementMap":{"0":{"start":{"line":2,"column":12},"end":{"line":2,"column":35}},"1":{"start":{"line":4,"column":20},"end":{"line":33,"column":1}},"2":{"start":{"line":5,"column":21},"end":{"line":5,"column":46}},"3":{"start":{"line":8,"column":2},"end":{"line":10,"column":3}},"4":{"start":{"line":9,"column":4},"end":{"line":9,"column":73}},"5":{"start":{"line":12,"column":16},"end":{"line":12,"column":37}},"6":{"start":{"line":15,"column":2},"end":{"line":17,"column":3}},"7":{"start":{"line":16,"column":4},"end":{"line":16,"column":73}},"8":{"start":{"line":19,"column":16},"end":{"line":19,"column":24}},"9":{"start":{"line":22,"column":2},"end":{"line":32,"column":5}},"10":{"start":{"line":23,"column":4},"end":{"line":25,"column":5}},"11":{"start":{"line":24,"column":6},"end":{"line":24,"column":60}},"12":{"start":{"line":28,"column":4},"end":{"line":28,"column":23}},"13":{"start":{"line":31,"column":4},"end":{"line":31,"column":11}},"14":{"start":{"line":35,"column":0},"end":{"line":35,"column":29}}},"fnMap":{"0":{"name":"(anonymous_0)","decl":{"start":{"line":4,"column":20},"end":{"line":4,"column":21}},"loc":{"start":{"line":4,"column":40},"end":{"line":33,"column":1}},"line":4},"1":{"name":"(anonymous_1)","decl":{"start":{"line":22,"column":44},"end":{"line":22,"column":45}},"loc":{"start":{"line":22,"column":62},"end":{"line":32,"column":3}},"line":22}},"branchMap":{"0":{"loc":{"start":{"line":8,"column":2},"end":{"line":10,"column":3}},"type":"if","locations":[{"start":{"line":8,"column":2},"end":{"line":10,"column":3}},{"start":{},"end":{}}],"line":8},"1":{"loc":{"start":{"line":15,"column":2},"end":{"line":17,"column":3}},"type":"if","locations":[{"start":{"line":15,"column":2},"end":{"line":17,"column":3}},{"start":{},"end":{}}],"line":15},"2":{"loc":{"start":{"line":15,"column":6},"end":{"line":15,"column":49}},"type":"binary-expr","locations":[{"start":{"line":15,"column":6},"end":{"line":15,"column":24}},{"start":{"line":15,"column":28},"end":{"line":15,"column":49}}],"line":15},"3":{"loc":{"start":{"line":23,"column":4},"end":{"line":25,"column":5}},"type":"if","locations":[{"start":{"line":23,"column":4},"end":{"line":25,"column":5}},{"start":{},"end":{}}],"line":23}},"s":{"0":2,"1":2,"2":4,"3":4,"4":1,"5":3,"6":3,"7":1,"8":2,"9":2,"10":2,"11":1,"12":1,"13":1,"14":2},"f":{"0":4,"1":2},"b":{"0":[1,3],"1":[1,2],"2":[3,2],"3":[1,1]},"_coverageSchema":"1a1c01bbd47fc00a2c39e90264f33305004495a9","hash":"baaff02fd6c9ac2bc1bf89868708c567670259d8"}
,"C:\\Users\\syeda\\Desktop\\Volunteer-Backend\\src\\models\\eventModel.js": {"path":"C:\\Users\\syeda\\Desktop\\Volunteer-Backend\\src\\models\\eventModel.js","statementMap":{"0":{"start":{"line":2,"column":17},"end":{"line":2,"column":36}},"1":{"start":{"line":4,"column":20},"end":{"line":20,"column":2}},"2":{"start":{"line":22,"column":14},"end":{"line":22,"column":50}},"3":{"start":{"line":24,"column":0},"end":{"line":24,"column":23}}},"fnMap":{},"branchMap":{},"s":{"0":3,"1":3,"2":3,"3":3},"f":{},"b":{},"_coverageSchema":"1a1c01bbd47fc00a2c39e90264f33305004495a9","hash":"4b8bb65690f23a52c9bb64edb4905f0c4a53dc03"}
,"C:\\Users\\syeda\\Desktop\\Volunteer-Backend\\src\\models\\notificationModel.js": {"path":"C:\\Users\\syeda\\Desktop\\Volunteer-Backend\\src\\models\\notificationModel.js","statementMap":{"0":{"start":{"line":2,"column":17},"end":{"line":2,"column":36}},"1":{"start":{"line":5,"column":27},"end":{"line":11,"column":2}},"2":{"start":{"line":14,"column":21},"end":{"line":14,"column":71}},"3":{"start":{"line":17,"column":0},"end":{"line":17,"column":30}}},"fnMap":{},"branchMap":{},"s":{"0":3,"1":3,"2":3,"3":3},"f":{},"b":{},"_coverageSchema":"1a1c01bbd47fc00a2c39e90264f33305004495a9","hash":"9eecde47280fdf02c2861565551ece4c70100529"}
,"C:\\Users\\syeda\\Desktop\\Volunteer-Backend\\src\\models\\statesModel.js": {"path":"C:\\Users\\syeda\\Desktop\\Volunteer-Backend\\src\\models\\statesModel.js","statementMap":{"0":{"start":{"line":1,"column":17},"end":{"line":1,"column":36}},"1":{"start":{"line":3,"column":20},"end":{"line":13,"column":2}},"2":{"start":{"line":15,"column":14},"end":{"line":15,"column":50}},"3":{"start":{"line":17,"column":0},"end":{"line":17,"column":23}}},"fnMap":{},"branchMap":{},"s":{"0":2,"1":2,"2":2,"3":2},"f":{},"b":{},"_coverageSchema":"1a1c01bbd47fc00a2c39e90264f33305004495a9","hash":"ee9b26ee9ed2fe46a43d5951d2548166f41db39b"}
,"C:\\Users\\syeda\\Desktop\\Volunteer-Backend\\src\\models\\userModel.js": {"path":"C:\\Users\\syeda\\Desktop\\Volunteer-Backend\\src\\models\\userModel.js","statementMap":{"0":{"start":{"line":1,"column":17},"end":{"line":1,"column":36}},"1":{"start":{"line":3,"column":19},"end":{"line":7,"column":2}},"2":{"start":{"line":9,"column":13},"end":{"line":9,"column":47}},"3":{"start":{"line":10,"column":0},"end":{"line":10,"column":22}}},"fnMap":{},"branchMap":{},"s":{"0":3,"1":3,"2":3,"3":3},"f":{},"b":{},"_coverageSchema":"1a1c01bbd47fc00a2c39e90264f33305004495a9","hash":"11754f3d006b9b55f1e1a2d9f5c7697375aa0bcc"}
,"C:\\Users\\syeda\\Desktop\\Volunteer-Backend\\src\\models\\volunteerProfileModel.js": {"path":"C:\\Users\\syeda\\Desktop\\Volunteer-Backend\\src\\models\\volunteerProfileModel.js","statementMap":{"0":{"start":{"line":2,"column":17},"end":{"line":2,"column":36}},"1":{"start":{"line":5,"column":34},"end":{"line":13,"column":18}},"2":{"start":{"line":16,"column":31},"end":{"line":57,"column":2}},"3":{"start":{"line":60,"column":0},"end":{"line":60,"column":112}}},"fnMap":{},"branchMap":{"0":{"loc":{"start":{"line":60,"column":17},"end":{"line":60,"column":111}},"type":"binary-expr","locations":[{"start":{"line":60,"column":17},"end":{"line":60,"column":49}},{"start":{"line":60,"column":53},"end":{"line":60,"column":111}}],"line":60}},"s":{"0":5,"1":5,"2":5,"3":5},"f":{},"b":{"0":[5,5]},"_coverageSchema":"1a1c01bbd47fc00a2c39e90264f33305004495a9","hash":"f0d896a0fdce2aed303f6f082a31b29d85e6891d"}
,"C:\\Users\\syeda\\Desktop\\Volunteer-Backend\\src\\routes\\authRoutes.js": {"path":"C:\\Users\\syeda\\Desktop\\Volunteer-Backend\\src\\routes\\authRoutes.js","statementMap":{"0":{"start":{"line":2,"column":16},"end":{"line":2,"column":34}},"1":{"start":{"line":3,"column":37},"end":{"line":3,"column":77}},"2":{"start":{"line":4,"column":20},"end":{"line":4,"column":59}},"3":{"start":{"line":5,"column":15},"end":{"line":5,"column":31}},"4":{"start":{"line":8,"column":0},"end":{"line":8,"column":35}},"5":{"start":{"line":9,"column":0},"end":{"line":9,"column":29}},"6":{"start":{"line":10,"column":0},"end":{"line":10,"column":42}},"7":{"start":{"line":12,"column":0},"end":{"line":12,"column":24}}},"fnMap":{},"branchMap":{},"s":{"0":1,"1":1,"2":1,"3":1,"4":1,"5":1,"6":1,"7":1},"f":{},"b":{},"_coverageSchema":"1a1c01bbd47fc00a2c39e90264f33305004495a9","hash":"cd93728abaeb2bf98fa74af6ca985242342ec6f1"}
,"C:\\Users\\syeda\\Desktop\\Volunteer-Backend\\src\\routes\\eventRoutes.js": {"path":"C:\\Users\\syeda\\Desktop\\Volunteer-Backend\\src\\routes\\eventRoutes.js","statementMap":{"0":{"start":{"line":1,"column":16},"end":{"line":1,"column":34}},"1":{"start":{"line":4,"column":40},"end":{"line":4,"column":81}},"2":{"start":{"line":5,"column":20},"end":{"line":5,"column":59}},"3":{"start":{"line":6,"column":20},"end":{"line":6,"column":60}},"4":{"start":{"line":8,"column":15},"end":{"line":8,"column":31}},"5":{"start":{"line":12,"column":0},"end":{"line":12,"column":53}},"6":{"start":{"line":15,"column":0},"end":{"line":15,"column":62}},"7":{"start":{"line":18,"column":0},"end":{"line":18,"column":58}},"8":{"start":{"line":21,"column":0},"end":{"line":21,"column":58}},"9":{"start":{"line":24,"column":0},"end":{"line":24,"column":58}},"10":{"start":{"line":27,"column":0},"end":{"line":27,"column":64}},"11":{"start":{"line":30,"column":0},"end":{"line":30,"column":70}},"12":{"start":{"line":32,"column":0},"end":{"line":32,"column":53}},"13":{"start":{"line":34,"column":0},"end":{"line":34,"column":56}},"14":{"start":{"line":36,"column":0},"end":{"line":36,"column":48}},"15":{"start":{"line":38,"column":0},"end":{"line":38,"column":24}}},"fnMap":{},"branchMap":{},"s":{"0":1,"1":1,"2":1,"3":1,"4":1,"5":1,"6":1,"7":1,"8":1,"9":1,"10":1,"11":1,"12":1,"13":1,"14":1,"15":1},"f":{},"b":{},"_coverageSchema":"1a1c01bbd47fc00a2c39e90264f33305004495a9","hash":"39c039b89f769d36e0162bd6db236e40d34a22a8"}
,"C:\\Users\\syeda\\Desktop\\Volunteer-Backend\\src\\routes\\notificationRoutes.js": {"path":"C:\\Users\\syeda\\Desktop\\Volunteer-Backend\\src\\routes\\notificationRoutes.js","statementMap":{"0":{"start":{"line":3,"column":16},"end":{"line":3,"column":34}},"1":{"start":{"line":4,"column":21},"end":{"line":4,"column":59}},"2":{"start":{"line":5,"column":15},"end":{"line":5,"column":31}},"3":{"start":{"line":8,"column":0},"end":{"line":15,"column":3}},"4":{"start":{"line":9,"column":2},"end":{"line":14,"column":3}},"5":{"start":{"line":10,"column":26},"end":{"line":10,"column":101}},"6":{"start":{"line":11,"column":4},"end":{"line":11,"column":28}},"7":{"start":{"line":13,"column":4},"end":{"line":13,"column":68}},"8":{"start":{"line":18,"column":0},"end":{"line":18,"column":24}}},"fnMap":{"0":{"name":"(anonymous_0)","decl":{"start":{"line":8,"column":16},"end":{"line":8,"column":17}},"loc":{"start":{"line":8,"column":36},"end":{"line":15,"column":1}},"line":8}},"branchMap":{},"s":{"0":1,"1":1,"2":1,"3":1,"4":1,"5":1,"6":0,"7":1,"8":1},"f":{"0":1},"b":{},"_coverageSchema":"1a1c01bbd47fc00a2c39e90264f33305004495a9","hash":"e4100711f0b2f6d0d72ad9a9493d21b02a1f41ed"}
,"C:\\Users\\syeda\\Desktop\\Volunteer-Backend\\src\\routes\\reportRoutes.js": {"path":"C:\\Users\\syeda\\Desktop\\Volunteer-Backend\\src\\routes\\reportRoutes.js","statementMap":{"0":{"start":{"line":2,"column":16},"end":{"line":2,"column":34}},"1":{"start":{"line":3,"column":15},"end":{"line":3,"column":31}},"2":{"start":{"line":5,"column":68},"end":{"line":5,"column":110}},"3":{"start":{"line":6,"column":20},"end":{"line":6,"column":59}},"4":{"start":{"line":7,"column":20},"end":{"line":7,"column":60}},"5":{"start":{"line":9,"column":0},"end":{"line":9,"column":73}},"6":{"start":{"line":10,"column":0},"end":{"line":10,"column":65}},"7":{"start":{"line":11,"column":0},"end":{"line":11,"column":79}},"8":{"start":{"line":12,"column":0},"end":{"line":12,"column":79}},"9":{"start":{"line":13,"column":0},"end":{"line":13,"column":71}},"10":{"start":{"line":14,"column":0},"end":{"line":14,"column":71}},"11":{"start":{"line":15,"column":0},"end":{"line":15,"column":24}}},"fnMap":{},"branchMap":{},"s":{"0":1,"1":1,"2":1,"3":1,"4":1,"5":1,"6":1,"7":1,"8":1,"9":1,"10":1,"11":1},"f":{},"b":{},"_coverageSchema":"1a1c01bbd47fc00a2c39e90264f33305004495a9","hash":"57ca40b1f13b17da0a66952a3c9c8096bee37e48"}
,"C:\\Users\\syeda\\Desktop\\Volunteer-Backend\\src\\routes\\statesRoutes.js": {"path":"C:\\Users\\syeda\\Desktop\\Volunteer-Backend\\src\\routes\\statesRoutes.js","statementMap":{"0":{"start":{"line":1,"column":16},"end":{"line":1,"column":34}},"1":{"start":{"line":2,"column":25},"end":{"line":2,"column":67}},"2":{"start":{"line":3,"column":15},"end":{"line":3,"column":31}},"3":{"start":{"line":5,"column":0},"end":{"line":5,"column":30}},"4":{"start":{"line":7,"column":0},"end":{"line":7,"column":24}}},"fnMap":{},"branchMap":{},"s":{"0":1,"1":1,"2":1,"3":1,"4":1},"f":{},"b":{},"_coverageSchema":"1a1c01bbd47fc00a2c39e90264f33305004495a9","hash":"de4f878c64b58ed6393138c3ac355dafd0f05c86"}
,"C:\\Users\\syeda\\Desktop\\Volunteer-Backend\\src\\routes\\volunteerRoutes.js": {"path":"C:\\Users\\syeda\\Desktop\\Volunteer-Backend\\src\\routes\\volunteerRoutes.js","statementMap":{"0":{"start":{"line":2,"column":16},"end":{"line":2,"column":34}},"1":{"start":{"line":5,"column":44},"end":{"line":5,"column":89}},"2":{"start":{"line":6,"column":20},"end":{"line":6,"column":59}},"3":{"start":{"line":8,"column":15},"end":{"line":8,"column":31}},"4":{"start":{"line":11,"column":0},"end":{"line":11,"column":57}},"5":{"start":{"line":14,"column":0},"end":{"line":14,"column":60}},"6":{"start":{"line":17,"column":0},"end":{"line":17,"column":57}},"7":{"start":{"line":20,"column":0},"end":{"line":20,"column":77}},"8":{"start":{"line":23,"column":0},"end":{"line":23,"column":70}},"9":{"start":{"line":26,"column":0},"end":{"line":26,"column":79}},"10":{"start":{"line":29,"column":0},"end":{"line":29,"column":63}},"11":{"start":{"line":32,"column":0},"end":{"line":32,"column":58}},"12":{"start":{"line":35,"column":0},"end":{"line":35,"column":24}}},"fnMap":{},"branchMap":{},"s":{"0":1,"1":1,"2":1,"3":1,"4":1,"5":1,"6":1,"7":1,"8":1,"9":1,"10":1,"11":1,"12":1},"f":{},"b":{},"_coverageSchema":"1a1c01bbd47fc00a2c39e90264f33305004495a9","hash":"93c81aedb44ee624fee859d44e6852a1c6138b80"}
,"C:\\Users\\syeda\\Desktop\\Volunteer-Backend\\src\\utils\\dateUtils.js": {"path":"C:\\Users\\syeda\\Desktop\\Volunteer-Backend\\src\\utils\\dateUtils.js","statementMap":{"0":{"start":{"line":1,"column":25},"end":{"line":8,"column":3}},"1":{"start":{"line":2,"column":26},"end":{"line":2,"column":91}},"2":{"start":{"line":3,"column":24},"end":{"line":3,"column":87}},"3":{"start":{"line":4,"column":25},"end":{"line":4,"column":88}},"4":{"start":{"line":5,"column":23},"end":{"line":5,"column":84}},"5":{"start":{"line":7,"column":4},"end":{"line":7,"column":68}},"6":{"start":{"line":10,"column":2},"end":{"line":10,"column":40}}},"fnMap":{"0":{"name":"(anonymous_0)","decl":{"start":{"line":1,"column":25},"end":{"line":1,"column":26}},"loc":{"start":{"line":1,"column":56},"end":{"line":8,"column":3}},"line":1}},"branchMap":{"0":{"loc":{"start":{"line":2,"column":59},"end":{"line":2,"column":88}},"type":"binary-expr","locations":[{"start":{"line":2,"column":59},"end":{"line":2,"column":77}},{"start":{"line":2,"column":81},"end":{"line":2,"column":88}}],"line":2},"1":{"loc":{"start":{"line":3,"column":57},"end":{"line":3,"column":84}},"type":"binary-expr","locations":[{"start":{"line":3,"column":57},"end":{"line":3,"column":73}},{"start":{"line":3,"column":77},"end":{"line":3,"column":84}}],"line":3},"2":{"loc":{"start":{"line":4,"column":57},"end":{"line":4,"column":85}},"type":"binary-expr","locations":[{"start":{"line":4,"column":57},"end":{"line":4,"column":74}},{"start":{"line":4,"column":78},"end":{"line":4,"column":85}}],"line":4},"3":{"loc":{"start":{"line":5,"column":55},"end":{"line":5,"column":81}},"type":"binary-expr","locations":[{"start":{"line":5,"column":55},"end":{"line":5,"column":70}},{"start":{"line":5,"column":74},"end":{"line":5,"column":81}}],"line":5},"4":{"loc":{"start":{"line":7,"column":11},"end":{"line":7,"column":67}},"type":"binary-expr","locations":[{"start":{"line":7,"column":11},"end":{"line":7,"column":37}},{"start":{"line":7,"column":41},"end":{"line":7,"column":67}}],"line":7}},"s":{"0":3,"1":5,"2":5,"3":5,"4":5,"5":5,"6":3},"f":{"0":5},"b":{"0":[5,1],"1":[5,1],"2":[5,1],"3":[5,1],"4":[5,5]},"_coverageSchema":"1a1c01bbd47fc00a2c39e90264f33305004495a9","hash":"908e3a4af7ae37842b874d42384bb480ad344568"}
}
