TN:
SF:src\controllers\eventController.js
FN:3,(anonymous_0)
FNF:1
FNH:1
FNDA:3,(anonymous_0)
DA:1,1
DA:3,1
DA:4,3
DA:5,3
DA:19,3
DA:21,3
DA:22,1
DA:25,2
DA:40,2
DA:41,1
DA:42,1
DA:44,1
DA:45,1
DA:49,1
LF:14
LH:14
BRDA:21,0,0,1
BRDA:21,0,1,2
BRDA:21,1,0,3
BRDA:21,1,1,2
BRDA:21,1,2,2
BRDA:21,1,3,2
BRDA:21,1,4,2
BRDA:21,1,5,2
BRDA:21,1,6,2
BRDA:21,1,7,2
BRF:10
BRH:10
end_of_record
TN:
SF:src\controllers\userController.js
FN:5,(anonymous_0)
FN:38,(anonymous_1)
FNF:2
FNH:1
FNDA:4,(anonymous_0)
FNDA:0,(anonymous_1)
DA:1,1
DA:2,1
DA:3,1
DA:5,1
DA:6,4
DA:8,4
DA:10,4
DA:11,3
DA:12,1
DA:16,2
DA:17,1
DA:18,1
DA:19,1
DA:24,1
DA:27,1
DA:28,1
DA:30,1
DA:32,1
DA:33,1
DA:38,1
DA:39,0
DA:42,1
LF:22
LH:21
BRDA:11,0,0,1
BRDA:11,0,1,2
BRDA:16,1,0,1
BRDA:16,1,1,1
BRDA:18,2,0,1
BRDA:18,2,1,0
BRF:6
BRH:5
end_of_record
TN:
SF:src\models\adminModel.js
FNF:0
FNH:0
DA:1,1
DA:3,1
DA:7,1
DA:9,1
LF:4
LH:4
BRF:0
BRH:0
end_of_record
TN:
SF:src\models\eventModel.js
FNF:0
FNH:0
DA:1,2
DA:3,2
DA:19,2
DA:21,2
LF:4
LH:4
BRF:0
BRH:0
end_of_record
TN:
SF:src\models\userModel.js
FNF:0
FNH:0
DA:1,1
DA:3,1
DA:9,1
DA:11,1
LF:4
LH:4
BRF:0
BRH:0
end_of_record
