TN:
SF:server.js
FN:42,(anonymous_0)
FN:43,(anonymous_1)
FN:47,(anonymous_2)
FNF:3
FNH:1
FNDA:1,(anonymous_0)
FNDA:0,(anonymous_1)
FNDA:0,(anonymous_2)
DA:2,2
DA:3,2
DA:4,2
DA:5,2
DA:6,2
DA:7,2
DA:9,2
DA:12,2
DA:13,2
DA:15,2
DA:16,2
DA:17,2
DA:20,2
DA:21,2
DA:22,2
DA:23,2
DA:24,2
DA:25,2
DA:26,2
DA:27,2
DA:30,2
DA:31,2
DA:32,2
DA:33,2
DA:34,2
DA:35,2
DA:36,2
DA:37,2
DA:41,2
DA:42,1
DA:43,0
DA:47,2
DA:48,0
DA:49,0
DA:52,0
DA:54,0
DA:56,0
DA:64,0
DA:66,0
DA:73,2
DA:77,2
LF:41
LH:33
BRDA:73,0,0,2
BRDA:73,0,1,0
BRF:2
BRH:1
end_of_record
TN:
SF:src\controllers\authController.js
FN:12,(anonymous_0)
FN:67,(anonymous_1)
FN:93,(anonymous_2)
FNF:3
FNH:3
FNDA:5,(anonymous_0)
FNDA:4,(anonymous_1)
FNDA:4,(anonymous_2)
DA:2,3
DA:3,3
DA:4,3
DA:5,3
DA:6,3
DA:9,3
DA:12,3
DA:13,5
DA:14,5
DA:16,5
DA:17,2
DA:20,1
DA:22,0
DA:23,0
DA:27,1
DA:30,1
DA:31,1
DA:34,1
DA:35,1
DA:52,1
DA:56,1
DA:60,1
DA:62,3
DA:67,3
DA:68,4
DA:69,4
DA:71,4
DA:72,3
DA:73,1
DA:77,2
DA:78,2
DA:79,0
DA:83,2
DA:87,2
DA:89,1
DA:93,3
DA:94,4
DA:96,4
DA:97,0
DA:100,4
DA:101,2
DA:102,1
DA:104,1
DA:106,2
DA:107,2
DA:111,3
LF:46
LH:42
BRDA:17,0,0,1
BRDA:17,0,1,1
BRDA:20,1,0,0
BRDA:20,1,1,1
BRDA:23,2,0,0
BRDA:23,2,1,0
BRDA:34,3,0,1
BRDA:34,3,1,0
BRDA:72,4,0,1
BRDA:72,4,1,2
BRDA:78,5,0,0
BRDA:78,5,1,2
BRDA:96,6,0,0
BRDA:96,6,1,4
BRDA:96,7,0,4
BRDA:96,7,1,4
BRDA:101,8,0,1
BRDA:101,8,1,1
BRF:18
BRH:12
end_of_record
TN:
SF:src\controllers\eventController.js
FN:14,(anonymous_0)
FN:72,(anonymous_1)
FN:111,(anonymous_2)
FN:128,(anonymous_3)
FN:138,(anonymous_4)
FN:148,(anonymous_5)
FN:167,(anonymous_6)
FN:189,(anonymous_7)
FN:190,(anonymous_8)
FN:194,(anonymous_9)
FN:204,(anonymous_10)
FN:206,(anonymous_11)
FN:210,(anonymous_12)
FN:250,(anonymous_13)
FN:261,(anonymous_14)
FN:269,(anonymous_15)
FN:290,(anonymous_16)
FN:307,(anonymous_17)
FN:335,(anonymous_18)
FN:345,(anonymous_19)
FN:359,(anonymous_20)
FN:369,(anonymous_21)
FN:380,(anonymous_22)
FN:387,(anonymous_23)
FN:403,(anonymous_24)
FN:406,(anonymous_25)
FN:416,(anonymous_26)
FN:421,(anonymous_27)
FN:431,(anonymous_28)
FN:436,(anonymous_29)
FN:447,(anonymous_30)
FN:463,(anonymous_31)
FN:463,(anonymous_32)
FN:474,(anonymous_33)
FNF:34
FNH:12
FNDA:1,(anonymous_0)
FNDA:1,(anonymous_1)
FNDA:1,(anonymous_2)
FNDA:0,(anonymous_3)
FNDA:0,(anonymous_4)
FNDA:0,(anonymous_5)
FNDA:1,(anonymous_6)
FNDA:0,(anonymous_7)
FNDA:0,(anonymous_8)
FNDA:0,(anonymous_9)
FNDA:0,(anonymous_10)
FNDA:0,(anonymous_11)
FNDA:0,(anonymous_12)
FNDA:0,(anonymous_13)
FNDA:0,(anonymous_14)
FNDA:0,(anonymous_15)
FNDA:0,(anonymous_16)
FNDA:0,(anonymous_17)
FNDA:1,(anonymous_18)
FNDA:1,(anonymous_19)
FNDA:1,(anonymous_20)
FNDA:0,(anonymous_21)
FNDA:0,(anonymous_22)
FNDA:0,(anonymous_23)
FNDA:0,(anonymous_24)
FNDA:0,(anonymous_25)
FNDA:1,(anonymous_26)
FNDA:0,(anonymous_27)
FNDA:1,(anonymous_28)
FNDA:0,(anonymous_29)
FNDA:1,(anonymous_30)
FNDA:2,(anonymous_31)
FNDA:2,(anonymous_32)
FNDA:0,(anonymous_33)
DA:8,3
DA:9,3
DA:10,3
DA:11,3
DA:12,3
DA:14,3
DA:15,1
DA:16,1
DA:17,1
DA:20,1
DA:21,0
DA:22,0
DA:26,1
DA:27,0
DA:28,0
DA:31,1
DA:49,1
DA:50,1
DA:54,1
DA:60,1
DA:65,1
DA:67,0
DA:68,0
DA:72,3
DA:73,1
DA:74,1
DA:76,1
DA:78,1
DA:100,1
DA:101,0
DA:104,1
DA:106,0
DA:107,0
DA:111,3
DA:112,1
DA:114,1
DA:115,1
DA:117,1
DA:118,0
DA:121,1
DA:123,0
DA:124,0
DA:128,3
DA:129,0
DA:130,0
DA:133,0
DA:134,0
DA:135,0
DA:138,0
DA:139,0
DA:140,0
DA:145,0
DA:148,0
DA:149,0
DA:150,0
DA:155,0
DA:158,0
DA:159,0
DA:160,0
DA:161,0
DA:164,0
DA:167,3
DA:168,1
DA:170,1
DA:171,1
DA:172,1
DA:175,0
DA:176,0
DA:177,0
DA:178,0
DA:179,0
DA:182,0
DA:183,0
DA:186,0
DA:189,0
DA:190,0
DA:191,0
DA:193,0
DA:194,0
DA:195,0
DA:197,0
DA:199,0
DA:200,0
DA:204,0
DA:205,0
DA:206,0
DA:207,0
DA:209,0
DA:210,0
DA:211,0
DA:213,0
DA:215,0
DA:216,0
DA:224,0
DA:225,0
DA:229,0
DA:232,0
DA:233,0
DA:236,0
DA:237,0
DA:239,0
DA:244,0
DA:245,0
DA:250,3
DA:251,0
DA:252,0
DA:254,0
DA:255,0
DA:256,0
DA:257,0
DA:261,0
DA:262,0
DA:263,0
DA:267,0
DA:268,0
DA:269,0
DA:273,0
DA:274,0
DA:275,0
DA:278,0
DA:280,0
DA:281,0
DA:283,0
DA:285,0
DA:286,0
DA:290,3
DA:291,0
DA:292,0
DA:294,0
DA:296,0
DA:297,0
DA:300,0
DA:301,0
DA:302,0
DA:303,0
DA:307,0
DA:310,0
DA:311,0
DA:314,0
DA:317,0
DA:318,0
DA:319,0
DA:323,0
DA:324,0
DA:325,0
DA:328,0
DA:330,0
DA:331,0
DA:335,3
DA:336,1
DA:338,1
DA:339,1
DA:340,1
DA:341,0
DA:345,1
DA:348,1
DA:349,1
DA:352,1
DA:355,1
DA:356,1
DA:357,0
DA:359,1
DA:360,1
DA:362,1
DA:364,0
DA:365,0
DA:369,3
DA:370,0
DA:372,0
DA:374,0
DA:375,0
DA:376,0
DA:380,0
DA:381,0
DA:382,0
DA:386,0
DA:387,0
DA:391,0
DA:394,0
DA:396,0
DA:398,0
DA:399,0
DA:403,3
DA:404,0
DA:405,0
DA:406,0
DA:410,0
DA:412,0
DA:416,3
DA:417,1
DA:418,1
DA:419,1
DA:421,0
DA:425,0
DA:427,1
DA:431,3
DA:432,1
DA:433,1
DA:434,1
DA:436,0
DA:440,0
DA:442,1
DA:447,3
DA:448,1
DA:449,1
DA:452,1
DA:455,1
DA:456,0
DA:460,1
DA:463,2
DA:466,1
DA:468,0
DA:469,0
DA:474,3
DA:475,0
DA:476,0
DA:477,0
DA:478,0
DA:480,0
DA:484,3
LF:220
LH:74
BRDA:20,0,0,0
BRDA:20,0,1,1
BRDA:20,1,0,1
BRDA:20,1,1,1
BRDA:20,1,2,1
BRDA:20,1,3,1
BRDA:20,1,4,1
BRDA:20,1,5,1
BRDA:20,1,6,1
BRDA:20,1,7,1
BRDA:20,1,8,1
BRDA:20,1,9,1
BRDA:20,1,10,1
BRDA:26,2,0,0
BRDA:26,2,1,1
BRDA:100,3,0,0
BRDA:100,3,1,1
BRDA:117,4,0,0
BRDA:117,4,1,1
BRDA:129,5,0,0
BRDA:129,5,1,0
BRDA:129,6,0,0
BRDA:129,6,1,0
BRDA:129,6,2,0
BRDA:129,6,3,0
BRDA:140,7,0,0
BRDA:140,7,1,0
BRDA:140,7,2,0
BRDA:140,7,3,0
BRDA:145,8,0,0
BRDA:145,8,1,0
BRDA:150,9,0,0
BRDA:150,9,1,0
BRDA:150,9,2,0
BRDA:150,9,3,0
BRDA:155,10,0,0
BRDA:155,10,1,0
BRDA:160,11,0,0
BRDA:160,11,1,0
BRDA:160,12,0,0
BRDA:160,12,1,0
BRDA:160,12,2,0
BRDA:161,13,0,0
BRDA:161,13,1,0
BRDA:170,14,0,1
BRDA:170,14,1,0
BRDA:170,15,0,1
BRDA:170,15,1,1
BRDA:177,16,0,0
BRDA:177,16,1,0
BRDA:182,17,0,0
BRDA:182,17,1,0
BRDA:191,18,0,0
BRDA:191,18,1,0
BRDA:200,19,0,0
BRDA:200,19,1,0
BRDA:200,19,2,0
BRDA:217,20,0,0
BRDA:217,20,1,0
BRDA:217,20,2,0
BRDA:217,20,3,0
BRDA:217,20,4,0
BRDA:256,21,0,0
BRDA:256,21,1,0
BRDA:262,22,0,0
BRDA:262,22,1,0
BRDA:274,23,0,0
BRDA:274,23,1,0
BRDA:296,24,0,0
BRDA:296,24,1,0
BRDA:302,25,0,0
BRDA:302,25,1,0
BRDA:310,26,0,0
BRDA:310,26,1,0
BRDA:318,27,0,0
BRDA:318,27,1,0
BRDA:323,28,0,0
BRDA:323,28,1,0
BRDA:340,29,0,0
BRDA:340,29,1,1
BRDA:348,30,0,1
BRDA:348,30,1,0
BRDA:356,31,0,0
BRDA:356,31,1,1
BRDA:375,32,0,0
BRDA:375,32,1,0
BRDA:381,33,0,0
BRDA:381,33,1,0
BRDA:455,34,0,0
BRDA:455,34,1,1
BRF:90
BRH:22
end_of_record
TN:
SF:src\controllers\reportController.js
FN:8,(anonymous_0)
FN:22,(anonymous_1)
FN:41,(anonymous_2)
FN:49,(anonymous_3)
FN:53,(anonymous_4)
FN:54,(anonymous_5)
FN:69,(anonymous_6)
FN:89,(anonymous_7)
FN:92,(anonymous_8)
FN:93,(anonymous_9)
FN:104,(anonymous_10)
FN:117,(anonymous_11)
FN:121,(anonymous_12)
FN:137,(anonymous_13)
FN:160,(anonymous_14)
FN:165,(anonymous_15)
FNF:16
FNH:10
FNDA:2,(anonymous_0)
FNDA:2,(anonymous_1)
FNDA:2,(anonymous_2)
FNDA:0,(anonymous_3)
FNDA:0,(anonymous_4)
FNDA:0,(anonymous_5)
FNDA:2,(anonymous_6)
FNDA:0,(anonymous_7)
FNDA:0,(anonymous_8)
FNDA:0,(anonymous_9)
FNDA:2,(anonymous_10)
FNDA:1,(anonymous_11)
FNDA:1,(anonymous_12)
FNDA:2,(anonymous_13)
FNDA:1,(anonymous_14)
FNDA:1,(anonymous_15)
DA:2,3
DA:3,3
DA:5,3
DA:6,3
DA:8,3
DA:9,2
DA:10,2
DA:15,0
DA:17,2
DA:18,2
DA:22,3
DA:23,2
DA:24,2
DA:34,1
DA:36,1
DA:37,1
DA:41,3
DA:42,2
DA:43,2
DA:49,0
DA:53,0
DA:54,0
DA:57,0
DA:58,0
DA:60,0
DA:61,0
DA:62,0
DA:64,2
DA:65,2
DA:69,3
DA:70,2
DA:71,2
DA:76,0
DA:77,0
DA:79,0
DA:81,0
DA:82,0
DA:84,0
DA:86,0
DA:87,0
DA:89,0
DA:90,0
DA:91,0
DA:92,0
DA:93,0
DA:94,0
DA:97,0
DA:99,2
DA:100,2
DA:104,3
DA:105,2
DA:106,2
DA:117,1
DA:121,1
DA:125,1
DA:126,1
DA:128,1
DA:129,1
DA:130,1
DA:132,1
DA:133,1
DA:137,3
DA:138,2
DA:139,2
DA:149,1
DA:150,1
DA:151,1
DA:152,1
DA:153,1
DA:155,1
DA:157,1
DA:158,1
DA:160,1
DA:161,1
DA:162,1
DA:163,1
DA:165,1
DA:168,1
DA:171,1
DA:173,1
DA:174,1
DA:178,3
LF:82
LH:58
BRF:0
BRH:0
end_of_record
TN:
SF:src\controllers\skillController.js
FN:5,(anonymous_0)
FN:15,(anonymous_1)
FNF:2
FNH:2
FNDA:2,(anonymous_0)
FNDA:4,(anonymous_1)
DA:2,2
DA:5,2
DA:6,2
DA:7,2
DA:8,1
DA:10,1
DA:15,2
DA:16,4
DA:18,4
DA:19,1
DA:22,3
DA:24,3
DA:25,3
DA:26,1
DA:29,2
DA:30,2
DA:31,2
DA:33,0
LF:18
LH:17
BRDA:18,0,0,1
BRDA:18,0,1,3
BRDA:25,1,0,1
BRDA:25,1,1,2
BRF:4
BRH:4
end_of_record
TN:
SF:src\controllers\statesController.js
FN:4,(anonymous_0)
FNF:1
FNH:1
FNDA:2,(anonymous_0)
DA:2,3
DA:4,3
DA:5,2
DA:6,2
DA:7,2
DA:8,1
DA:10,1
DA:11,1
LF:8
LH:8
BRF:0
BRH:0
end_of_record
TN:
SF:src\controllers\volcardsController.js
FN:5,(anonymous_0)
FNF:1
FNH:1
FNDA:3,(anonymous_0)
DA:1,3
DA:2,3
DA:5,3
DA:6,3
DA:8,3
DA:10,3
DA:15,2
DA:16,1
DA:20,1
DA:25,1
DA:26,1
DA:30,3
LF:12
LH:12
BRDA:15,0,0,1
BRDA:15,0,1,1
BRF:2
BRH:2
end_of_record
TN:
SF:src\controllers\volunteerController.js
FN:7,(anonymous_0)
FN:13,(anonymous_1)
FN:43,(anonymous_2)
FN:94,(anonymous_3)
FN:112,(anonymous_4)
FN:127,(anonymous_5)
FN:158,(anonymous_6)
FN:178,(anonymous_7)
FN:187,(anonymous_8)
FN:189,(anonymous_9)
FN:203,(anonymous_10)
FN:223,(anonymous_11)
FN:232,(anonymous_12)
FN:234,(anonymous_13)
FN:248,(anonymous_14)
FN:276,(anonymous_15)
FN:282,(anonymous_16)
FN:287,(anonymous_17)
FN:314,(anonymous_18)
FN:321,(anonymous_19)
FN:326,(anonymous_20)
FN:361,(anonymous_21)
FNF:22
FNH:4
FNDA:0,(anonymous_0)
FNDA:2,(anonymous_1)
FNDA:2,(anonymous_2)
FNDA:2,(anonymous_3)
FNDA:0,(anonymous_4)
FNDA:2,(anonymous_5)
FNDA:0,(anonymous_6)
FNDA:0,(anonymous_7)
FNDA:0,(anonymous_8)
FNDA:0,(anonymous_9)
FNDA:0,(anonymous_10)
FNDA:0,(anonymous_11)
FNDA:0,(anonymous_12)
FNDA:0,(anonymous_13)
FNDA:0,(anonymous_14)
FNDA:0,(anonymous_15)
FNDA:0,(anonymous_16)
FNDA:0,(anonymous_17)
FNDA:0,(anonymous_18)
FNDA:0,(anonymous_19)
FNDA:0,(anonymous_20)
FNDA:0,(anonymous_21)
DA:2,3
DA:3,3
DA:5,3
DA:7,3
DA:8,3
DA:13,3
DA:14,2
DA:15,2
DA:17,2
DA:18,2
DA:19,1
DA:23,1
DA:24,0
DA:25,0
DA:29,0
DA:35,0
DA:37,1
DA:38,1
DA:43,3
DA:44,2
DA:45,2
DA:58,2
DA:60,2
DA:61,2
DA:63,2
DA:64,1
DA:68,1
DA:69,1
DA:70,1
DA:71,1
DA:72,1
DA:73,0
DA:74,0
DA:75,0
DA:76,0
DA:77,0
DA:78,0
DA:81,0
DA:83,0
DA:85,0
DA:87,1
DA:88,1
DA:94,3
DA:95,2
DA:96,2
DA:97,2
DA:100,2
DA:105,1
DA:106,0
DA:107,0
DA:111,1
DA:112,1
DA:113,0
DA:114,0
DA:117,0
DA:118,0
DA:120,2
DA:121,2
DA:127,3
DA:128,2
DA:129,2
DA:131,2
DA:132,2
DA:133,2
DA:136,1
DA:137,0
DA:138,0
DA:140,0
DA:141,0
DA:146,0
DA:147,0
DA:149,0
DA:151,1
DA:152,1
DA:158,3
DA:159,0
DA:160,0
DA:162,0
DA:163,0
DA:164,0
DA:167,0
DA:168,0
DA:169,0
DA:170,0
DA:178,0
DA:184,0
DA:188,0
DA:189,0
DA:194,0
DA:195,0
DA:197,0
DA:198,0
DA:203,3
DA:204,0
DA:205,0
DA:207,0
DA:208,0
DA:209,0
DA:212,0
DA:213,0
DA:214,0
DA:215,0
DA:223,0
DA:229,0
DA:233,0
DA:234,0
DA:239,0
DA:240,0
DA:242,0
DA:243,0
DA:248,3
DA:249,0
DA:256,0
DA:258,0
DA:259,0
DA:260,0
DA:263,0
DA:264,0
DA:268,0
DA:269,0
DA:270,0
DA:274,0
DA:275,0
DA:276,0
DA:281,0
DA:282,0
DA:283,0
DA:284,0
DA:286,0
DA:287,0
DA:289,0
DA:290,0
DA:297,0
DA:301,0
DA:312,0
DA:313,0
DA:314,0
DA:317,0
DA:320,0
DA:321,0
DA:322,0
DA:323,0
DA:325,0
DA:326,0
DA:328,0
DA:329,0
DA:337,0
DA:348,0
DA:350,0
DA:355,0
DA:356,0
DA:361,3
DA:362,0
DA:363,0
DA:365,0
DA:366,0
DA:367,0
DA:370,0
DA:374,0
DA:375,0
DA:380,3
LF:161
LH:53
BRDA:18,0,0,1
BRDA:18,0,1,1
BRDA:24,1,0,0
BRDA:24,1,1,0
BRDA:63,2,0,1
BRDA:63,2,1,1
BRDA:68,3,0,1
BRDA:68,3,1,1
BRDA:69,4,0,1
BRDA:69,4,1,1
BRDA:70,5,0,1
BRDA:70,5,1,1
BRDA:71,6,0,1
BRDA:71,6,1,1
BRDA:72,7,0,1
BRDA:72,7,1,1
BRDA:73,8,0,0
BRDA:73,8,1,0
BRDA:74,9,0,0
BRDA:74,9,1,0
BRDA:75,10,0,0
BRDA:75,10,1,0
BRDA:76,11,0,0
BRDA:76,11,1,0
BRDA:77,12,0,0
BRDA:77,12,1,0
BRDA:78,13,0,0
BRDA:78,13,1,0
BRDA:105,14,0,0
BRDA:105,14,1,1
BRDA:133,15,0,1
BRDA:133,15,1,1
BRDA:137,16,0,0
BRDA:137,16,1,0
BRDA:137,17,0,0
BRDA:137,17,1,0
BRDA:137,17,2,0
BRDA:137,17,3,0
BRDA:140,18,0,0
BRDA:140,18,1,0
BRDA:140,19,0,0
BRDA:140,19,1,0
BRDA:140,19,2,0
BRDA:164,20,0,0
BRDA:164,20,1,0
BRDA:169,21,0,0
BRDA:169,21,1,0
BRDA:209,22,0,0
BRDA:209,22,1,0
BRDA:214,23,0,0
BRDA:214,23,1,0
BRDA:260,24,0,0
BRDA:260,24,1,0
BRDA:263,25,0,0
BRDA:263,25,1,0
BRDA:268,26,0,0
BRDA:268,26,1,0
BRDA:274,27,0,0
BRDA:274,27,1,0
BRDA:274,28,0,0
BRDA:274,28,1,0
BRDA:281,29,0,0
BRDA:281,29,1,0
BRDA:284,30,0,0
BRDA:284,30,1,0
BRDA:284,31,0,0
BRDA:284,31,1,0
BRDA:289,32,0,0
BRDA:289,32,1,0
BRDA:294,33,0,0
BRDA:294,33,1,0
BRDA:303,34,0,0
BRDA:303,34,1,0
BRDA:304,35,0,0
BRDA:304,35,1,0
BRDA:305,36,0,0
BRDA:305,36,1,0
BRDA:312,37,0,0
BRDA:312,37,1,0
BRDA:312,38,0,0
BRDA:312,38,1,0
BRDA:320,39,0,0
BRDA:320,39,1,0
BRDA:323,40,0,0
BRDA:323,40,1,0
BRDA:328,41,0,0
BRDA:328,41,1,0
BRDA:366,42,0,0
BRDA:366,42,1,0
BRF:89
BRH:17
end_of_record
TN:
SF:src\middleware\adminMiddleware.js
FN:2,(anonymous_0)
FNF:1
FNH:1
FNDA:3,(anonymous_0)
DA:2,3
DA:3,3
DA:4,1
DA:6,2
DA:10,3
LF:5
LH:5
BRDA:3,0,0,1
BRDA:3,0,1,2
BRDA:3,1,0,3
BRDA:3,1,1,3
BRF:4
BRH:4
end_of_record
TN:
SF:src\middleware\authMiddleware.js
FN:4,(anonymous_0)
FN:22,(anonymous_1)
FNF:2
FNH:2
FNDA:4,(anonymous_0)
FNDA:2,(anonymous_1)
DA:2,3
DA:4,3
DA:5,4
DA:8,4
DA:9,1
DA:12,3
DA:15,3
DA:16,1
DA:19,2
DA:22,2
DA:23,2
DA:24,1
DA:28,1
DA:31,1
DA:35,3
LF:15
LH:15
BRDA:8,0,0,1
BRDA:8,0,1,3
BRDA:15,1,0,1
BRDA:15,1,1,2
BRDA:15,2,0,3
BRDA:15,2,1,2
BRDA:23,3,0,1
BRDA:23,3,1,1
BRF:8
BRH:8
end_of_record
TN:
SF:src\models\eventModel.js
FNF:0
FNH:0
DA:2,5
DA:4,5
DA:24,5
DA:26,5
LF:4
LH:4
BRF:0
BRH:0
end_of_record
TN:
SF:src\models\notificationModel.js
FNF:0
FNH:0
DA:2,4
DA:5,4
DA:14,4
DA:17,4
LF:4
LH:4
BRF:0
BRH:0
end_of_record
TN:
SF:src\models\skillModel.js
FNF:0
FNH:0
DA:2,2
DA:4,2
DA:13,2
LF:3
LH:3
BRF:0
BRH:0
end_of_record
TN:
SF:src\models\statesModel.js
FNF:0
FNH:0
DA:1,3
DA:3,3
DA:15,3
DA:17,3
LF:4
LH:4
BRF:0
BRH:0
end_of_record
TN:
SF:src\models\userModel.js
FNF:0
FNH:0
DA:1,4
DA:3,4
DA:9,4
DA:10,4
LF:4
LH:4
BRF:0
BRH:0
end_of_record
TN:
SF:src\models\volunteerProfileModel.js
FNF:0
FNH:0
DA:2,7
DA:5,7
DA:16,7
DA:59,7
LF:4
LH:4
BRDA:59,0,0,7
BRDA:59,0,1,7
BRF:2
BRH:2
end_of_record
TN:
SF:src\routes\authRoutes.js
FNF:0
FNH:0
DA:2,2
DA:3,2
DA:4,2
DA:5,2
DA:8,2
DA:9,2
DA:10,2
DA:12,2
LF:8
LH:8
BRF:0
BRH:0
end_of_record
TN:
SF:src\routes\eventRoutes.js
FNF:0
FNH:0
DA:1,2
DA:4,2
DA:6,2
DA:7,2
DA:9,2
DA:11,2
DA:13,2
DA:15,2
DA:17,2
DA:19,2
DA:21,2
DA:23,2
DA:25,2
DA:27,2
DA:29,2
DA:31,2
DA:33,2
DA:35,2
DA:37,2
LF:19
LH:19
BRF:0
BRH:0
end_of_record
TN:
SF:src\routes\notificationRoutes.js
FN:8,(anonymous_0)
FNF:1
FNH:1
FNDA:1,(anonymous_0)
DA:3,2
DA:4,2
DA:5,2
DA:8,2
DA:9,1
DA:10,1
DA:11,0
DA:13,1
DA:18,2
LF:9
LH:8
BRF:0
BRH:0
end_of_record
TN:
SF:src\routes\reportRoutes.js
FNF:0
FNH:0
DA:2,2
DA:3,2
DA:5,2
DA:6,2
DA:7,2
DA:9,2
DA:10,2
DA:11,2
DA:12,2
DA:13,2
DA:14,2
DA:15,2
LF:12
LH:12
BRF:0
BRH:0
end_of_record
TN:
SF:src\routes\skillRoutes.js
FNF:0
FNH:0
DA:2,2
DA:3,2
DA:4,2
DA:7,2
DA:8,2
DA:10,2
LF:6
LH:6
BRF:0
BRH:0
end_of_record
TN:
SF:src\routes\statesRoutes.js
FNF:0
FNH:0
DA:2,2
DA:3,2
DA:4,2
DA:6,2
DA:8,2
LF:5
LH:5
BRF:0
BRH:0
end_of_record
TN:
SF:src\routes\volcardsRoutes.js
FNF:0
FNH:0
DA:1,2
DA:2,2
DA:4,2
DA:5,2
DA:7,2
DA:10,2
DA:12,2
LF:7
LH:7
BRF:0
BRH:0
end_of_record
TN:
SF:src\routes\volunteerRoutes.js
FNF:0
FNH:0
DA:2,3
DA:5,3
DA:6,3
DA:8,3
DA:11,3
DA:14,3
DA:17,3
DA:20,3
DA:23,3
DA:26,3
DA:29,3
DA:32,3
DA:35,3
LF:13
LH:13
BRF:0
BRH:0
end_of_record
TN:
SF:src\utils\dateUtils.js
FN:1,(anonymous_0)
FNF:1
FNH:1
FNDA:5,(anonymous_0)
DA:1,4
DA:2,5
DA:3,5
DA:4,5
DA:5,5
DA:7,5
DA:10,4
LF:7
LH:7
BRDA:2,0,0,5
BRDA:2,0,1,1
BRDA:3,1,0,5
BRDA:3,1,1,1
BRDA:4,2,0,5
BRDA:4,2,1,1
BRDA:5,3,0,5
BRDA:5,3,1,1
BRDA:7,4,0,5
BRDA:7,4,1,5
BRF:10
BRH:10
end_of_record
